#
# A fatal error has been detected by the Java Runtime Environment:
#
#  EXCEPTION_ACCESS_VIOLATION (0xc0000005) at pc=0x00007ff9055aff1d, pid=24440, tid=25256
#
# JRE version: Java(TM) SE Runtime Environment (16.0+36) (build 16+36-2231)
# Java VM: Java HotSpot(TM) 64-Bit Server VM (16+36-2231, mixed mode, sharing, tiered, compressed oops, g1 gc, windows-amd64)
# Problematic frame:
# C  0x00007ff9055aff1d
#
# No core dump will be written. Minidumps are not enabled by default on client versions of Windows
#
# If you would like to submit a bug report, please visit:
#   https://bugreport.java.com/bugreport/crash.jsp
# The crash happened outside the Java Virtual Machine in native code.
# See problematic frame for where to report the bug.
#

---------------  S U M M A R Y ------------

Command Line: -agentlib:jdwp=transport=dt_socket,address=127.0.0.1:65281,suspend=y,server=n -Dfile.encoding=UTF-8 chat.uMessage

Host: Intel(R) Core(TM) i7-6700K CPU @ 4.00GHz, 8 cores, 31G,  Windows 10 , 64 bit Build 19041 (10.0.19041.928)
Time: Tue May  4 14:01:13 2021 Pacific Daylight Time elapsed time: 33.341604 seconds (0d 0h 0m 33s)

---------------  T H R E A D  ---------------

Current thread (0x000002393dcd3690):  JavaThread "JavaFX Application Thread" [_thread_in_native, id=25256, stack(0x00000042f3e90000,0x00000042f3f90000)]

Stack: [0x00000042f3e90000,0x00000042f3f90000],  sp=0x00000042f3f8c710,  free space=1009k
Native frames: (J=compiled Java code, j=interpreted, Vv=VM code, C=native code)
C  0x00007ff9055aff1d

Java frames: (J=compiled Java code, j=interpreted, Vv=VM code)
j  com.sun.webkit.WebPage.twkInit(JZF)V+0
j  com.sun.webkit.WebPage.<init>(Lcom/sun/webkit/WebPageClient;Lcom/sun/webkit/UIClient;Lcom/sun/webkit/PolicyClient;Lcom/sun/webkit/InspectorClient;Lcom/sun/webkit/ThemeClient;Z)V+196
j  javafx.scene.web.WebEngine.<init>(Ljava/lang/String;Z)V+275
j  javafx.scene.web.WebEngine.<init>()V+3
j  javafx.scene.web.WebView.<init>()V+60
j  chat.ChatWindow$5.lambda$run$0()V+8
j  chat.ChatWindow$5$$Lambda$219+0x0000000800d9c420.run()V+4
j  com.sun.javafx.application.PlatformImpl.lambda$runLater$10(Ljava/lang/Runnable;)Ljava/lang/Void;+1
j  com.sun.javafx.application.PlatformImpl$$Lambda$220+0x0000000800d9c870.run()Ljava/lang/Object;+4
J 557 c1 java.security.AccessController.executePrivileged(Ljava/security/PrivilegedAction;Ljava/security/AccessControlContext;Ljava/lang/Class;)Ljava/lang/Object; java.base@16 (65 bytes) @ 0x0000023917a51b54 [0x0000023917a519e0+0x0000000000000174]
j  java.security.AccessController.doPrivileged(Ljava/security/PrivilegedAction;Ljava/security/AccessControlContext;)Ljava/lang/Object;+13 java.base@16
j  com.sun.javafx.application.PlatformImpl.lambda$runLater$11(Ljava/lang/Runnable;Ljava/security/AccessControlContext;)V+7
j  com.sun.javafx.application.PlatformImpl$$Lambda$218+0x0000000800d9c200.run()V+8
j  com.sun.glass.ui.InvokeLaterDispatcher$Future.run()V+4
v  ~StubRoutines::call_stub
j  com.sun.glass.ui.win.WinApplication._runLoop(Ljava/lang/Runnable;)V+0
j  com.sun.glass.ui.win.WinApplication.lambda$runLoop$3(ILjava/lang/Runnable;)V+8
j  com.sun.glass.ui.win.WinApplication$$Lambda$78+0x0000000800c917f8.run()V+12
j  java.lang.Thread.run()V+11 java.base@16
v  ~StubRoutines::call_stub

siginfo: EXCEPTION_ACCESS_VIOLATION (0xc0000005), writing address 0x0000000000000000


Register to memory mapping:

RIP=0x00007ff9055aff1d points into unknown readable memory: ff 01 48
RAX=0x00000042f3f8c788 is pointing into the stack for thread: 0x000002393dcd3690
RBX=0x0000023945618068 points into unknown readable memory: 0x0000000000000000 | 00 00 00 00 00 00 00 00
RCX=0x0 is NULL
RDX=0x00007ff906549538 points into unknown readable memory: 0x00000073656d6974 | 74 69 6d 65 73 00 00 00
RSP=0x00000042f3f8c710 is pointing into the stack for thread: 0x000002393dcd3690
RBP=0x0000023945437990 points into unknown readable memory: 0x0055005c00000002 | 02 00 00 00 5c 00 55 00
RSI=0x00007ff90842b0e0 points into unknown readable memory: 0x00007ff9063d5190 | 90 51 3d 06 f9 7f 00 00
RDI=0x00000042f3f8c7a8 is pointing into the stack for thread: 0x000002393dcd3690
R8 =0x0 is NULL
R9 =0xffff82403efd4b10 is an unknown value
R10=0x0000000000000005 is an unknown value
R11=0x00000042f3f8c700 is pointing into the stack for thread: 0x000002393dcd3690
R12=0x00000042f3f8c7b8 is pointing into the stack for thread: 0x000002393dcd3690
R13=0x0000023945618068 points into unknown readable memory: 0x0000000000000000 | 00 00 00 00 00 00 00 00
R14=0x00000042f3f8c7e0 is pointing into the stack for thread: 0x000002393dcd3690
R15=0x00000042f3f8c7e0 is pointing into the stack for thread: 0x000002393dcd3690


Registers:
RAX=0x00000042f3f8c788, RBX=0x0000023945618068, RCX=0x0000000000000000, RDX=0x00007ff906549538
RSP=0x00000042f3f8c710, RBP=0x0000023945437990, RSI=0x00007ff90842b0e0, RDI=0x00000042f3f8c7a8
R8 =0x0000000000000000, R9 =0xffff82403efd4b10, R10=0x0000000000000005, R11=0x00000042f3f8c700
R12=0x00000042f3f8c7b8, R13=0x0000023945618068, R14=0x00000042f3f8c7e0, R15=0x00000042f3f8c7e0
RIP=0x00007ff9055aff1d, EFLAGS=0x0000000000010246

Top of Stack: (sp=0x00000042f3f8c710)
0x00000042f3f8c710:   0000023945618068 0000023945437990
0x00000042f3f8c720:   00007ff90842b0e0 00000042f3f8c7a8
0x00000042f3f8c730:   0000000000000000 0000000000000000
0x00000042f3f8c740:   00000042f3f8c750 00000042f3f8c700
0x00000042f3f8c750:   0000023945007900 0000020045437900
0x00000042f3f8c760:   00000042f3f8c7b8 00000042f3f8c7b8
0x00000042f3f8c770:   00000042f3f8c7d8 00007ff9055b4e38
0x00000042f3f8c780:   00000239454379b0 0000000000000000
0x00000042f3f8c790:   00000239454379c8 00000239452faef0
0x00000042f3f8c7a0:   00000042f3f8c7bc 0000000000000000
0x00000042f3f8c7b0:   00000042f3f8c7c8 0000000000000001
0x00000042f3f8c7c0:   0000000000000000 00007ff900000007
0x00000042f3f8c7d0:   0190064000000010 00000042f3f8c7f0
0x00000042f3f8c7e0:   0000000000000001 0000000000000000
0x00000042f3f8c7f0:   0000000000000000 0000000000000000
0x00000042f3f8c800:   0000023900000000 00000042f3f8c820 

Instructions: (pc=0x00007ff9055aff1d)
0x00007ff9055afe1d:   cc cc cc cc cc cc cc cc cc cc cc cc cc cc cc cc
0x00007ff9055afe2d:   cc cc cc 33 c0 48 89 02 48 89 42 08 89 42 10 48
0x00007ff9055afe3d:   8b c2 c3 cc cc cc cc cc cc cc cc cc cc cc cc cc
0x00007ff9055afe4d:   cc cc cc c2 00 00 cc cc cc cc cc cc cc cc cc cc
0x00007ff9055afe5d:   cc cc cc 33 c0 48 89 02 48 89 42 08 89 42 10 48
0x00007ff9055afe6d:   8b c2 c3 cc cc cc cc cc cc cc cc cc cc cc cc cc
0x00007ff9055afe7d:   cc cc cc 48 89 5c 24 08 48 89 74 24 18 57 48 83
0x00007ff9055afe8d:   ec 60 65 48 8b 04 25 58 00 00 00 48 8b f1 44 8b
0x00007ff9055afe9d:   0d 5e 0c e9 02 49 8b d8 b9 1c 00 00 00 48 8b fa
0x00007ff9055afead:   4e 8b 0c c8 42 8b 04 09 39 05 7d b0 e7 02 0f 8f
0x00007ff9055afebd:   a2 00 00 00 c6 44 24 38 00 48 8d 44 24 40 48 89
0x00007ff9055afecd:   44 24 30 4c 8d 0d 59 b0 e7 02 48 c7 44 24 28 00
0x00007ff9055afedd:   00 00 00 48 8d 54 24 78 4c 8b c3 48 c7 44 24 20
0x00007ff9055afeed:   00 00 00 00 48 8b ce c6 44 24 40 00 c6 44 24 42
0x00007ff9055afefd:   00 c6 44 24 46 00 c6 44 24 48 00 c6 44 24 4c 00
0x00007ff9055aff0d:   c6 44 24 4e 00 e8 d9 2c 00 00 48 8b 08 48 89 0f
0x00007ff9055aff1d:   ff 01 48 8b 5c 24 78 48 c7 44 24 78 00 00 00 00
0x00007ff9055aff2d:   48 85 db 74 1b 8b 03 83 e8 01 74 04 89 03 eb 10
0x00007ff9055aff3d:   48 8b cb e8 2b 0d 00 00 48 8b cb e8 53 35 b9 00
0x00007ff9055aff4d:   48 8b 5c 24 70 48 8b c7 48 8b b4 24 80 00 00 00
0x00007ff9055aff5d:   48 83 c4 60 5f c3 48 8d 0d ce af e7 02 e8 fd 99
0x00007ff9055aff6d:   e1 00 83 3d c2 af e7 02 ff 0f 85 45 ff ff ff 48
0x00007ff9055aff7d:   8d 15 39 92 f9 00 48 8d 4c 24 78 e8 43 a8 ba 00
0x00007ff9055aff8d:   48 8b 44 24 78 48 8d 0d d7 d6 e1 00 48 89 05 90
0x00007ff9055aff9d:   af e7 02 e8 7f 9f e1 00 48 8d 0d 8c af e7 02 e8
0x00007ff9055affad:   5b 99 e1 00 e9 0b ff ff ff cc cc cc cc cc cc cc
0x00007ff9055affbd:   cc cc cc 40 53 48 83 ec 20 49 8b c0 48 8b da 48
0x00007ff9055affcd:   8b d0 48 8b cb 4d 8b c1 e8 a6 69 dd ff 48 8b c3
0x00007ff9055affdd:   48 83 c4 20 5b c3 cc cc cc cc cc cc cc cc cc cc
0x00007ff9055affed:   cc cc cc 48 8d 05 59 cb e8 02 c3 cc cc cc cc cc
0x00007ff9055afffd:   cc cc cc 48 89 5c 24 18 57 48 83 ec 30 48 8b 05
0x00007ff9055b000d:   0f 5c e6 02 48 33 c4 48 89 44 24 28 48 8b 3a 48 


Stack slot to memory mapping:
stack at sp + 0 slots: 0x0000023945618068 points into unknown readable memory: 0x0000000000000000 | 00 00 00 00 00 00 00 00
stack at sp + 1 slots: 0x0000023945437990 points into unknown readable memory: 0x0055005c00000002 | 02 00 00 00 5c 00 55 00
stack at sp + 2 slots: 0x00007ff90842b0e0 points into unknown readable memory: 0x00007ff9063d5190 | 90 51 3d 06 f9 7f 00 00
stack at sp + 3 slots: 0x00000042f3f8c7a8 is pointing into the stack for thread: 0x000002393dcd3690
stack at sp + 4 slots: 0x0 is NULL
stack at sp + 5 slots: 0x0 is NULL
stack at sp + 6 slots: 0x00000042f3f8c750 is pointing into the stack for thread: 0x000002393dcd3690
stack at sp + 7 slots: 0x00000042f3f8c700 is pointing into the stack for thread: 0x000002393dcd3690


---------------  P R O C E S S  ---------------

Threads class SMR info:
_java_thread_list=0x000002394567da80, length=25, elements={
0x000002393c8773f0, 0x000002393c8780b0, 0x000002393c8838c0, 0x000002393c8841d0,
0x000002393c884bd0, 0x000002393c888ad0, 0x000002393c8898b0, 0x000002393c8923b0,
0x000002393c898210, 0x000002393d54b4e0, 0x000002393d574620, 0x000002393d5740d0,
0x000002393d576b50, 0x000002393d575610, 0x000002393dccec30, 0x000002393dcd3690,
0x000002393dcd3be0, 0x000002393dcce190, 0x000002393dcd2150, 0x000002393dccf180,
0x000002393dccf6d0, 0x000002393dccc700, 0x0000023944912e00, 0x0000023944913920,
0x000002393dcd0170
}

Java Threads: ( => current thread )
  0x000002393c8773f0 JavaThread "Reference Handler" daemon [_thread_blocked, id=26532, stack(0x00000042f2700000,0x00000042f2800000)]
  0x000002393c8780b0 JavaThread "Finalizer" daemon [_thread_blocked, id=1520, stack(0x00000042f2800000,0x00000042f2900000)]
  0x000002393c8838c0 JavaThread "Signal Dispatcher" daemon [_thread_blocked, id=26600, stack(0x00000042f2900000,0x00000042f2a00000)]
  0x000002393c8841d0 JavaThread "Attach Listener" daemon [_thread_blocked, id=20064, stack(0x00000042f2a00000,0x00000042f2b00000)]
  0x000002393c884bd0 JavaThread "Service Thread" daemon [_thread_blocked, id=10444, stack(0x00000042f2b00000,0x00000042f2c00000)]
  0x000002393c888ad0 JavaThread "Monitor Deflation Thread" daemon [_thread_blocked, id=21560, stack(0x00000042f2c00000,0x00000042f2d00000)]
  0x000002393c8898b0 JavaThread "C2 CompilerThread0" daemon [_thread_in_native, id=12080, stack(0x00000042f2d00000,0x00000042f2e00000)]
  0x000002393c8923b0 JavaThread "C1 CompilerThread0" daemon [_thread_blocked, id=25472, stack(0x00000042f2e00000,0x00000042f2f00000)]
  0x000002393c898210 JavaThread "Sweeper thread" daemon [_thread_blocked, id=26068, stack(0x00000042f2f00000,0x00000042f3000000)]
  0x000002393d54b4e0 JavaThread "JDWP Event Helper Thread" daemon [_thread_blocked, id=24740, stack(0x00000042f3100000,0x00000042f3200000)]
  0x000002393d574620 JavaThread "Notification Thread" daemon [_thread_blocked, id=12916, stack(0x00000042f3300000,0x00000042f3400000)]
  0x000002393d5740d0 JavaThread "Common-Cleaner" daemon [_thread_blocked, id=24644, stack(0x00000042f3500000,0x00000042f3600000)]
  0x000002393d576b50 JavaThread "Java2D Disposer" daemon [_thread_blocked, id=12384, stack(0x00000042f3700000,0x00000042f3800000)]
  0x000002393d575610 JavaThread "AWT-Shutdown" [_thread_blocked, id=7912, stack(0x00000042f3800000,0x00000042f3900000)]
  0x000002393dccec30 JavaThread "InvokeLaterDispatcher" daemon [_thread_blocked, id=7860, stack(0x00000042f3d90000,0x00000042f3e90000)]
=>0x000002393dcd3690 JavaThread "JavaFX Application Thread" [_thread_in_native, id=25256, stack(0x00000042f3e90000,0x00000042f3f90000)]
  0x000002393dcd3be0 JavaThread "Thread-2" daemon [_thread_in_native, id=25368, stack(0x00000042f3600000,0x00000042f3700000)]
  0x000002393dcce190 JavaThread "AWT-EventQueue-0" [_thread_blocked, id=25924, stack(0x00000042f3fe0000,0x00000042f40e0000)]
  0x000002393dcd2150 JavaThread "SwingWorker-pool-2-thread-1" daemon [_thread_blocked, id=2756, stack(0x00000042f40e0000,0x00000042f41e0000)]
  0x000002393dccf180 JavaThread "TimerQueue" daemon [_thread_blocked, id=26392, stack(0x00000042f41e0000,0x00000042f42e0000)]
  0x000002393dccf6d0 JavaThread "DestroyJavaVM" [_thread_blocked, id=22632, stack(0x00000042f2000000,0x00000042f2100000)]
  0x000002393dccc700 JavaThread "Thread-16" [_thread_in_native, id=8176, stack(0x00000042f4f30000,0x00000042f5030000)]
  0x0000023944912e00 JavaThread "C2 CompilerThread1" daemon [_thread_in_native, id=25884, stack(0x00000042f3000000,0x00000042f3100000)]
  0x0000023944913920 JavaThread "C2 CompilerThread2" daemon [_thread_in_native, id=12732, stack(0x00000042f3200000,0x00000042f3300000)]
  0x000002393dcd0170 JavaThread "SIGINT handler" daemon [_thread_blocked, id=23032, stack(0x00000042f5130000,0x00000042f5230000)]

Other Threads:
  0x000002393c8724a0 VMThread "VM Thread" [stack: 0x00000042f2600000,0x00000042f2700000] [id=24688]
  0x000002393d55cb90 WatcherThread [stack: 0x00000042f3400000,0x00000042f3500000] [id=2744]
  0x000002390e4a6480 GCTaskThread "GC Thread#0" [stack: 0x00000042f2100000,0x00000042f2200000] [id=24528]
  0x00000239452de580 GCTaskThread "GC Thread#1" [stack: 0x00000042f4830000,0x00000042f4930000] [id=24272]
  0x00000239452dbdb0 GCTaskThread "GC Thread#2" [stack: 0x00000042f4930000,0x00000042f4a30000] [id=19468]
  0x00000239452dc9f0 GCTaskThread "GC Thread#3" [stack: 0x00000042f4a30000,0x00000042f4b30000] [id=25748]
  0x00000239452dc6e0 GCTaskThread "GC Thread#4" [stack: 0x00000042f4b30000,0x00000042f4c30000] [id=25528]
  0x00000239452dc0c0 GCTaskThread "GC Thread#5" [stack: 0x00000042f4c30000,0x00000042f4d30000] [id=26412]
  0x00000239452deba0 GCTaskThread "GC Thread#6" [stack: 0x00000042f4d30000,0x00000042f4e30000] [id=3516]
  0x00000239452ddc50 GCTaskThread "GC Thread#7" [stack: 0x00000042f4e30000,0x00000042f4f30000] [id=26032]
  0x000002390e4b8410 ConcurrentGCThread "G1 Main Marker" [stack: 0x00000042f2200000,0x00000042f2300000] [id=24888]
  0x000002390e4b95a0 ConcurrentGCThread "G1 Conc#0" [stack: 0x00000042f2300000,0x00000042f2400000] [id=23440]
  0x000002393c7224d0 ConcurrentGCThread "G1 Refine#0" [stack: 0x00000042f2400000,0x00000042f2500000] [id=18812]
  0x000002393d9535e0 ConcurrentGCThread "G1 Refine#1" [stack: 0x00000042f5330000,0x00000042f5430000] [id=12844]
  0x000002393d953fa0 ConcurrentGCThread "G1 Refine#2" [stack: 0x00000042f5430000,0x00000042f5530000] [id=26136]
  0x00000239466eca10 ConcurrentGCThread "G1 Refine#3" [stack: 0x00000042f5530000,0x00000042f5630000] [id=2548]
  0x00000239466ee410 ConcurrentGCThread "G1 Refine#4" [stack: 0x00000042f5630000,0x00000042f5730000] [id=24100]
  0x00000239466eacd0 ConcurrentGCThread "G1 Refine#5" [stack: 0x00000042f5730000,0x00000042f5830000] [id=12236]
  0x00000239466ee750 ConcurrentGCThread "G1 Refine#6" [stack: 0x00000042f5830000,0x00000042f5930000] [id=5268]
  0x00000239466eda50 ConcurrentGCThread "G1 Refine#7" [stack: 0x00000042f5930000,0x00000042f5a30000] [id=17968]
  0x000002393c722ed0 ConcurrentGCThread "G1 Service" [stack: 0x00000042f2500000,0x00000042f2600000] [id=24924]

Threads with active compile tasks:
C2 CompilerThread0    33701 2491       4       org.alicebot.ab.Graphmaster::addPath (299 bytes)
C2 CompilerThread1    33701 2528       4       org.alicebot.ab.Graphmaster::getCategories (80 bytes)
C2 CompilerThread2    33701 2537       4       org.alicebot.ab.Graphmaster::nodeStatsGraph (147 bytes)

VM state: not at safepoint (normal execution)

VM Mutex/Monitor currently owned by a thread: None

Heap address: 0x0000000601800000, size: 8168 MB, Compressed Oops mode: Zero based, Oop shift amount: 3
CDS archive(s) mapped at: [0x0000000800000000-0x0000000800bb0000-0x0000000800bb0000), size 12255232, SharedBaseAddress: 0x0000000800000000, ArchiveRelocationMode: 0.
Compressed class space mapped at: 0x0000000800c00000-0x0000000840c00000, reserved size: 1073741824
Narrow klass base: 0x0000000800000000, Narrow klass shift: 3, Narrow klass range: 0x100000000

GC Precious Log:
 CPUs: 8 total, 8 available
 Memory: 32670M
 Large Page Support: Disabled
 NUMA Support: Disabled
 Compressed Oops: Enabled (Zero based)
 Heap Region Size: 4M
 Heap Min Capacity: 8M
 Heap Initial Capacity: 512M
 Heap Max Capacity: 8168M
 Pre-touch: Disabled
 Parallel Workers: 8
 Concurrent Workers: 2
 Concurrent Refinement Workers: 8
 Periodic GC: Disabled

Heap:
 garbage-first heap   total 524288K, used 116461K [0x0000000601800000, 0x0000000800000000)
  region size 4096K, 23 young (94208K), 3 survivors (12288K)
 Metaspace       used 17324K, committed 17664K, reserved 1064960K
  class space    used 1954K, committed 2112K, reserved 1048576K

Heap Regions: E=young(eden), S=young(survivor), O=old, HS=humongous(starts), HC=humongous(continues), CS=collection set, F=free, OA=open archive, CA=closed archive, TAMS=top-at-mark-start (previous, next)
|   0|0x0000000601800000, 0x0000000601c00000, 0x0000000601c00000|100%| O|  |TAMS 0x0000000601800000, 0x0000000601800000| Untracked 
|   1|0x0000000601c00000, 0x0000000602000000, 0x0000000602000000|100%| O|  |TAMS 0x0000000601c00000, 0x0000000601c00000| Untracked 
|   2|0x0000000602000000, 0x0000000602400000, 0x0000000602400000|100%| O|  |TAMS 0x0000000602000000, 0x0000000602000000| Untracked 
|   3|0x0000000602400000, 0x0000000602800000, 0x0000000602800000|100%| O|  |TAMS 0x0000000602400000, 0x0000000602400000| Untracked 
|   4|0x0000000602800000, 0x0000000602c00000, 0x0000000602c00000|100%| O|  |TAMS 0x0000000602800000, 0x0000000602800000| Untracked 
|   5|0x0000000602c00000, 0x0000000603000000, 0x0000000603000000|100%| O|  |TAMS 0x0000000602c00000, 0x0000000602c00000| Untracked 
|   6|0x0000000603000000, 0x00000006031bb600, 0x0000000603400000| 43%| O|  |TAMS 0x0000000603000000, 0x0000000603000000| Untracked 
|   7|0x0000000603400000, 0x0000000603400000, 0x0000000603800000|  0%| F|  |TAMS 0x0000000603400000, 0x0000000603400000| Untracked 
|   8|0x0000000603800000, 0x0000000603800000, 0x0000000603c00000|  0%| F|  |TAMS 0x0000000603800000, 0x0000000603800000| Untracked 
|   9|0x0000000603c00000, 0x0000000603c00000, 0x0000000604000000|  0%| F|  |TAMS 0x0000000603c00000, 0x0000000603c00000| Untracked 
|  10|0x0000000604000000, 0x0000000604000000, 0x0000000604400000|  0%| F|  |TAMS 0x0000000604000000, 0x0000000604000000| Untracked 
|  11|0x0000000604400000, 0x0000000604400000, 0x0000000604800000|  0%| F|  |TAMS 0x0000000604400000, 0x0000000604400000| Untracked 
|  12|0x0000000604800000, 0x0000000604800000, 0x0000000604c00000|  0%| F|  |TAMS 0x0000000604800000, 0x0000000604800000| Untracked 
|  13|0x0000000604c00000, 0x0000000604c00000, 0x0000000605000000|  0%| F|  |TAMS 0x0000000604c00000, 0x0000000604c00000| Untracked 
|  14|0x0000000605000000, 0x0000000605000000, 0x0000000605400000|  0%| F|  |TAMS 0x0000000605000000, 0x0000000605000000| Untracked 
|  15|0x0000000605400000, 0x0000000605400000, 0x0000000605800000|  0%| F|  |TAMS 0x0000000605400000, 0x0000000605400000| Untracked 
|  16|0x0000000605800000, 0x0000000605800000, 0x0000000605c00000|  0%| F|  |TAMS 0x0000000605800000, 0x0000000605800000| Untracked 
|  17|0x0000000605c00000, 0x0000000605c00000, 0x0000000606000000|  0%| F|  |TAMS 0x0000000605c00000, 0x0000000605c00000| Untracked 
|  18|0x0000000606000000, 0x0000000606000000, 0x0000000606400000|  0%| F|  |TAMS 0x0000000606000000, 0x0000000606000000| Untracked 
|  19|0x0000000606400000, 0x0000000606400000, 0x0000000606800000|  0%| F|  |TAMS 0x0000000606400000, 0x0000000606400000| Untracked 
|  20|0x0000000606800000, 0x0000000606800000, 0x0000000606c00000|  0%| F|  |TAMS 0x0000000606800000, 0x0000000606800000| Untracked 
|  21|0x0000000606c00000, 0x0000000606c00000, 0x0000000607000000|  0%| F|  |TAMS 0x0000000606c00000, 0x0000000606c00000| Untracked 
|  22|0x0000000607000000, 0x0000000607000000, 0x0000000607400000|  0%| F|  |TAMS 0x0000000607000000, 0x0000000607000000| Untracked 
|  23|0x0000000607400000, 0x0000000607400000, 0x0000000607800000|  0%| F|  |TAMS 0x0000000607400000, 0x0000000607400000| Untracked 
|  24|0x0000000607800000, 0x0000000607800000, 0x0000000607c00000|  0%| F|  |TAMS 0x0000000607800000, 0x0000000607800000| Untracked 
|  25|0x0000000607c00000, 0x0000000607c00000, 0x0000000608000000|  0%| F|  |TAMS 0x0000000607c00000, 0x0000000607c00000| Untracked 
|  26|0x0000000608000000, 0x0000000608000000, 0x0000000608400000|  0%| F|  |TAMS 0x0000000608000000, 0x0000000608000000| Untracked 
|  27|0x0000000608400000, 0x0000000608400000, 0x0000000608800000|  0%| F|  |TAMS 0x0000000608400000, 0x0000000608400000| Untracked 
|  28|0x0000000608800000, 0x0000000608800000, 0x0000000608c00000|  0%| F|  |TAMS 0x0000000608800000, 0x0000000608800000| Untracked 
|  29|0x0000000608c00000, 0x0000000608c00000, 0x0000000609000000|  0%| F|  |TAMS 0x0000000608c00000, 0x0000000608c00000| Untracked 
|  30|0x0000000609000000, 0x0000000609000000, 0x0000000609400000|  0%| F|  |TAMS 0x0000000609000000, 0x0000000609000000| Untracked 
|  31|0x0000000609400000, 0x0000000609400000, 0x0000000609800000|  0%| F|  |TAMS 0x0000000609400000, 0x0000000609400000| Untracked 
|  32|0x0000000609800000, 0x0000000609800000, 0x0000000609c00000|  0%| F|  |TAMS 0x0000000609800000, 0x0000000609800000| Untracked 
|  33|0x0000000609c00000, 0x0000000609c00000, 0x000000060a000000|  0%| F|  |TAMS 0x0000000609c00000, 0x0000000609c00000| Untracked 
|  34|0x000000060a000000, 0x000000060a000000, 0x000000060a400000|  0%| F|  |TAMS 0x000000060a000000, 0x000000060a000000| Untracked 
|  35|0x000000060a400000, 0x000000060a400000, 0x000000060a800000|  0%| F|  |TAMS 0x000000060a400000, 0x000000060a400000| Untracked 
|  36|0x000000060a800000, 0x000000060a800000, 0x000000060ac00000|  0%| F|  |TAMS 0x000000060a800000, 0x000000060a800000| Untracked 
|  37|0x000000060ac00000, 0x000000060ac00000, 0x000000060b000000|  0%| F|  |TAMS 0x000000060ac00000, 0x000000060ac00000| Untracked 
|  38|0x000000060b000000, 0x000000060b000000, 0x000000060b400000|  0%| F|  |TAMS 0x000000060b000000, 0x000000060b000000| Untracked 
|  39|0x000000060b400000, 0x000000060b400000, 0x000000060b800000|  0%| F|  |TAMS 0x000000060b400000, 0x000000060b400000| Untracked 
|  40|0x000000060b800000, 0x000000060b800000, 0x000000060bc00000|  0%| F|  |TAMS 0x000000060b800000, 0x000000060b800000| Untracked 
|  41|0x000000060bc00000, 0x000000060bc00000, 0x000000060c000000|  0%| F|  |TAMS 0x000000060bc00000, 0x000000060bc00000| Untracked 
|  42|0x000000060c000000, 0x000000060c000000, 0x000000060c400000|  0%| F|  |TAMS 0x000000060c000000, 0x000000060c000000| Untracked 
|  43|0x000000060c400000, 0x000000060c400000, 0x000000060c800000|  0%| F|  |TAMS 0x000000060c400000, 0x000000060c400000| Untracked 
|  44|0x000000060c800000, 0x000000060c800000, 0x000000060cc00000|  0%| F|  |TAMS 0x000000060c800000, 0x000000060c800000| Untracked 
|  45|0x000000060cc00000, 0x000000060cc00000, 0x000000060d000000|  0%| F|  |TAMS 0x000000060cc00000, 0x000000060cc00000| Untracked 
|  46|0x000000060d000000, 0x000000060d000000, 0x000000060d400000|  0%| F|  |TAMS 0x000000060d000000, 0x000000060d000000| Untracked 
|  47|0x000000060d400000, 0x000000060d400000, 0x000000060d800000|  0%| F|  |TAMS 0x000000060d400000, 0x000000060d400000| Untracked 
|  48|0x000000060d800000, 0x000000060d800000, 0x000000060dc00000|  0%| F|  |TAMS 0x000000060d800000, 0x000000060d800000| Untracked 
|  49|0x000000060dc00000, 0x000000060dc00000, 0x000000060e000000|  0%| F|  |TAMS 0x000000060dc00000, 0x000000060dc00000| Untracked 
|  50|0x000000060e000000, 0x000000060e000000, 0x000000060e400000|  0%| F|  |TAMS 0x000000060e000000, 0x000000060e000000| Untracked 
|  51|0x000000060e400000, 0x000000060e400000, 0x000000060e800000|  0%| F|  |TAMS 0x000000060e400000, 0x000000060e400000| Untracked 
|  52|0x000000060e800000, 0x000000060e800000, 0x000000060ec00000|  0%| F|  |TAMS 0x000000060e800000, 0x000000060e800000| Untracked 
|  53|0x000000060ec00000, 0x000000060ec00000, 0x000000060f000000|  0%| F|  |TAMS 0x000000060ec00000, 0x000000060ec00000| Untracked 
|  54|0x000000060f000000, 0x000000060f000000, 0x000000060f400000|  0%| F|  |TAMS 0x000000060f000000, 0x000000060f000000| Untracked 
|  55|0x000000060f400000, 0x000000060f400000, 0x000000060f800000|  0%| F|  |TAMS 0x000000060f400000, 0x000000060f400000| Untracked 
|  56|0x000000060f800000, 0x000000060f800000, 0x000000060fc00000|  0%| F|  |TAMS 0x000000060f800000, 0x000000060f800000| Untracked 
|  57|0x000000060fc00000, 0x000000060fc00000, 0x0000000610000000|  0%| F|  |TAMS 0x000000060fc00000, 0x000000060fc00000| Untracked 
|  58|0x0000000610000000, 0x0000000610000000, 0x0000000610400000|  0%| F|  |TAMS 0x0000000610000000, 0x0000000610000000| Untracked 
|  59|0x0000000610400000, 0x0000000610400000, 0x0000000610800000|  0%| F|  |TAMS 0x0000000610400000, 0x0000000610400000| Untracked 
|  60|0x0000000610800000, 0x0000000610800000, 0x0000000610c00000|  0%| F|  |TAMS 0x0000000610800000, 0x0000000610800000| Untracked 
|  61|0x0000000610c00000, 0x0000000610c00000, 0x0000000611000000|  0%| F|  |TAMS 0x0000000610c00000, 0x0000000610c00000| Untracked 
|  62|0x0000000611000000, 0x0000000611000000, 0x0000000611400000|  0%| F|  |TAMS 0x0000000611000000, 0x0000000611000000| Untracked 
|  63|0x0000000611400000, 0x0000000611400000, 0x0000000611800000|  0%| F|  |TAMS 0x0000000611400000, 0x0000000611400000| Untracked 
|  64|0x0000000611800000, 0x0000000611800000, 0x0000000611c00000|  0%| F|  |TAMS 0x0000000611800000, 0x0000000611800000| Untracked 
|  65|0x0000000611c00000, 0x0000000611c00000, 0x0000000612000000|  0%| F|  |TAMS 0x0000000611c00000, 0x0000000611c00000| Untracked 
|  66|0x0000000612000000, 0x0000000612000000, 0x0000000612400000|  0%| F|  |TAMS 0x0000000612000000, 0x0000000612000000| Untracked 
|  67|0x0000000612400000, 0x0000000612400000, 0x0000000612800000|  0%| F|  |TAMS 0x0000000612400000, 0x0000000612400000| Untracked 
|  68|0x0000000612800000, 0x0000000612800000, 0x0000000612c00000|  0%| F|  |TAMS 0x0000000612800000, 0x0000000612800000| Untracked 
|  69|0x0000000612c00000, 0x0000000612c00000, 0x0000000613000000|  0%| F|  |TAMS 0x0000000612c00000, 0x0000000612c00000| Untracked 
|  70|0x0000000613000000, 0x0000000613000000, 0x0000000613400000|  0%| F|  |TAMS 0x0000000613000000, 0x0000000613000000| Untracked 
|  71|0x0000000613400000, 0x0000000613400000, 0x0000000613800000|  0%| F|  |TAMS 0x0000000613400000, 0x0000000613400000| Untracked 
|  72|0x0000000613800000, 0x0000000613800000, 0x0000000613c00000|  0%| F|  |TAMS 0x0000000613800000, 0x0000000613800000| Untracked 
|  73|0x0000000613c00000, 0x0000000613c00000, 0x0000000614000000|  0%| F|  |TAMS 0x0000000613c00000, 0x0000000613c00000| Untracked 
|  74|0x0000000614000000, 0x0000000614000000, 0x0000000614400000|  0%| F|  |TAMS 0x0000000614000000, 0x0000000614000000| Untracked 
|  75|0x0000000614400000, 0x0000000614400000, 0x0000000614800000|  0%| F|  |TAMS 0x0000000614400000, 0x0000000614400000| Untracked 
|  76|0x0000000614800000, 0x0000000614800000, 0x0000000614c00000|  0%| F|  |TAMS 0x0000000614800000, 0x0000000614800000| Untracked 
|  77|0x0000000614c00000, 0x0000000614c00000, 0x0000000615000000|  0%| F|  |TAMS 0x0000000614c00000, 0x0000000614c00000| Untracked 
|  78|0x0000000615000000, 0x0000000615000000, 0x0000000615400000|  0%| F|  |TAMS 0x0000000615000000, 0x0000000615000000| Untracked 
|  79|0x0000000615400000, 0x0000000615400000, 0x0000000615800000|  0%| F|  |TAMS 0x0000000615400000, 0x0000000615400000| Untracked 
|  80|0x0000000615800000, 0x0000000615800000, 0x0000000615c00000|  0%| F|  |TAMS 0x0000000615800000, 0x0000000615800000| Untracked 
|  81|0x0000000615c00000, 0x0000000615c00000, 0x0000000616000000|  0%| F|  |TAMS 0x0000000615c00000, 0x0000000615c00000| Untracked 
|  82|0x0000000616000000, 0x0000000616000000, 0x0000000616400000|  0%| F|  |TAMS 0x0000000616000000, 0x0000000616000000| Untracked 
|  83|0x0000000616400000, 0x0000000616400000, 0x0000000616800000|  0%| F|  |TAMS 0x0000000616400000, 0x0000000616400000| Untracked 
|  84|0x0000000616800000, 0x0000000616800000, 0x0000000616c00000|  0%| F|  |TAMS 0x0000000616800000, 0x0000000616800000| Untracked 
|  85|0x0000000616c00000, 0x0000000616c00000, 0x0000000617000000|  0%| F|  |TAMS 0x0000000616c00000, 0x0000000616c00000| Untracked 
|  86|0x0000000617000000, 0x0000000617000000, 0x0000000617400000|  0%| F|  |TAMS 0x0000000617000000, 0x0000000617000000| Untracked 
|  87|0x0000000617400000, 0x0000000617400000, 0x0000000617800000|  0%| F|  |TAMS 0x0000000617400000, 0x0000000617400000| Untracked 
|  88|0x0000000617800000, 0x0000000617800000, 0x0000000617c00000|  0%| F|  |TAMS 0x0000000617800000, 0x0000000617800000| Untracked 
|  89|0x0000000617c00000, 0x0000000617c00000, 0x0000000618000000|  0%| F|  |TAMS 0x0000000617c00000, 0x0000000617c00000| Untracked 
|  90|0x0000000618000000, 0x0000000618000000, 0x0000000618400000|  0%| F|  |TAMS 0x0000000618000000, 0x0000000618000000| Untracked 
|  91|0x0000000618400000, 0x0000000618400000, 0x0000000618800000|  0%| F|  |TAMS 0x0000000618400000, 0x0000000618400000| Untracked 
|  92|0x0000000618800000, 0x0000000618800000, 0x0000000618c00000|  0%| F|  |TAMS 0x0000000618800000, 0x0000000618800000| Untracked 
|  93|0x0000000618c00000, 0x0000000618c00000, 0x0000000619000000|  0%| F|  |TAMS 0x0000000618c00000, 0x0000000618c00000| Untracked 
|  94|0x0000000619000000, 0x0000000619000000, 0x0000000619400000|  0%| F|  |TAMS 0x0000000619000000, 0x0000000619000000| Untracked 
|  95|0x0000000619400000, 0x0000000619400000, 0x0000000619800000|  0%| F|  |TAMS 0x0000000619400000, 0x0000000619400000| Untracked 
|  96|0x0000000619800000, 0x0000000619800000, 0x0000000619c00000|  0%| F|  |TAMS 0x0000000619800000, 0x0000000619800000| Untracked 
|  97|0x0000000619c00000, 0x0000000619c00000, 0x000000061a000000|  0%| F|  |TAMS 0x0000000619c00000, 0x0000000619c00000| Untracked 
|  98|0x000000061a000000, 0x000000061a000000, 0x000000061a400000|  0%| F|  |TAMS 0x000000061a000000, 0x000000061a000000| Untracked 
|  99|0x000000061a400000, 0x000000061a400000, 0x000000061a800000|  0%| F|  |TAMS 0x000000061a400000, 0x000000061a400000| Untracked 
| 100|0x000000061a800000, 0x000000061a800000, 0x000000061ac00000|  0%| F|  |TAMS 0x000000061a800000, 0x000000061a800000| Untracked 
| 101|0x000000061ac00000, 0x000000061ac00000, 0x000000061b000000|  0%| F|  |TAMS 0x000000061ac00000, 0x000000061ac00000| Untracked 
| 102|0x000000061b000000, 0x000000061b000000, 0x000000061b400000|  0%| F|  |TAMS 0x000000061b000000, 0x000000061b000000| Untracked 
| 103|0x000000061b400000, 0x000000061b400000, 0x000000061b800000|  0%| F|  |TAMS 0x000000061b400000, 0x000000061b400000| Untracked 
| 104|0x000000061b800000, 0x000000061bc00000, 0x000000061bc00000|100%| S|CS|TAMS 0x000000061b800000, 0x000000061b800000| Complete 
| 105|0x000000061bc00000, 0x000000061c000000, 0x000000061c000000|100%| S|CS|TAMS 0x000000061bc00000, 0x000000061bc00000| Complete 
| 106|0x000000061c000000, 0x000000061c400000, 0x000000061c400000|100%| S|CS|TAMS 0x000000061c000000, 0x000000061c000000| Complete 
| 107|0x000000061c400000, 0x000000061c400000, 0x000000061c800000|  0%| F|  |TAMS 0x000000061c400000, 0x000000061c400000| Untracked 
| 108|0x000000061c800000, 0x000000061c9f0178, 0x000000061cc00000| 48%| E|  |TAMS 0x000000061c800000, 0x000000061c800000| Complete 
| 109|0x000000061cc00000, 0x000000061d000000, 0x000000061d000000|100%| E|CS|TAMS 0x000000061cc00000, 0x000000061cc00000| Complete 
| 110|0x000000061d000000, 0x000000061d400000, 0x000000061d400000|100%| E|CS|TAMS 0x000000061d000000, 0x000000061d000000| Complete 
| 111|0x000000061d400000, 0x000000061d800000, 0x000000061d800000|100%| E|CS|TAMS 0x000000061d400000, 0x000000061d400000| Complete 
| 112|0x000000061d800000, 0x000000061dc00000, 0x000000061dc00000|100%| E|CS|TAMS 0x000000061d800000, 0x000000061d800000| Complete 
| 113|0x000000061dc00000, 0x000000061e000000, 0x000000061e000000|100%| E|CS|TAMS 0x000000061dc00000, 0x000000061dc00000| Complete 
| 114|0x000000061e000000, 0x000000061e400000, 0x000000061e400000|100%| E|CS|TAMS 0x000000061e000000, 0x000000061e000000| Complete 
| 115|0x000000061e400000, 0x000000061e800000, 0x000000061e800000|100%| E|CS|TAMS 0x000000061e400000, 0x000000061e400000| Complete 
| 116|0x000000061e800000, 0x000000061ec00000, 0x000000061ec00000|100%| E|CS|TAMS 0x000000061e800000, 0x000000061e800000| Complete 
| 117|0x000000061ec00000, 0x000000061f000000, 0x000000061f000000|100%| E|CS|TAMS 0x000000061ec00000, 0x000000061ec00000| Complete 
| 118|0x000000061f000000, 0x000000061f400000, 0x000000061f400000|100%| E|CS|TAMS 0x000000061f000000, 0x000000061f000000| Complete 
| 119|0x000000061f400000, 0x000000061f800000, 0x000000061f800000|100%| E|CS|TAMS 0x000000061f400000, 0x000000061f400000| Complete 
| 120|0x000000061f800000, 0x000000061fc00000, 0x000000061fc00000|100%| E|CS|TAMS 0x000000061f800000, 0x000000061f800000| Complete 
| 121|0x000000061fc00000, 0x0000000620000000, 0x0000000620000000|100%| E|CS|TAMS 0x000000061fc00000, 0x000000061fc00000| Complete 
| 122|0x0000000620000000, 0x0000000620400000, 0x0000000620400000|100%| E|CS|TAMS 0x0000000620000000, 0x0000000620000000| Complete 
| 123|0x0000000620400000, 0x0000000620800000, 0x0000000620800000|100%| E|CS|TAMS 0x0000000620400000, 0x0000000620400000| Complete 
| 124|0x0000000620800000, 0x0000000620c00000, 0x0000000620c00000|100%| E|CS|TAMS 0x0000000620800000, 0x0000000620800000| Complete 
| 125|0x0000000620c00000, 0x0000000621000000, 0x0000000621000000|100%| E|CS|TAMS 0x0000000620c00000, 0x0000000620c00000| Complete 
| 126|0x0000000621000000, 0x0000000621400000, 0x0000000621400000|100%| E|CS|TAMS 0x0000000621000000, 0x0000000621000000| Complete 
| 127|0x0000000621400000, 0x0000000621800000, 0x0000000621800000|100%| E|CS|TAMS 0x0000000621400000, 0x0000000621400000| Complete 

Card table byte_map: [0x0000023927e40000,0x0000023928e40000] _byte_map_base: 0x0000023924e34000

Marking Bits (Prev, Next): (CMBitMap*) 0x000002390e4a6a70, (CMBitMap*) 0x000002390e4a6ab0
 Prev Bits: [0x0000023929e40000, 0x0000023931de0000)
 Next Bits: [0x0000023931de0000, 0x0000023939d80000)

Polling page: 0x000002390e510000

Metaspace:

Usage:
  Non-class:     15.01 MB used.
      Class:      1.91 MB used.
       Both:     16.92 MB used.

Virtual space:
  Non-class space:       16.00 MB reserved,      15.19 MB ( 95%) committed,  2 nodes.
      Class space:        1.00 GB reserved,       2.06 MB ( <1%) committed,  1 nodes.
              Both:        1.02 GB reserved,      17.25 MB (  2%) committed. 

Chunk freelists:
   Non-Class:  736.00 KB
       Class:  1.81 MB
        Both:  2.53 MB

MaxMetaspaceSize: 17179869184.00 GB
CompressedClassSpaceSize: 1.00 GB
 - commit_granule_bytes: 65536.
 - commit_granule_words: 8192.
 - virtual_space_node_default_size: 1048576.
 - enlarge_chunks_in_place: 1.
 - new_chunks_are_fully_committed: 0.
 - uncommit_free_chunks: 1.
 - use_allocation_guard: 0.
 - handle_deallocations: 1.


Internal statistics:

num_allocs_failed_limit: 0.
num_arena_births: 394.
num_arena_deaths: 0.
num_vsnodes_births: 3.
num_vsnodes_deaths: 0.
num_space_committed: 276.
num_space_uncommitted: 0.
num_chunks_returned_to_freelist: 0.
num_chunks_taken_from_freelist: 712.
num_chunk_merges: 0.
num_chunk_splits: 459.
num_chunks_enlarged: 279.
num_purges: 0.

CodeHeap 'non-profiled nmethods': size=120000Kb used=1274Kb max_used=1274Kb free=118725Kb
 bounds [0x000002391eea0000, 0x000002391f110000, 0x00000239263d0000]
CodeHeap 'profiled nmethods': size=120000Kb used=4946Kb max_used=4946Kb free=115053Kb
 bounds [0x0000023917970000, 0x0000023917e50000, 0x000002391eea0000]
CodeHeap 'non-nmethods': size=5760Kb used=1537Kb max_used=1587Kb free=4222Kb
 bounds [0x00000239173d0000, 0x0000023917640000, 0x0000023917970000]
 total_blobs=3343 nmethods=2508 adapters=747
 compilation: enabled
              stopped_count=0, restarted_count=0
 full_count=0

Compilation events (20 events):
Event: 33.256 Thread 0x000002393c8923b0 2403   !   2       sun.nio.cs.UnicodeDecoder::decodeLoop (304 bytes)
Event: 33.259 Thread 0x000002393c8923b0 nmethod 2403 0x0000023917de0510 code [0x0000023917de07e0, 0x0000023917de1178]
Event: 33.260 Thread 0x000002393c8923b0 2402       3       com.sun.javafx.font.FontFileReader$Buffer::getShort (52 bytes)
Event: 33.260 Thread 0x000002393c8923b0 nmethod 2402 0x0000023917de1810 code [0x0000023917de19c0, 0x0000023917de1b58]
Event: 33.262 Thread 0x000002393c8923b0 2404       3       com.sun.javafx.font.FontFileReader$Buffer::getInt (107 bytes)
Event: 33.262 Thread 0x000002393c8923b0 nmethod 2404 0x0000023917de1c90 code [0x0000023917de1e40, 0x0000023917de2038]
Event: 33.263 Thread 0x0000023944912e00 nmethod 2395 0x000002391efa4890 code [0x000002391efa4b60, 0x000002391efa63f0]
Event: 33.263 Thread 0x0000023944912e00 2401       4       org.alicebot.ab.AIMLMap::put (10 bytes)
Event: 33.265 Thread 0x000002393c8923b0 2406       3       java.lang.ThreadLocal::get (38 bytes)
Event: 33.265 Thread 0x000002393c8923b0 nmethod 2406 0x0000023917de2190 code [0x0000023917de2360, 0x0000023917de26d8]
Event: 33.271 Thread 0x000002393c8923b0 2407       3       java.nio.HeapByteBuffer::compact (85 bytes)
Event: 33.272 Thread 0x000002393c8923b0 nmethod 2407 0x0000023917de2890 code [0x0000023917de2a80, 0x0000023917de30c8]
Event: 33.272 Thread 0x000002393c8923b0 2408       2       java.lang.String::valueOf (15 bytes)
Event: 33.272 Thread 0x000002393c8923b0 nmethod 2408 0x0000023917de3310 code [0x0000023917de34c0, 0x0000023917de35e8]
Event: 33.272 Thread 0x0000023944912e00 nmethod 2401 0x000002391efa7890 code [0x000002391efa7a40, 0x000002391efa7f08]
Event: 33.272 Thread 0x0000023944912e00 2368       4       java.lang.CharacterDataLatin1::toUpperCaseEx (71 bytes)
Event: 33.272 Thread 0x000002393c8923b0 2409       3       java.lang.StringBuilder::append (10 bytes)
Event: 33.272 Thread 0x000002393c8923b0 nmethod 2409 0x0000023917de3690 code [0x0000023917de3840, 0x0000023917de39a8]
Event: 33.273 Thread 0x0000023944912e00 nmethod 2368 0x000002391efa8190 code [0x000002391efa8320, 0x000002391efa8438]
Event: 33.273 Thread 0x0000023944912e00 2243       4       java.lang.StringBuilder::<init> (7 bytes)

GC Heap History (8 events):
Event: 4.421 GC heap before
{Heap before GC invocations=0 (full 0):
 garbage-first heap   total 524288K, used 24576K [0x0000000601800000, 0x0000000800000000)
  region size 4096K, 6 young (24576K), 0 survivors (0K)
 Metaspace       used 12408K, committed 12672K, reserved 1064960K
  class space    used 1413K, committed 1536K, reserved 1048576K
}
Event: 4.427 GC heap after
{Heap after GC invocations=1 (full 0):
 garbage-first heap   total 524288K, used 4415K [0x0000000601800000, 0x0000000800000000)
  region size 4096K, 1 young (4096K), 1 survivors (4096K)
 Metaspace       used 12408K, committed 12672K, reserved 1064960K
  class space    used 1413K, committed 1536K, reserved 1048576K
}
Event: 5.993 GC heap before
{Heap before GC invocations=1 (full 0):
 garbage-first heap   total 524288K, used 24895K [0x0000000601800000, 0x0000000800000000)
  region size 4096K, 6 young (24576K), 1 survivors (4096K)
 Metaspace       used 13405K, committed 13568K, reserved 1064960K
  class space    used 1474K, committed 1536K, reserved 1048576K
}
Event: 5.997 GC heap after
{Heap after GC invocations=2 (full 0):
 garbage-first heap   total 524288K, used 9183K [0x0000000601800000, 0x0000000800000000)
  region size 4096K, 1 young (4096K), 1 survivors (4096K)
 Metaspace       used 13405K, committed 13568K, reserved 1064960K
  class space    used 1474K, committed 1536K, reserved 1048576K
}
Event: 6.060 GC heap before
{Heap before GC invocations=2 (full 0):
 garbage-first heap   total 524288K, used 50143K [0x0000000601800000, 0x0000000800000000)
  region size 4096K, 11 young (45056K), 1 survivors (4096K)
 Metaspace       used 13421K, committed 13568K, reserved 1064960K
  class space    used 1474K, committed 1536K, reserved 1048576K
}
Event: 6.067 GC heap after
{Heap after GC invocations=3 (full 0):
 garbage-first heap   total 524288K, used 22132K [0x0000000601800000, 0x0000000800000000)
  region size 4096K, 2 young (8192K), 2 survivors (8192K)
 Metaspace       used 13421K, committed 13568K, reserved 1064960K
  class space    used 1474K, committed 1536K, reserved 1048576K
}
Event: 33.201 GC heap before
{Heap before GC invocations=3 (full 0):
 garbage-first heap   total 524288K, used 54900K [0x0000000601800000, 0x0000000800000000)
  region size 4096K, 10 young (40960K), 2 survivors (8192K)
 Metaspace       used 16951K, committed 17280K, reserved 1064960K
  class space    used 1920K, committed 2048K, reserved 1048576K
}
Event: 33.210 GC heap after
{Heap after GC invocations=4 (full 0):
 garbage-first heap   total 524288K, used 28613K [0x0000000601800000, 0x0000000800000000)
  region size 4096K, 2 young (8192K), 2 survivors (8192K)
 Metaspace       used 16951K, committed 17280K, reserved 1064960K
  class space    used 1920K, committed 2048K, reserved 1048576K
}

Deoptimization events (20 events):
Event: 33.252 Thread 0x000002393dcd06c0 DEOPT PACKING pc=0x0000023917db0002 sp=0x00000042f512e270
Event: 33.252 Thread 0x000002393dcd06c0 DEOPT UNPACKING pc=0x000002391741dece sp=0x00000042f512d828 mode 0
Event: 33.253 Thread 0x000002393dcd06c0 DEOPT PACKING pc=0x0000023917db0002 sp=0x00000042f512e270
Event: 33.253 Thread 0x000002393dcd06c0 DEOPT UNPACKING pc=0x000002391741dece sp=0x00000042f512d828 mode 0
Event: 33.254 Thread 0x000002393dcd06c0 DEOPT PACKING pc=0x0000023917db0002 sp=0x00000042f512e270
Event: 33.254 Thread 0x000002393dcd06c0 DEOPT UNPACKING pc=0x000002391741dece sp=0x00000042f512d828 mode 0
Event: 33.255 Thread 0x000002393dcd06c0 DEOPT PACKING pc=0x0000023917db0002 sp=0x00000042f512e270
Event: 33.255 Thread 0x000002393dcd06c0 DEOPT UNPACKING pc=0x000002391741dece sp=0x00000042f512d828 mode 0
Event: 33.256 Thread 0x000002393dcd06c0 DEOPT PACKING pc=0x0000023917db0002 sp=0x00000042f512e270
Event: 33.256 Thread 0x000002393dcd06c0 DEOPT UNPACKING pc=0x000002391741dece sp=0x00000042f512d828 mode 0
Event: 33.258 Thread 0x000002393dcd06c0 DEOPT PACKING pc=0x0000023917db0002 sp=0x00000042f512e270
Event: 33.258 Thread 0x000002393dcd06c0 DEOPT UNPACKING pc=0x000002391741dece sp=0x00000042f512d828 mode 0
Event: 33.260 Thread 0x000002393dcd06c0 DEOPT PACKING pc=0x0000023917db0002 sp=0x00000042f512e270
Event: 33.260 Thread 0x000002393dcd06c0 DEOPT UNPACKING pc=0x000002391741dece sp=0x00000042f512d828 mode 0
Event: 33.262 Thread 0x000002393dcd06c0 DEOPT PACKING pc=0x0000023917db0002 sp=0x00000042f512e270
Event: 33.262 Thread 0x000002393dcd06c0 DEOPT UNPACKING pc=0x000002391741dece sp=0x00000042f512d828 mode 0
Event: 33.268 Thread 0x000002393dcd3690 DEOPT PACKING pc=0x0000023917bbc50f sp=0x00000042f3f8b860
Event: 33.268 Thread 0x000002393dcd3690 DEOPT UNPACKING pc=0x000002391741dece sp=0x00000042f3f8acf8 mode 0
Event: 33.268 Thread 0x000002393dcd3690 DEOPT PACKING pc=0x0000023917bbc50f sp=0x00000042f3f8b860
Event: 33.268 Thread 0x000002393dcd3690 DEOPT UNPACKING pc=0x000002391741dece sp=0x00000042f3f8acf8 mode 0

Classes unloaded (0 events):
No events

Classes redefined (0 events):
No events

Internal exceptions (20 events):
Event: 0.595 Thread 0x000002390e430c40 Exception <a 'java/lang/NoSuchMethodError'{0x0000000620f0cfa8}: 'java.lang.Object java.lang.invoke.DirectMethodHandle$Holder.newInvokeSpecial(java.lang.Object, java.lang.Object, java.lang.Object, java.lang.Object, java.lang.Object)'> (0x0000000620f0cfa8) 
thrown [t:\workspace\open\src\hotspot\share\interpreter\linkResolver.cpp, line 790]
Event: 0.597 Thread 0x000002390e430c40 Exception <a 'java/lang/NoSuchMethodError'{0x0000000620f18a90}: 'java.lang.Object java.lang.invoke.DirectMethodHandle$Holder.invokeStatic(java.lang.Object, int, java.lang.Object, java.lang.Object, java.lang.Object, java.lang.Object)'> (0x0000000620f18a90) 
thrown [t:\workspace\open\src\hotspot\share\interpreter\linkResolver.cpp, line 790]
Event: 0.605 Thread 0x000002390e430c40 Exception <a 'java/lang/NoSuchMethodError'{0x0000000620f3f128}: 'java.lang.Object java.lang.invoke.DirectMethodHandle$Holder.invokeStatic(java.lang.Object, int, java.lang.Object)'> (0x0000000620f3f128) 
thrown [t:\workspace\open\src\hotspot\share\interpreter\linkResolver.cpp, line 790]
Event: 0.639 Thread 0x000002390e430c40 Exception <a 'java/lang/ClassNotFoundException'{0x0000000620ffb390}: com/sun/swing/internal/plaf/metal/resources/spi/metalProvider> (0x0000000620ffb390) 
thrown [t:\workspace\open\src\hotspot\share\classfile\systemDictionary.cpp, line 256]
Event: 0.640 Thread 0x000002390e430c40 Exception <a 'java/lang/ClassNotFoundException'{0x0000000620fff3f8}: com/sun/swing/internal/plaf/basic/resources/spi/basicProvider> (0x0000000620fff3f8) 
thrown [t:\workspace\open\src\hotspot\share\classfile\systemDictionary.cpp, line 256]
Event: 0.668 Thread 0x000002393dcd3690 Exception <a 'java/lang/NoSuchMethodError'{0x00000006209f3308}: 'void java.lang.invoke.DirectMethodHandle$Holder.invokeStaticInit(java.lang.Object)'> (0x00000006209f3308) 
thrown [t:\workspace\open\src\hotspot\share\interpreter\linkResolver.cpp, line 790]
Event: 0.781 Thread 0x000002393d574b70 Exception <a 'java/lang/NoSuchMethodError'{0x00000006211c9e88}: 'void java.lang.invoke.DirectMethodHandle$Holder.invokeVirtual(java.lang.Object, java.lang.Object)'> (0x00000006211c9e88) 
thrown [t:\workspace\open\src\hotspot\share\interpreter\linkResolver.cpp, line 790]
Event: 0.829 Thread 0x000002390e430c40 Exception <a 'java/lang/NoSuchMethodError'{0x0000000620639a80}: 'int java.lang.invoke.DirectMethodHandle$Holder.invokeStatic(java.lang.Object)'> (0x0000000620639a80) 
thrown [t:\workspace\open\src\hotspot\share\interpreter\linkResolver.cpp, line 790]
Event: 5.941 Thread 0x000002393dcd06c0 Implicit null exception at 0x000002391ef0c520 to 0x000002391ef0c5f0
Event: 6.158 Thread 0x000002393dcd0170 Exception <a 'java/lang/NoSuchMethodError'{0x0000000621005398}: 'java.lang.Object java.lang.invoke.DirectMethodHandle$Holder.invokeStaticInit(java.lang.Object, java.lang.Object, java.lang.Object, java.lang.Object)'> (0x0000000621005398) 
thrown [t:\workspace\open\src\hotspot\share\interpreter\linkResolver.cpp, line 790]
Event: 7.984 Thread 0x000002393dcd3690 Exception <a 'java/lang/NullPointerException'{0x00000006211195c0}> (0x00000006211195c0) 
thrown [t:\workspace\open\src\hotspot\share\interpreter\linkResolver.cpp, line 1385]
Event: 12.651 Thread 0x000002393dcd06c0 Exception <a 'java/lang/NoSuchMethodError'{0x0000000620c66c50}: 'java.lang.Object java.lang.invoke.DirectMethodHandle$Holder.invokeSpecial(java.lang.Object, java.lang.Object, long, java.lang.Object, int, int, int, int, java.lang.Object, java.lang.Object, java.lang.Object)'> (0x0000000620c66c50) 
thrown [t:\workspace\open\src\hotspot\share\interpreter\linkResolver.cpp, line 790]
Event: 12.653 Thread 0x000002393dcd06c0 Exception <a 'java/lang/NoSuchMethodError'{0x0000000620c6b650}: 'java.lang.Object java.lang.invoke.DelegatingMethodHandle$Holder.reinvoke_L(java.lang.Object, long, java.lang.Object, int, int, int, int, java.lang.Object, java.lang.Object, java.lang.Object)'> (0x0000000620c6b650) 
thrown [t:\workspace\open\src\hotspot\share\interpreter\linkResolver.cpp, line 790]
Event: 12.702 Thread 0x000002393dcd06c0 Exception <a 'java/lang/NoSuchMethodError'{0x0000000620cdf618}: 'java.lang.Object java.lang.invoke.DirectMethodHandle$Holder.invokeSpecial(java.lang.Object, java.lang.Object, long, java.lang.Object, java.lang.Object, java.lang.Object, java.lang.Object, int, java.lang.Object, java.lang.Object, java.lang.Object)'> (0x0000000620cdf618) 
thrown [t:\workspace\open\src\hotspot\share\interpreter\linkResolver.cpp, line 790]
Event: 12.703 Thread 0x000002393dcd06c0 Exception <a 'java/lang/NoSuchMethodError'{0x0000000620ce4378}: 'java.lang.Object java.lang.invoke.DelegatingMethodHandle$Holder.reinvoke_L(java.lang.Object, long, java.lang.Object, java.lang.Object, java.lang.Object, java.lang.Object, int, java.lang.Object, java.lang.Object, java.lang.Object)'> (0x0000000620ce4378) 
thrown [t:\workspace\open\src\hotspot\share\interpreter\linkResolver.cpp, line 790]
Event: 12.758 Thread 0x000002393dcd06c0 Exception <a 'java/lang/NoSuchMethodError'{0x0000000620d6db98}: 'java.lang.Object java.lang.invoke.DirectMethodHandle$Holder.invokeSpecial(java.lang.Object, java.lang.Object, long, java.lang.Object, java.lang.Object, java.lang.Object, java.lang.Object, java.lang.Object, java.lang.Object, java.lang.Object)'> (0x0000000620d6db98) 
thrown [t:\workspace\open\src\hotspot\share\interpreter\linkResolver.cpp, line 790]
Event: 12.760 Thread 0x000002393dcd06c0 Exception <a 'java/lang/NoSuchMethodError'{0x0000000620d728a0}: 'java.lang.Object java.lang.invoke.DelegatingMethodHandle$Holder.reinvoke_L(java.lang.Object, long, java.lang.Object, java.lang.Object, java.lang.Object, java.lang.Object, java.lang.Object, java.lang.Object, java.lang.Object)'> (0x0000000620d728a0) 
thrown [t:\workspace\open\src\hotspot\share\interpreter\linkResolver.cpp, line 790]
Event: 12.769 Thread 0x000002393dcd06c0 Exception <a 'java/lang/NoSuchMethodError'{0x0000000620d8ab90}: 'java.lang.Object java.lang.invoke.DirectMethodHandle$Holder.invokeSpecial(java.lang.Object, java.lang.Object, java.lang.Object, java.lang.Object, java.lang.Object, java.lang.Object, java.lang.Object, java.lang.Object, java.lang.Object)'> (0x0000000620d8ab90) 
thrown [t:\workspace\open\src\hotspot\share\interpreter\linkResolver.cpp, line 790]
Event: 12.770 Thread 0x000002393dcd06c0 Exception <a 'java/lang/NoSuchMethodError'{0x0000000620d8f770}: 'java.lang.Object java.lang.invoke.Invokers$Holder.linkToTargetMethod(java.lang.Object, java.lang.Object, java.lang.Object, java.lang.Object, java.lang.Object, java.lang.Object, java.lang.Object, java.lang.Object)'> (0x0000000620d8f770) 
thrown [t:\workspace\open\src\hotspot\share\interpreter\linkResolver.cpp, line 790]
Event: 13.426 Thread 0x000002393dcd3690 Exception <a 'java/lang/NoSuchMethodError'{0x00000006211652f0}: 'void java.lang.invoke.DirectMethodHandle$Holder.invokeSpecial(java.lang.Object, java.lang.Object, java.lang.Object, java.lang.Object, java.lang.Object)'> (0x00000006211652f0) 
thrown [t:\workspace\open\src\hotspot\share\interpreter\linkResolver.cpp, line 790]

Events (20 events):
Event: 33.171 Thread 0x000002393dcd0c10 Thread added: 0x000002393dcd0c10
Event: 33.171 Thread 0x000002393dcd16b0 Thread added: 0x000002393dcd16b0
Event: 33.173 Thread 0x000002393dccd1a0 Thread exited: 0x000002393dccd1a0
Event: 33.180 Thread 0x000002393dcd0c10 Thread exited: 0x000002393dcd0c10
Event: 33.187 Thread 0x000002393dccd6f0 Thread exited: 0x000002393dccd6f0
Event: 33.199 Thread 0x000002393dcd26a0 Thread exited: 0x000002393dcd26a0
Event: 33.201 Executing  VM operation: G1CollectForAllocation
Event: 33.210 Executing  VM operation: G1CollectForAllocation done
Event: 33.228 loading class sun/nio/cs/UTF_16BE$Decoder
Event: 33.228 loading class sun/nio/cs/UTF_16BE$Decoder done
Event: 33.229 Executing  VM operation: HandshakeAllThreads
Event: 33.229 Executing  VM operation: HandshakeAllThreads done
Event: 33.246 Thread 0x000002393dcd4130 Thread exited: 0x000002393dcd4130
Event: 33.263 Thread 0x000002393d574b70 Thread exited: 0x000002393d574b70
Event: 33.270 loading class java/lang/Throwable$WrappedPrintStream
Event: 33.270 loading class java/lang/Throwable$PrintStreamOrWriter
Event: 33.270 loading class java/lang/Throwable$PrintStreamOrWriter done
Event: 33.270 loading class java/lang/Throwable$WrappedPrintStream done
Event: 33.270 loading class java/lang/StackTraceElement$HashedModules
Event: 33.270 loading class java/lang/StackTraceElement$HashedModules done


Dynamic libraries:
0x00007ff6cd040000 - 0x00007ff6cd050000 	C:\Program Files\Java\jdk-16\bin\java.exe
0x00007ff97c9f0000 - 0x00007ff97cbe5000 	C:\WINDOWS\SYSTEM32\ntdll.dll
0x00007ff97c710000 - 0x00007ff97c7cd000 	C:\WINDOWS\System32\KERNEL32.DLL
0x00007ff97a470000 - 0x00007ff97a738000 	C:\WINDOWS\System32\KERNELBASE.dll
0x00007ff97a740000 - 0x00007ff97a840000 	C:\WINDOWS\System32\ucrtbase.dll
0x00007ff969a80000 - 0x00007ff969a99000 	C:\Program Files\Java\jdk-16\bin\VCRUNTIME140.dll
0x00007ff9661e0000 - 0x00007ff9661f8000 	C:\Program Files\Java\jdk-16\bin\jli.dll
0x00007ff97c250000 - 0x00007ff97c2fc000 	C:\WINDOWS\System32\ADVAPI32.dll
0x00007ff97c140000 - 0x00007ff97c1de000 	C:\WINDOWS\System32\msvcrt.dll
0x00007ff97aef0000 - 0x00007ff97af8b000 	C:\WINDOWS\System32\sechost.dll
0x00007ff97c880000 - 0x00007ff97c9ab000 	C:\WINDOWS\System32\RPCRT4.dll
0x00007ff97ad50000 - 0x00007ff97aef0000 	C:\WINDOWS\System32\USER32.dll
0x00007ff961710000 - 0x00007ff9619aa000 	C:\WINDOWS\WinSxS\amd64_microsoft.windows.common-controls_6595b64144ccf1df_6.0.19041.844_none_ca00b6081b84eb1d\COMCTL32.dll
0x00007ff97a390000 - 0x00007ff97a3b2000 	C:\WINDOWS\System32\win32u.dll
0x00007ff97b4f0000 - 0x00007ff97b51a000 	C:\WINDOWS\System32\GDI32.dll
0x00007ff97a130000 - 0x00007ff97a23b000 	C:\WINDOWS\System32\gdi32full.dll
0x00007ff97a2c0000 - 0x00007ff97a35d000 	C:\WINDOWS\System32\msvcp_win.dll
0x00007ff96fb90000 - 0x00007ff96fb9a000 	C:\WINDOWS\SYSTEM32\VERSION.dll
0x00007ff97b520000 - 0x00007ff97b550000 	C:\WINDOWS\System32\IMM32.DLL
0x00007ff974600000 - 0x00007ff97460c000 	C:\Program Files\Java\jdk-16\bin\vcruntime140_1.dll
0x00007ff966140000 - 0x00007ff9661d1000 	C:\Program Files\Java\jdk-16\bin\msvcp140.dll
0x00007ff908630000 - 0x00007ff9091db000 	C:\Program Files\Java\jdk-16\bin\server\jvm.dll
0x00007ff97b9e0000 - 0x00007ff97b9e8000 	C:\WINDOWS\System32\PSAPI.DLL
0x00007ff96f540000 - 0x00007ff96f567000 	C:\WINDOWS\SYSTEM32\WINMM.dll
0x00007ff96f4d0000 - 0x00007ff96f4d9000 	C:\WINDOWS\SYSTEM32\WSOCK32.dll
0x00007ff97b960000 - 0x00007ff97b9cb000 	C:\WINDOWS\System32\WS2_32.dll
0x00007ff978070000 - 0x00007ff978082000 	C:\WINDOWS\SYSTEM32\kernel.appcore.dll
0x00007ff9744b0000 - 0x00007ff9744ba000 	C:\Program Files\Java\jdk-16\bin\jimage.dll
0x00007ff9778c0000 - 0x00007ff977aa4000 	C:\WINDOWS\SYSTEM32\DBGHELP.DLL
0x00007ff96cb00000 - 0x00007ff96cb2c000 	C:\WINDOWS\SYSTEM32\dbgcore.DLL
0x00007ff97a240000 - 0x00007ff97a2c0000 	C:\WINDOWS\System32\bcryptPrimitives.dll
0x00007ff94a630000 - 0x00007ff94a66b000 	C:\Program Files\Java\jdk-16\bin\jdwp.dll
0x00007ff94fc00000 - 0x00007ff94fc25000 	C:\Program Files\Java\jdk-16\bin\java.dll
0x00007ff97b9f0000 - 0x00007ff97c132000 	C:\WINDOWS\System32\SHELL32.dll
0x00007ff978230000 - 0x00007ff9789c1000 	C:\WINDOWS\SYSTEM32\windows.storage.dll
0x00007ff97b600000 - 0x00007ff97b955000 	C:\WINDOWS\System32\combase.dll
0x00007ff979ad0000 - 0x00007ff979afc000 	C:\WINDOWS\SYSTEM32\Wldp.dll
0x00007ff97c7d0000 - 0x00007ff97c87e000 	C:\WINDOWS\System32\SHCORE.dll
0x00007ff97c1f0000 - 0x00007ff97c245000 	C:\WINDOWS\System32\shlwapi.dll
0x00007ff97a070000 - 0x00007ff97a08f000 	C:\WINDOWS\SYSTEM32\profapi.dll
0x00007ff971c30000 - 0x00007ff971c3c000 	C:\Program Files\Java\jdk-16\bin\dt_socket.dll
0x00007ff979570000 - 0x00007ff9795ab000 	C:\WINDOWS\SYSTEM32\IPHLPAPI.DLL
0x00007ff9798b0000 - 0x00007ff97991a000 	C:\WINDOWS\system32\mswsock.dll
0x00007ff966120000 - 0x00007ff966139000 	C:\Program Files\Java\jdk-16\bin\net.dll
0x00007ff971870000 - 0x00007ff97197b000 	C:\WINDOWS\SYSTEM32\WINHTTP.dll
0x00007ff962a00000 - 0x00007ff962a13000 	C:\Program Files\Java\jdk-16\bin\nio.dll
0x00007ff9526c0000 - 0x00007ff9526d8000 	C:\Program Files\Java\jdk-16\bin\zip.dll
0x00007ff919fe0000 - 0x00007ff91a160000 	C:\Program Files\Java\jdk-16\bin\awt.dll
0x00007ff97ac80000 - 0x00007ff97ad4d000 	C:\WINDOWS\System32\OLEAUT32.dll
0x00007ff977560000 - 0x00007ff9775f0000 	C:\WINDOWS\SYSTEM32\apphelp.dll
0x00007ff977d30000 - 0x00007ff977d5f000 	C:\WINDOWS\system32\DWMAPI.DLL
0x00007ff977700000 - 0x00007ff97779e000 	C:\WINDOWS\system32\uxtheme.dll
0x00007ff961130000 - 0x00007ff961256000 	C:\WINDOWS\system32\opengl32.dll
0x00007ff961100000 - 0x00007ff96112c000 	C:\WINDOWS\SYSTEM32\GLU32.dll
0x00007ff97c360000 - 0x00007ff97c475000 	C:\WINDOWS\System32\MSCTF.dll
0x00007ff97aa70000 - 0x00007ff97ab9a000 	C:\WINDOWS\System32\ole32.dll
0x00007ff9441d0000 - 0x00007ff94439e000 	C:\WINDOWS\system32\d3d9.dll
0x00007ff979d20000 - 0x00007ff979d32000 	C:\WINDOWS\SYSTEM32\msasn1.dll
0x00007ff96fb50000 - 0x00007ff96fb81000 	C:\WINDOWS\SYSTEM32\cryptnet.dll
0x00007ff97a840000 - 0x00007ff97a99f000 	C:\WINDOWS\System32\CRYPT32.dll
0x00007ff979a30000 - 0x00007ff979a3c000 	C:\WINDOWS\SYSTEM32\cryptbase.dll
0x00007ff97a9a0000 - 0x00007ff97aa00000 	C:\WINDOWS\System32\WINTRUST.DLL
0x00007ff97aa50000 - 0x00007ff97aa6d000 	C:\WINDOWS\System32\imagehlp.dll
0x00007ff979b10000 - 0x00007ff979b28000 	C:\WINDOWS\SYSTEM32\CRYPTSP.dll
0x00007ff979200000 - 0x00007ff979234000 	C:\WINDOWS\system32\rsaenh.dll
0x00007ff97a360000 - 0x00007ff97a387000 	C:\WINDOWS\System32\bcrypt.dll
0x000002393cbd0000 - 0x000002393cbd3000 	C:\Users\Jackson Atkins\IdeaProjects\p2-beedrill\javafx-sdk-11.0.2\bin\api-ms-win-core-console-l1-1-0.dll
0x000002393e100000 - 0x000002393e103000 	C:\Users\Jackson Atkins\IdeaProjects\p2-beedrill\javafx-sdk-11.0.2\bin\api-ms-win-core-datetime-l1-1-0.dll
0x000002393e110000 - 0x000002393e113000 	C:\Users\Jackson Atkins\IdeaProjects\p2-beedrill\javafx-sdk-11.0.2\bin\api-ms-win-core-debug-l1-1-0.dll
0x000002393e120000 - 0x000002393e123000 	C:\Users\Jackson Atkins\IdeaProjects\p2-beedrill\javafx-sdk-11.0.2\bin\api-ms-win-core-errorhandling-l1-1-0.dll
0x000002393e130000 - 0x000002393e134000 	C:\Users\Jackson Atkins\IdeaProjects\p2-beedrill\javafx-sdk-11.0.2\bin\api-ms-win-core-file-l1-1-0.dll
0x000002393e4b0000 - 0x000002393e4b3000 	C:\Users\Jackson Atkins\IdeaProjects\p2-beedrill\javafx-sdk-11.0.2\bin\api-ms-win-core-file-l1-2-0.dll
0x000002393e490000 - 0x000002393e493000 	C:\Users\Jackson Atkins\IdeaProjects\p2-beedrill\javafx-sdk-11.0.2\bin\api-ms-win-core-file-l2-1-0.dll
0x000002393e4c0000 - 0x000002393e4c3000 	C:\Users\Jackson Atkins\IdeaProjects\p2-beedrill\javafx-sdk-11.0.2\bin\api-ms-win-core-handle-l1-1-0.dll
0x000002393e4d0000 - 0x000002393e4d3000 	C:\Users\Jackson Atkins\IdeaProjects\p2-beedrill\javafx-sdk-11.0.2\bin\api-ms-win-core-heap-l1-1-0.dll
0x000002393e4e0000 - 0x000002393e4e3000 	C:\Users\Jackson Atkins\IdeaProjects\p2-beedrill\javafx-sdk-11.0.2\bin\api-ms-win-core-interlocked-l1-1-0.dll
0x00000239424f0000 - 0x00000239424f3000 	C:\Users\Jackson Atkins\IdeaProjects\p2-beedrill\javafx-sdk-11.0.2\bin\api-ms-win-core-libraryloader-l1-1-0.dll
0x0000023942500000 - 0x0000023942503000 	C:\Users\Jackson Atkins\IdeaProjects\p2-beedrill\javafx-sdk-11.0.2\bin\api-ms-win-core-localization-l1-2-0.dll
0x0000023942510000 - 0x0000023942513000 	C:\Users\Jackson Atkins\IdeaProjects\p2-beedrill\javafx-sdk-11.0.2\bin\api-ms-win-core-memory-l1-1-0.dll
0x0000023942520000 - 0x0000023942523000 	C:\Users\Jackson Atkins\IdeaProjects\p2-beedrill\javafx-sdk-11.0.2\bin\api-ms-win-core-namedpipe-l1-1-0.dll
0x0000023942530000 - 0x0000023942533000 	C:\Users\Jackson Atkins\IdeaProjects\p2-beedrill\javafx-sdk-11.0.2\bin\api-ms-win-core-processenvironment-l1-1-0.dll
0x0000023942540000 - 0x0000023942543000 	C:\Users\Jackson Atkins\IdeaProjects\p2-beedrill\javafx-sdk-11.0.2\bin\api-ms-win-core-processthreads-l1-1-0.dll
0x0000023942550000 - 0x0000023942553000 	C:\Users\Jackson Atkins\IdeaProjects\p2-beedrill\javafx-sdk-11.0.2\bin\api-ms-win-core-processthreads-l1-1-1.dll
0x0000023942560000 - 0x0000023942563000 	C:\Users\Jackson Atkins\IdeaProjects\p2-beedrill\javafx-sdk-11.0.2\bin\api-ms-win-core-profile-l1-1-0.dll
0x0000023942570000 - 0x0000023942573000 	C:\Users\Jackson Atkins\IdeaProjects\p2-beedrill\javafx-sdk-11.0.2\bin\api-ms-win-core-rtlsupport-l1-1-0.dll
0x00007ff93af30000 - 0x00007ff93b1e9000 	C:\WINDOWS\system32\nvspcap64.dll
0x0000023942580000 - 0x0000023942583000 	C:\Users\Jackson Atkins\IdeaProjects\p2-beedrill\javafx-sdk-11.0.2\bin\api-ms-win-core-string-l1-1-0.dll
0x00007ff978e10000 - 0x00007ff978e43000 	C:\WINDOWS\SYSTEM32\ntmarta.dll
0x0000023942590000 - 0x0000023942593000 	C:\Users\Jackson Atkins\IdeaProjects\p2-beedrill\javafx-sdk-11.0.2\bin\api-ms-win-core-synch-l1-1-0.dll
0x00000239425a0000 - 0x00000239425a3000 	C:\Users\Jackson Atkins\IdeaProjects\p2-beedrill\javafx-sdk-11.0.2\bin\api-ms-win-core-synch-l1-2-0.dll
0x00000239445d0000 - 0x00000239445d3000 	C:\Users\Jackson Atkins\IdeaProjects\p2-beedrill\javafx-sdk-11.0.2\bin\api-ms-win-core-sysinfo-l1-1-0.dll
0x00000239445e0000 - 0x00000239445e3000 	C:\Users\Jackson Atkins\IdeaProjects\p2-beedrill\javafx-sdk-11.0.2\bin\api-ms-win-core-timezone-l1-1-0.dll
0x00000239445f0000 - 0x00000239445f3000 	C:\Users\Jackson Atkins\IdeaProjects\p2-beedrill\javafx-sdk-11.0.2\bin\api-ms-win-core-util-l1-1-0.dll
0x0000023944600000 - 0x0000023944603000 	C:\Users\Jackson Atkins\IdeaProjects\p2-beedrill\javafx-sdk-11.0.2\bin\api-ms-win-crt-conio-l1-1-0.dll
0x00000239446c0000 - 0x00000239446c4000 	C:\Users\Jackson Atkins\IdeaProjects\p2-beedrill\javafx-sdk-11.0.2\bin\api-ms-win-crt-convert-l1-1-0.dll
0x0000023944610000 - 0x0000023944613000 	C:\Users\Jackson Atkins\IdeaProjects\p2-beedrill\javafx-sdk-11.0.2\bin\api-ms-win-crt-environment-l1-1-0.dll
0x0000023944620000 - 0x0000023944623000 	C:\Users\Jackson Atkins\IdeaProjects\p2-beedrill\javafx-sdk-11.0.2\bin\api-ms-win-crt-filesystem-l1-1-0.dll
0x0000023944630000 - 0x0000023944633000 	C:\Users\Jackson Atkins\IdeaProjects\p2-beedrill\javafx-sdk-11.0.2\bin\api-ms-win-crt-heap-l1-1-0.dll
0x0000023944640000 - 0x0000023944643000 	C:\Users\Jackson Atkins\IdeaProjects\p2-beedrill\javafx-sdk-11.0.2\bin\api-ms-win-crt-locale-l1-1-0.dll
0x0000023944650000 - 0x0000023944655000 	C:\Users\Jackson Atkins\IdeaProjects\p2-beedrill\javafx-sdk-11.0.2\bin\api-ms-win-crt-math-l1-1-0.dll
0x0000023944660000 - 0x0000023944665000 	C:\Users\Jackson Atkins\IdeaProjects\p2-beedrill\javafx-sdk-11.0.2\bin\api-ms-win-crt-multibyte-l1-1-0.dll
0x0000023944670000 - 0x0000023944680000 	C:\Users\Jackson Atkins\IdeaProjects\p2-beedrill\javafx-sdk-11.0.2\bin\api-ms-win-crt-private-l1-1-0.dll
0x0000023944680000 - 0x0000023944683000 	C:\Users\Jackson Atkins\IdeaProjects\p2-beedrill\javafx-sdk-11.0.2\bin\api-ms-win-crt-process-l1-1-0.dll
0x0000023944690000 - 0x0000023944694000 	C:\Users\Jackson Atkins\IdeaProjects\p2-beedrill\javafx-sdk-11.0.2\bin\api-ms-win-crt-runtime-l1-1-0.dll
0x00000239446a0000 - 0x00000239446a4000 	C:\Users\Jackson Atkins\IdeaProjects\p2-beedrill\javafx-sdk-11.0.2\bin\api-ms-win-crt-stdio-l1-1-0.dll
0x00000239446b0000 - 0x00000239446b4000 	C:\Users\Jackson Atkins\IdeaProjects\p2-beedrill\javafx-sdk-11.0.2\bin\api-ms-win-crt-string-l1-1-0.dll
0x00000239446d0000 - 0x00000239446d3000 	C:\Users\Jackson Atkins\IdeaProjects\p2-beedrill\javafx-sdk-11.0.2\bin\api-ms-win-crt-time-l1-1-0.dll
0x00007ff9789e0000 - 0x00007ff978a03000 	C:\WINDOWS\SYSTEM32\gpapi.dll
0x00000239446e0000 - 0x00000239446e3000 	C:\Users\Jackson Atkins\IdeaProjects\p2-beedrill\javafx-sdk-11.0.2\bin\api-ms-win-crt-utility-l1-1-0.dll
0x00007ff93a400000 - 0x00007ff93a4fa000 	C:\Users\Jackson Atkins\IdeaProjects\p2-beedrill\javafx-sdk-11.0.2\bin\ucrtbase.dll
0x00007ff94a510000 - 0x00007ff94a526000 	C:\Users\Jackson Atkins\IdeaProjects\p2-beedrill\javafx-sdk-11.0.2\bin\vcruntime140.dll
0x00007ff9370a0000 - 0x00007ff937146000 	C:\Users\Jackson Atkins\IdeaProjects\p2-beedrill\javafx-sdk-11.0.2\bin\msvcp140.dll
0x00007ff949100000 - 0x00007ff949151000 	C:\Users\Jackson Atkins\IdeaProjects\p2-beedrill\javafx-sdk-11.0.2\bin\concrt140.dll
0x00007ff96fcd0000 - 0x00007ff96fd0b000 	C:\WINDOWS\SYSTEM32\dxcore.dll
0x00007ff97aa00000 - 0x00007ff97aa4e000 	C:\WINDOWS\System32\cfgmgr32.dll
0x00007ff93a3d0000 - 0x00007ff93a3f3000 	C:\Users\Jackson Atkins\IdeaProjects\p2-beedrill\javafx-sdk-11.0.2\bin\prism_d3d.dll
0x00007ff931fd0000 - 0x00007ff932015000 	C:\Users\Jackson Atkins\IdeaProjects\p2-beedrill\javafx-sdk-11.0.2\bin\glass.dll
0x00007ff97aba0000 - 0x00007ff97ac7a000 	C:\WINDOWS\System32\COMDLG32.dll
0x00007ff931ac0000 - 0x00007ff931b49000 	C:\Program Files\Java\jdk-16\bin\freetype.dll
0x00007ff91fe20000 - 0x00007ff91ff16000 	C:\Program Files\Java\jdk-16\bin\harfbuzz.dll
0x00007ff9490e0000 - 0x00007ff9490f2000 	C:\Program Files\Java\jdk-16\bin\fontmanager.dll
0x00007ff961fb0000 - 0x00007ff9620a9000 	C:\WINDOWS\SYSTEM32\textinputframework.dll
0x00007ff976c50000 - 0x00007ff976fae000 	C:\WINDOWS\System32\CoreUIComponents.dll
0x00007ff977330000 - 0x00007ff977422000 	C:\WINDOWS\System32\CoreMessaging.dll
0x00007ff975c70000 - 0x00007ff975dc4000 	C:\WINDOWS\SYSTEM32\wintypes.dll
0x00007ff97b550000 - 0x00007ff97b5f9000 	C:\WINDOWS\System32\clbcatq.dll
0x00007ff971c40000 - 0x00007ff971df4000 	C:\WINDOWS\SYSTEM32\WindowsCodecs.dll
0x00007ff952700000 - 0x00007ff95273e000 	C:\WINDOWS\system32\dataexchange.dll

dbghelp: loaded successfully - version: 4.0.5 - missing functions: none
symbol engine: initialized successfully - sym options: 0x614 - pdb path: .;C:\Program Files\Java\jdk-16\bin;C:\WINDOWS\SYSTEM32;C:\WINDOWS\WinSxS\amd64_microsoft.windows.common-controls_6595b64144ccf1df_6.0.19041.844_none_ca00b6081b84eb1d;C:\Program Files\Java\jdk-16\bin\server;C:\WINDOWS\System32\DriverStore\FileRepository\nvddi.inf_amd64_b94238950d70fdab;C:\Users\Jackson Atkins\IdeaProjects\p2-beedrill\javafx-sdk-11.0.2\bin

VM Arguments:
jvm_args: -agentlib:jdwp=transport=dt_socket,address=127.0.0.1:65281,suspend=y,server=n -Dfile.encoding=UTF-8 
java_command: chat.uMessage
java_class_path (initial): C:\Users\Jackson Atkins\IdeaProjects\p2-beedrill\bin;C:\Users\Jackson Atkins\IdeaProjects\p2-beedrill\Ab.jar;C:\Users\Jackson Atkins\IdeaProjects\p2-beedrill\chatter.jar;C:\Users\Jackson Atkins\IdeaProjects\p2-beedrill\jsoup-1.8.2.jar;C:\Users\Jackson Atkins\IdeaProjects\p2-beedrill\json-simple-1.1.1.jar;C:\Users\Jackson Atkins\IdeaProjects\p2-beedrill\testing.jar;C:\Users\Jackson Atkins\IdeaProjects\p2-beedrill\hamcrest-core-1.3.jar;C:\Users\Jackson Atkins\IdeaProjects\p2-beedrill\junit-4.12.jar;C:\Users\Jackson Atkins\IdeaProjects\p2-beedrill\javafx-sdk-11.0.2\lib\src.zip;C:\Users\Jackson Atkins\IdeaProjects\p2-beedrill\javafx-sdk-11.0.2\lib\javafx-swt.jar;C:\Users\Jackson Atkins\IdeaProjects\p2-beedrill\javafx-sdk-11.0.2\lib\javafx.web.jar;C:\Users\Jackson Atkins\IdeaProjects\p2-beedrill\javafx-sdk-11.0.2\lib\javafx.base.jar;C:\Users\Jackson Atkins\IdeaProjects\p2-beedrill\javafx-sdk-11.0.2\lib\javafx.fxml.jar;C:\Users\Jackson Atkins\IdeaProjects\p2-beedrill\javafx-sdk-11.0.2\lib\javafx.media.jar;C:\Users\Jackson Atkins\IdeaProjects\p2-beedrill\javafx-sdk-11.0.2\lib\javafx.swing.jar;C:\Users\Jackson Atkins\IdeaProjects\p2-beedrill\javafx-sdk-11.0.2\lib\javafx.controls.jar;C:\Users\Jackson Atkins\IdeaProjects\p2-beedrill\javafx-sdk-11.0.2\lib\javafx.graphics.jar;A:\IntelliJ IDEA 2020.3.3\lib\idea_rt.jar
Launcher Type: SUN_STANDARD

[Global flags]
     intx CICompilerCount                          = 4                                         {product} {ergonomic}
     uint ConcGCThreads                            = 2                                         {product} {ergonomic}
     uint G1ConcRefinementThreads                  = 8                                         {product} {ergonomic}
   size_t G1HeapRegionSize                         = 4194304                                   {product} {ergonomic}
    uintx GCDrainStackTargetSize                   = 64                                        {product} {ergonomic}
   size_t InitialHeapSize                          = 536870912                                 {product} {ergonomic}
   size_t MarkStackSize                            = 4194304                                   {product} {ergonomic}
   size_t MaxHeapSize                              = 8564768768                                {product} {ergonomic}
   size_t MaxNewSize                               = 5138022400                                {product} {ergonomic}
   size_t MinHeapDeltaBytes                        = 4194304                                   {product} {ergonomic}
   size_t MinHeapSize                              = 8388608                                   {product} {ergonomic}
    uintx NonNMethodCodeHeapSize                   = 5839372                                {pd product} {ergonomic}
    uintx NonProfiledCodeHeapSize                  = 122909434                              {pd product} {ergonomic}
    uintx ProfiledCodeHeapSize                     = 122909434                              {pd product} {ergonomic}
    uintx ReservedCodeCacheSize                    = 251658240                              {pd product} {ergonomic}
     bool SegmentedCodeCache                       = true                                      {product} {ergonomic}
   size_t SoftMaxHeapSize                          = 8564768768                             {manageable} {ergonomic}
     bool UseCompressedClassPointers               = true                           {product lp64_product} {ergonomic}
     bool UseCompressedOops                        = true                           {product lp64_product} {ergonomic}
     bool UseG1GC                                  = true                                      {product} {ergonomic}
     bool UseLargePagesIndividualAllocation        = false                                  {pd product} {ergonomic}

Logging:
Log output configuration:
 #0: stdout all=warning uptime,level,tags
 #1: stderr all=off uptime,level,tags

Environment Variables:
JAVA_HOME=C:\Program Files\Java\jdk-9.0.4
PATH=C:\Program Files\Common Files\Oracle\Java\javapath;A:\VMWARE\bin\;C:\Program Files (x86)\Common Files\Intel\Shared Libraries\redist\intel64\compiler;C:\Program Files\AdoptOpenJDK\jdk-13.0.2.8-hotspot\bin;C:\Program Files (x86)\Common Files\Oracle\Java\javapath;C:\ProgramData\Oracle\Java\javapath;C:\Program Files (x86)\Intel\iCLS Client\;C:\Program Files\Intel\iCLS Client\;C:\Windows\System32;C:\Windows;C:\Windows\System32\wbem;C:\Windows\System32\WindowsPowerShell\v1.0\;C:\Program Files (x86)\Intel\Intel(R) Management Engine Components\DAL;C:\Program Files\Intel\Intel(R) Management Engine Components\DAL;C:\Program Files (x86)\Intel\Intel(R) Management Engine Components\IPT;C:\Program Files\Intel\Intel(R) Management Engine Components\IPT;C:\Program Files (x86)\NVIDIA Corporation\PhysX\Common;C:\Windows\System32;C:\Windows;C:\Windows\System32\wbem;C:\Windows\System32\WindowsPowerShell\v1.0\;C:\Windows\System32\OpenSSH\;d:\iracing;C:\Program Files\NVIDIA Corporation\NVIDIA NvDLISR;C:\Windows\System32;C:\Windows;C:\Windows\System32\wbem;C:\Windows\System32\WindowsPowerShell\v1.0\;C:\Windows\System32\OpenSSH\;C:\Program Files\Intel\WiFi\bin\;C:\Program Files\Common Files\Intel\WirelessCommon\;C:\Program Files (x86)\GnuPG\bin;C:\Program Files (x86)\QuickTime\QTSystem\;C:\ProgramData\chocolatey\bin;C:\Program Files\nodejs\;C:\Program Files (x86)\Yarn\bin\;C:\Program Files\Git\cmd;C:\Program Files\Cryptowatch Desktop\;C:\Users\Jackson Atkins\AppData\Local\Programs\Python\Python36-32\Scripts\;C:\Users\Jackson Atkins\AppData\Local\Programs\Python\Python36-32\;%USERPROFILE%\AppData\Local\Microsoft\WindowsApps;;C:\Users\Jackson Atkins\AppData\Local\Programs\Microsoft VS Code\bin;C:\Users\Jackson Atkins\AppData\Roaming\npm;C:\Users\Jackson Atkins\AppData\Local\Yarn\bin;C:\Users\Jackson Atkins\AppData\Local\hyper\app-3.0.2\resources\bin
USERNAME=Jackson Atkins
OS=Windows_NT
PROCESSOR_IDENTIFIER=Intel64 Family 6 Model 94 Stepping 3, GenuineIntel



---------------  S Y S T E M  ---------------

OS:
 Windows 10 , 64 bit Build 19041 (10.0.19041.928)
OS uptime: 0 days 5:09 hours
Hyper-V role detected

CPU: total 8 (initial active 8) (4 cores per cpu, 2 threads per core) family 6 model 94 stepping 3 microcode 0xcc, cx8, cmov, fxsr, ht, mmx, 3dnowpref, sse, sse2, sse3, ssse3, sse4.1, sse4.2, popcnt, lzcnt, tsc, tscinvbit, avx, avx2, aes, erms, clmul, bmi1, bmi2, rtm, adx, fma, vzeroupper, clflush, clflushopt, hv

Memory: 4k page, system-wide physical 32670M (21323M free)
TotalPageFile size 34718M (AvailPageFile size 17886M)
current process WorkingSet (physical memory assigned to process): 260M, peak: 260M
current process commit charge ("private bytes"): 717M, peak: 717M

vm_info: Java HotSpot(TM) 64-Bit Server VM (16+36-2231) for windows-amd64 JRE (16+36-2231), built on Feb  8 2021 11:43:10 by "mach5one" with MS VC++ 16.7 (VS2019)

END.
