#
# A fatal error has been detected by the Java Runtime Environment:
#
#  EXCEPTION_ACCESS_VIOLATION (0xc0000005) at pc=0x00007ffffcf6ff1d, pid=26356, tid=24496
#
# JRE version: Java(TM) SE Runtime Environment (16.0+36) (build 16+36-2231)
# Java VM: Java HotSpot(TM) 64-Bit Server VM (16+36-2231, mixed mode, sharing, tiered, compressed oops, g1 gc, windows-amd64)
# Problematic frame:
# C  0x00007ffffcf6ff1d
#
# No core dump will be written. Minidumps are not enabled by default on client versions of Windows
#
# If you would like to submit a bug report, please visit:
#   https://bugreport.java.com/bugreport/crash.jsp
# The crash happened outside the Java Virtual Machine in native code.
# See problematic frame for where to report the bug.
#

---------------  S U M M A R Y ------------

Command Line: -agentlib:jdwp=transport=dt_socket,address=127.0.0.1:61886,suspend=y,server=n -Dfile.encoding=UTF-8 chat.uMessage

Host: Intel(R) Core(TM) i7-6700K CPU @ 4.00GHz, 8 cores, 31G,  Windows 10 , 64 bit Build 19041 (10.0.19041.928)
Time: Mon May  3 16:37:22 2021 Pacific Daylight Time elapsed time: 104.283798 seconds (0d 0h 1m 44s)

---------------  T H R E A D  ---------------

Current thread (0x0000024e15d71050):  JavaThread "JavaFX Application Thread" [_thread_in_native, id=24496, stack(0x000000e437200000,0x000000e437300000)]

Stack: [0x000000e437200000,0x000000e437300000],  sp=0x000000e4372fc8e0,  free space=1010k
Native frames: (J=compiled Java code, j=interpreted, Vv=VM code, C=native code)
C  0x00007ffffcf6ff1d

Java frames: (J=compiled Java code, j=interpreted, Vv=VM code)
j  com.sun.webkit.WebPage.twkInit(JZF)V+0
j  com.sun.webkit.WebPage.<init>(Lcom/sun/webkit/WebPageClient;Lcom/sun/webkit/UIClient;Lcom/sun/webkit/PolicyClient;Lcom/sun/webkit/InspectorClient;Lcom/sun/webkit/ThemeClient;Z)V+196
j  javafx.scene.web.WebEngine.<init>(Ljava/lang/String;Z)V+275
j  javafx.scene.web.WebEngine.<init>()V+3
j  javafx.scene.web.WebView.<init>()V+60
j  chat.ChatWindow$5.lambda$run$0()V+8
j  chat.ChatWindow$5$$Lambda$219+0x0000000800dd78b0.run()V+4
j  com.sun.javafx.application.PlatformImpl.lambda$runLater$10(Ljava/lang/Runnable;)Ljava/lang/Void;+1
j  com.sun.javafx.application.PlatformImpl$$Lambda$220+0x0000000800dd7d00.run()Ljava/lang/Object;+4
J 1467 c1 java.security.AccessController.doPrivileged(Ljava/security/PrivilegedAction;Ljava/security/AccessControlContext;)Ljava/lang/Object; java.base@16 (17 bytes) @ 0x0000024e70d0c574 [0x0000024e70d0c380+0x00000000000001f4]
j  com.sun.javafx.application.PlatformImpl.lambda$runLater$11(Ljava/lang/Runnable;Ljava/security/AccessControlContext;)V+7
j  com.sun.javafx.application.PlatformImpl$$Lambda$218+0x0000000800dd7690.run()V+8
j  com.sun.glass.ui.InvokeLaterDispatcher$Future.run()V+4
v  ~StubRoutines::call_stub
j  com.sun.glass.ui.win.WinApplication._runLoop(Ljava/lang/Runnable;)V+0
j  com.sun.glass.ui.win.WinApplication.lambda$runLoop$3(ILjava/lang/Runnable;)V+8
j  com.sun.glass.ui.win.WinApplication$$Lambda$78+0x0000000800c917f8.run()V+12
j  java.lang.Thread.run()V+11 java.base@16
v  ~StubRoutines::call_stub

siginfo: EXCEPTION_ACCESS_VIOLATION (0xc0000005), writing address 0x0000000000000000


Register to memory mapping:

RIP=0x00007ffffcf6ff1d points into unknown readable memory: ff 01 48
RAX=0x000000e4372fc958 is pointing into the stack for thread: 0x0000024e15d71050
RBX=0x0000024e221c7998 points into unknown readable memory: 0x0000000000000000 | 00 00 00 00 00 00 00 00
RCX=0x0 is NULL
RDX=0x00007ffffdf09538 points into unknown readable memory: 0x00000073656d6974 | 74 69 6d 65 73 00 00 00
RSP=0x000000e4372fc8e0 is pointing into the stack for thread: 0x0000024e15d71050
RBP=0x0000024e22e67350 points into unknown readable memory: 0xa411d3a400000002 | 02 00 00 00 a4 d3 11 a4
RSI=0x00007fffffdeb0e0 points into unknown readable memory: 0x00007ffffdd95190 | 90 51 d9 fd ff 7f 00 00
RDI=0x000000e4372fc978 is pointing into the stack for thread: 0x0000024e15d71050
R8 =0x0 is NULL
R9 =0xffff824e24d45660 is an unknown value
R10=0x0000000000000005 is an unknown value
R11=0x000000e4372fc8d0 is pointing into the stack for thread: 0x0000024e15d71050
R12=0x000000e4372fc988 is pointing into the stack for thread: 0x0000024e15d71050
R13=0x0000024e221c7998 points into unknown readable memory: 0x0000000000000000 | 00 00 00 00 00 00 00 00
R14=0x000000e4372fc9b0 is pointing into the stack for thread: 0x0000024e15d71050
R15=0x000000e4372fc9b0 is pointing into the stack for thread: 0x0000024e15d71050


Registers:
RAX=0x000000e4372fc958, RBX=0x0000024e221c7998, RCX=0x0000000000000000, RDX=0x00007ffffdf09538
RSP=0x000000e4372fc8e0, RBP=0x0000024e22e67350, RSI=0x00007fffffdeb0e0, RDI=0x000000e4372fc978
R8 =0x0000000000000000, R9 =0xffff824e24d45660, R10=0x0000000000000005, R11=0x000000e4372fc8d0
R12=0x000000e4372fc988, R13=0x0000024e221c7998, R14=0x000000e4372fc9b0, R15=0x000000e4372fc9b0
RIP=0x00007ffffcf6ff1d, EFLAGS=0x0000000000010246

Top of Stack: (sp=0x000000e4372fc8e0)
0x000000e4372fc8e0:   0000024e221c7998 0000024e22e67350
0x000000e4372fc8f0:   00007fffffdeb0e0 000000e4372fc978
0x000000e4372fc900:   0000000000000000 0000000000000000
0x000000e4372fc910:   000000e4372fc920 000000e4372fc900
0x000000e4372fc920:   0000024e22007300 0000020022e67300
0x000000e4372fc930:   000000e4372fc988 000000e4372fc988
0x000000e4372fc940:   000000e4372fc9a8 00007ffffcf74e38
0x000000e4372fc950:   0000024e22e67370 0000000000000000
0x000000e4372fc960:   0000024e22e67388 0000024e22b05980
0x000000e4372fc970:   000000e4372fc98c 0000000000000000
0x000000e4372fc980:   000000e4372fc998 0000000000000001
0x000000e4372fc990:   0000000000000000 0000000000000007
0x000000e4372fc9a0:   0190064000000010 000000e4372fc9c0
0x000000e4372fc9b0:   0000000000000001 0000000000000000
0x000000e4372fc9c0:   0000000000000000 0000000000000000
0x000000e4372fc9d0:   0000024e00000000 000000e4372fc9f0 

Instructions: (pc=0x00007ffffcf6ff1d)
0x00007ffffcf6fe1d:   cc cc cc cc cc cc cc cc cc cc cc cc cc cc cc cc
0x00007ffffcf6fe2d:   cc cc cc 33 c0 48 89 02 48 89 42 08 89 42 10 48
0x00007ffffcf6fe3d:   8b c2 c3 cc cc cc cc cc cc cc cc cc cc cc cc cc
0x00007ffffcf6fe4d:   cc cc cc c2 00 00 cc cc cc cc cc cc cc cc cc cc
0x00007ffffcf6fe5d:   cc cc cc 33 c0 48 89 02 48 89 42 08 89 42 10 48
0x00007ffffcf6fe6d:   8b c2 c3 cc cc cc cc cc cc cc cc cc cc cc cc cc
0x00007ffffcf6fe7d:   cc cc cc 48 89 5c 24 08 48 89 74 24 18 57 48 83
0x00007ffffcf6fe8d:   ec 60 65 48 8b 04 25 58 00 00 00 48 8b f1 44 8b
0x00007ffffcf6fe9d:   0d 5e 0c e9 02 49 8b d8 b9 1c 00 00 00 48 8b fa
0x00007ffffcf6fead:   4e 8b 0c c8 42 8b 04 09 39 05 7d b0 e7 02 0f 8f
0x00007ffffcf6febd:   a2 00 00 00 c6 44 24 38 00 48 8d 44 24 40 48 89
0x00007ffffcf6fecd:   44 24 30 4c 8d 0d 59 b0 e7 02 48 c7 44 24 28 00
0x00007ffffcf6fedd:   00 00 00 48 8d 54 24 78 4c 8b c3 48 c7 44 24 20
0x00007ffffcf6feed:   00 00 00 00 48 8b ce c6 44 24 40 00 c6 44 24 42
0x00007ffffcf6fefd:   00 c6 44 24 46 00 c6 44 24 48 00 c6 44 24 4c 00
0x00007ffffcf6ff0d:   c6 44 24 4e 00 e8 d9 2c 00 00 48 8b 08 48 89 0f
0x00007ffffcf6ff1d:   ff 01 48 8b 5c 24 78 48 c7 44 24 78 00 00 00 00
0x00007ffffcf6ff2d:   48 85 db 74 1b 8b 03 83 e8 01 74 04 89 03 eb 10
0x00007ffffcf6ff3d:   48 8b cb e8 2b 0d 00 00 48 8b cb e8 53 35 b9 00
0x00007ffffcf6ff4d:   48 8b 5c 24 70 48 8b c7 48 8b b4 24 80 00 00 00
0x00007ffffcf6ff5d:   48 83 c4 60 5f c3 48 8d 0d ce af e7 02 e8 fd 99
0x00007ffffcf6ff6d:   e1 00 83 3d c2 af e7 02 ff 0f 85 45 ff ff ff 48
0x00007ffffcf6ff7d:   8d 15 39 92 f9 00 48 8d 4c 24 78 e8 43 a8 ba 00
0x00007ffffcf6ff8d:   48 8b 44 24 78 48 8d 0d d7 d6 e1 00 48 89 05 90
0x00007ffffcf6ff9d:   af e7 02 e8 7f 9f e1 00 48 8d 0d 8c af e7 02 e8
0x00007ffffcf6ffad:   5b 99 e1 00 e9 0b ff ff ff cc cc cc cc cc cc cc
0x00007ffffcf6ffbd:   cc cc cc 40 53 48 83 ec 20 49 8b c0 48 8b da 48
0x00007ffffcf6ffcd:   8b d0 48 8b cb 4d 8b c1 e8 a6 69 dd ff 48 8b c3
0x00007ffffcf6ffdd:   48 83 c4 20 5b c3 cc cc cc cc cc cc cc cc cc cc
0x00007ffffcf6ffed:   cc cc cc 48 8d 05 59 cb e8 02 c3 cc cc cc cc cc
0x00007ffffcf6fffd:   cc cc cc 48 89 5c 24 18 57 48 83 ec 30 48 8b 05
0x00007ffffcf7000d:   0f 5c e6 02 48 33 c4 48 89 44 24 28 48 8b 3a 48 


Stack slot to memory mapping:
stack at sp + 0 slots: 0x0000024e221c7998 points into unknown readable memory: 0x0000000000000000 | 00 00 00 00 00 00 00 00
stack at sp + 1 slots: 0x0000024e22e67350 points into unknown readable memory: 0xa411d3a400000002 | 02 00 00 00 a4 d3 11 a4
stack at sp + 2 slots: 0x00007fffffdeb0e0 points into unknown readable memory: 0x00007ffffdd95190 | 90 51 d9 fd ff 7f 00 00
stack at sp + 3 slots: 0x000000e4372fc978 is pointing into the stack for thread: 0x0000024e15d71050
stack at sp + 4 slots: 0x0 is NULL
stack at sp + 5 slots: 0x0 is NULL
stack at sp + 6 slots: 0x000000e4372fc920 is pointing into the stack for thread: 0x0000024e15d71050
stack at sp + 7 slots: 0x000000e4372fc900 is pointing into the stack for thread: 0x0000024e15d71050


---------------  P R O C E S S  ---------------

Threads class SMR info:
_java_thread_list=0x0000024e1e03ad40, length=26, elements={
0x0000024e15232d60, 0x0000024e152347d0, 0x0000024e152403d0, 0x0000024e15240dd0,
0x0000024e15243f80, 0x0000024e1524a240, 0x0000024e1524d740, 0x0000024e1524ed80,
0x0000024e15c08070, 0x0000024e15d46310, 0x0000024e15d73ad0, 0x0000024e15d715a0,
0x0000024e15d71af0, 0x0000024e15d72040, 0x0000024e15d70b00, 0x0000024e15d71050,
0x0000024e1d62a570, 0x0000024e1d629580, 0x0000024e1d62c000, 0x0000024e1d629ad0,
0x0000024e1d62aac0, 0x0000024e1d62b010, 0x0000024e1d62caa0, 0x0000024e15c586f0,
0x0000024e1da23dc0, 0x0000024e1d629030
}

Java Threads: ( => current thread )
  0x0000024e15232d60 JavaThread "Reference Handler" daemon [_thread_blocked, id=28880, stack(0x000000e435b00000,0x000000e435c00000)]
  0x0000024e152347d0 JavaThread "Finalizer" daemon [_thread_blocked, id=4836, stack(0x000000e435c00000,0x000000e435d00000)]
  0x0000024e152403d0 JavaThread "Signal Dispatcher" daemon [_thread_blocked, id=24708, stack(0x000000e435d00000,0x000000e435e00000)]
  0x0000024e15240dd0 JavaThread "Attach Listener" daemon [_thread_blocked, id=10788, stack(0x000000e435e00000,0x000000e435f00000)]
  0x0000024e15243f80 JavaThread "Service Thread" daemon [_thread_blocked, id=27332, stack(0x000000e435f00000,0x000000e436000000)]
  0x0000024e1524a240 JavaThread "Monitor Deflation Thread" daemon [_thread_blocked, id=29588, stack(0x000000e436000000,0x000000e436100000)]
  0x0000024e1524d740 JavaThread "C2 CompilerThread0" daemon [_thread_in_native, id=4992, stack(0x000000e436100000,0x000000e436200000)]
  0x0000024e1524ed80 JavaThread "C1 CompilerThread0" daemon [_thread_blocked, id=18776, stack(0x000000e436200000,0x000000e436300000)]
  0x0000024e15c08070 JavaThread "Sweeper thread" daemon [_thread_blocked, id=1884, stack(0x000000e436300000,0x000000e436400000)]
  0x0000024e15d46310 JavaThread "JDWP Event Helper Thread" daemon [_thread_blocked, id=1788, stack(0x000000e436500000,0x000000e436600000)]
  0x0000024e15d73ad0 JavaThread "Notification Thread" daemon [_thread_blocked, id=23448, stack(0x000000e436700000,0x000000e436800000)]
  0x0000024e15d715a0 JavaThread "Common-Cleaner" daemon [_thread_blocked, id=29276, stack(0x000000e436900000,0x000000e436a00000)]
  0x0000024e15d71af0 JavaThread "Java2D Disposer" daemon [_thread_blocked, id=29288, stack(0x000000e436b00000,0x000000e436c00000)]
  0x0000024e15d72040 JavaThread "AWT-Shutdown" [_thread_blocked, id=29220, stack(0x000000e436c00000,0x000000e436d00000)]
  0x0000024e15d70b00 JavaThread "InvokeLaterDispatcher" daemon [_thread_blocked, id=25212, stack(0x000000e437100000,0x000000e437200000)]
=>0x0000024e15d71050 JavaThread "JavaFX Application Thread" [_thread_in_native, id=24496, stack(0x000000e437200000,0x000000e437300000)]
  0x0000024e1d62a570 JavaThread "Thread-2" daemon [_thread_in_native, id=11820, stack(0x000000e436a00000,0x000000e436b00000)]
  0x0000024e1d629580 JavaThread "AWT-EventQueue-0" [_thread_blocked, id=28776, stack(0x000000e437320000,0x000000e437420000)]
  0x0000024e1d62c000 JavaThread "SwingWorker-pool-2-thread-1" daemon [_thread_blocked, id=28052, stack(0x000000e437420000,0x000000e437520000)]
  0x0000024e1d629ad0 JavaThread "TimerQueue" daemon [_thread_blocked, id=21508, stack(0x000000e437520000,0x000000e437620000)]
  0x0000024e1d62aac0 JavaThread "DestroyJavaVM" [_thread_blocked, id=23164, stack(0x000000e435400000,0x000000e435500000)]
  0x0000024e1d62b010 JavaThread "Thread-14" [_thread_in_native, id=29244, stack(0x000000e438970000,0x000000e438a70000)]
  0x0000024e1d62caa0 JavaThread "Thread-16" [_thread_in_Java, id=28640, stack(0x000000e438a70000,0x000000e438b70000)]
  0x0000024e15c586f0 JavaThread "C2 CompilerThread1" daemon [_thread_in_native, id=17656, stack(0x000000e435100000,0x000000e435200000)]
  0x0000024e1da23dc0 JavaThread "C2 CompilerThread2" daemon [_thread_in_native, id=11452, stack(0x000000e435200000,0x000000e435300000)]
  0x0000024e1d629030 JavaThread "SIGINT handler" daemon [_thread_blocked, id=28840, stack(0x000000e435300000,0x000000e435400000)]

Other Threads:
  0x0000024e1522fa80 VMThread "VM Thread" [stack: 0x000000e435a00000,0x000000e435b00000] [id=20048]
  0x0000024e15d75390 WatcherThread [stack: 0x000000e436800000,0x000000e436900000] [id=28904]
  0x0000024e68e06bc0 GCTaskThread "GC Thread#0" [stack: 0x000000e435500000,0x000000e435600000] [id=23540]
  0x0000024e1d7c9b10 GCTaskThread "GC Thread#1" [stack: 0x000000e437a20000,0x000000e437b20000] [id=28028]
  0x0000024e1d7c6d20 GCTaskThread "GC Thread#2" [stack: 0x000000e437b20000,0x000000e437c20000] [id=27756]
  0x0000024e1d7c6700 GCTaskThread "GC Thread#3" [stack: 0x000000e437c20000,0x000000e437d20000] [id=29008]
  0x0000024e1d7c8bc0 GCTaskThread "GC Thread#4" [stack: 0x000000e437d20000,0x000000e437e20000] [id=29032]
  0x0000024e1d7c85a0 GCTaskThread "GC Thread#5" [stack: 0x000000e437e20000,0x000000e437f20000] [id=29364]
  0x0000024e1d7c7c70 GCTaskThread "GC Thread#6" [stack: 0x000000e437f20000,0x000000e438020000] [id=21084]
  0x0000024e1d7c8ed0 GCTaskThread "GC Thread#7" [stack: 0x000000e438020000,0x000000e438120000] [id=29496]
  0x0000024e68e18a60 ConcurrentGCThread "G1 Main Marker" [stack: 0x000000e435600000,0x000000e435700000] [id=29080]
  0x0000024e68e19b70 ConcurrentGCThread "G1 Conc#0" [stack: 0x000000e435700000,0x000000e435800000] [id=15300]
  0x0000024e68e6e7e0 ConcurrentGCThread "G1 Refine#0" [stack: 0x000000e435800000,0x000000e435900000] [id=14160]
  0x0000024e1dbc9200 ConcurrentGCThread "G1 Refine#1" [stack: 0x000000e437820000,0x000000e437920000] [id=27628]
  0x0000024e21ed5710 ConcurrentGCThread "G1 Refine#2" [stack: 0x000000e437920000,0x000000e437a20000] [id=24080]
  0x0000024e21ed4a10 ConcurrentGCThread "G1 Refine#3" [stack: 0x000000e438270000,0x000000e438370000] [id=23352]
  0x0000024e21ed4d50 ConcurrentGCThread "G1 Refine#4" [stack: 0x000000e438370000,0x000000e438470000] [id=27700]
  0x0000024e21ed53d0 ConcurrentGCThread "G1 Refine#5" [stack: 0x000000e438470000,0x000000e438570000] [id=7544]
  0x0000024e21ed5090 ConcurrentGCThread "G1 Refine#6" [stack: 0x000000e438570000,0x000000e438670000] [id=20856]
  0x0000024e21ed46d0 ConcurrentGCThread "G1 Refine#7" [stack: 0x000000e438670000,0x000000e438770000] [id=6448]
  0x0000024e150e2720 ConcurrentGCThread "G1 Service" [stack: 0x000000e435900000,0x000000e435a00000] [id=23480]

Threads with active compile tasks:
C2 CompilerThread0   104622 2730       4       java.util.HashMap::containsKey (14 bytes)
C2 CompilerThread1   104622 2760       4       org.alicebot.ab.Graphmaster::getCategories (80 bytes)
C2 CompilerThread2   104622 2729       4       org.alicebot.ab.Graphmaster::addPath (299 bytes)

VM state: not at safepoint (normal execution)

VM Mutex/Monitor currently owned by a thread: None

Heap address: 0x0000000601800000, size: 8168 MB, Compressed Oops mode: Zero based, Oop shift amount: 3
CDS archive(s) mapped at: [0x0000000800000000-0x0000000800bb0000-0x0000000800bb0000), size 12255232, SharedBaseAddress: 0x0000000800000000, ArchiveRelocationMode: 0.
Compressed class space mapped at: 0x0000000800c00000-0x0000000840c00000, reserved size: 1073741824
Narrow klass base: 0x0000000800000000, Narrow klass shift: 3, Narrow klass range: 0x100000000

GC Precious Log:
 CPUs: 8 total, 8 available
 Memory: 32670M
 Large Page Support: Disabled
 NUMA Support: Disabled
 Compressed Oops: Enabled (Zero based)
 Heap Region Size: 4M
 Heap Min Capacity: 8M
 Heap Initial Capacity: 512M
 Heap Max Capacity: 8168M
 Pre-touch: Disabled
 Parallel Workers: 8
 Concurrent Workers: 2
 Concurrent Refinement Workers: 8
 Periodic GC: Disabled

Heap:
 garbage-first heap   total 823296K, used 467344K [0x0000000601800000, 0x0000000800000000)
  region size 4096K, 94 young (385024K), 1 survivors (4096K)
 Metaspace       used 17446K, committed 17792K, reserved 1064960K
  class space    used 1952K, committed 2112K, reserved 1048576K

Heap Regions: E=young(eden), S=young(survivor), O=old, HS=humongous(starts), HC=humongous(continues), CS=collection set, F=free, OA=open archive, CA=closed archive, TAMS=top-at-mark-start (previous, next)
|   0|0x0000000601800000, 0x0000000601c00000, 0x0000000601c00000|100%| O|  |TAMS 0x0000000601800000, 0x0000000601800000| Untracked 
|   1|0x0000000601c00000, 0x0000000601c5d000, 0x0000000602000000|  9%| O|  |TAMS 0x0000000601c00000, 0x0000000601c00000| Untracked 
|   2|0x0000000602000000, 0x0000000602400000, 0x0000000602400000|100%|HS|  |TAMS 0x0000000602000000, 0x0000000602000000| Complete 
|   3|0x0000000602400000, 0x0000000602800000, 0x0000000602800000|100%|HS|  |TAMS 0x0000000602400000, 0x0000000602400000| Complete 
|   4|0x0000000602800000, 0x0000000602c00000, 0x0000000602c00000|100%|HS|  |TAMS 0x0000000602800000, 0x0000000602800000| Complete 
|   5|0x0000000602c00000, 0x0000000603000000, 0x0000000603000000|100%|HS|  |TAMS 0x0000000602c00000, 0x0000000602c00000| Complete 
|   6|0x0000000603000000, 0x0000000603400000, 0x0000000603400000|100%|HC|  |TAMS 0x0000000603000000, 0x0000000603000000| Complete 
|   7|0x0000000603400000, 0x0000000603800000, 0x0000000603800000|100%|HS|  |TAMS 0x0000000603400000, 0x0000000603400000| Complete 
|   8|0x0000000603800000, 0x0000000603c00000, 0x0000000603c00000|100%|HC|  |TAMS 0x0000000603800000, 0x0000000603800000| Complete 
|   9|0x0000000603c00000, 0x0000000604000000, 0x0000000604000000|100%|HS|  |TAMS 0x0000000603c00000, 0x0000000603c00000| Complete 
|  10|0x0000000604000000, 0x0000000604400000, 0x0000000604400000|100%|HC|  |TAMS 0x0000000604000000, 0x0000000604000000| Complete 
|  11|0x0000000604400000, 0x0000000604800000, 0x0000000604800000|100%|HS|  |TAMS 0x0000000604400000, 0x0000000604400000| Complete 
|  12|0x0000000604800000, 0x0000000604c00000, 0x0000000604c00000|100%|HC|  |TAMS 0x0000000604800000, 0x0000000604800000| Complete 
|  13|0x0000000604c00000, 0x0000000605000000, 0x0000000605000000|100%|HC|  |TAMS 0x0000000604c00000, 0x0000000604c00000| Complete 
|  14|0x0000000605000000, 0x0000000605400000, 0x0000000605400000|100%|HC|  |TAMS 0x0000000605000000, 0x0000000605000000| Complete 
|  15|0x0000000605400000, 0x0000000605800000, 0x0000000605800000|100%|HS|  |TAMS 0x0000000605400000, 0x0000000605400000| Complete 
|  16|0x0000000605800000, 0x0000000605c00000, 0x0000000605c00000|100%|HC|  |TAMS 0x0000000605800000, 0x0000000605800000| Complete 
|  17|0x0000000605c00000, 0x0000000606000000, 0x0000000606000000|100%|HC|  |TAMS 0x0000000605c00000, 0x0000000605c00000| Complete 
|  18|0x0000000606000000, 0x0000000606400000, 0x0000000606400000|100%|HC|  |TAMS 0x0000000606000000, 0x0000000606000000| Complete 
|  19|0x0000000606400000, 0x0000000606800000, 0x0000000606800000|100%|HS|  |TAMS 0x0000000606400000, 0x0000000606400000| Complete 
|  20|0x0000000606800000, 0x0000000606c00000, 0x0000000606c00000|100%|HC|  |TAMS 0x0000000606800000, 0x0000000606800000| Complete 
|  21|0x0000000606c00000, 0x0000000607000000, 0x0000000607000000|100%|HC|  |TAMS 0x0000000606c00000, 0x0000000606c00000| Complete 
|  22|0x0000000607000000, 0x0000000607400000, 0x0000000607400000|100%|HC|  |TAMS 0x0000000607000000, 0x0000000607000000| Complete 
|  23|0x0000000607400000, 0x0000000607400000, 0x0000000607800000|  0%| F|  |TAMS 0x0000000607400000, 0x0000000607400000| Untracked 
|  24|0x0000000607800000, 0x0000000607800000, 0x0000000607c00000|  0%| F|  |TAMS 0x0000000607800000, 0x0000000607800000| Untracked 
|  25|0x0000000607c00000, 0x0000000607c00000, 0x0000000608000000|  0%| F|  |TAMS 0x0000000607c00000, 0x0000000607c00000| Untracked 
|  26|0x0000000608000000, 0x0000000608000000, 0x0000000608400000|  0%| F|  |TAMS 0x0000000608000000, 0x0000000608000000| Untracked 
|  27|0x0000000608400000, 0x0000000608400000, 0x0000000608800000|  0%| F|  |TAMS 0x0000000608400000, 0x0000000608400000| Untracked 
|  28|0x0000000608800000, 0x0000000608800000, 0x0000000608c00000|  0%| F|  |TAMS 0x0000000608800000, 0x0000000608800000| Untracked 
|  29|0x0000000608c00000, 0x0000000608c00000, 0x0000000609000000|  0%| F|  |TAMS 0x0000000608c00000, 0x0000000608c00000| Untracked 
|  30|0x0000000609000000, 0x0000000609000000, 0x0000000609400000|  0%| F|  |TAMS 0x0000000609000000, 0x0000000609000000| Untracked 
|  31|0x0000000609400000, 0x0000000609400000, 0x0000000609800000|  0%| F|  |TAMS 0x0000000609400000, 0x0000000609400000| Untracked 
|  32|0x0000000609800000, 0x0000000609800000, 0x0000000609c00000|  0%| F|  |TAMS 0x0000000609800000, 0x0000000609800000| Untracked 
|  33|0x0000000609c00000, 0x0000000609c00000, 0x000000060a000000|  0%| F|  |TAMS 0x0000000609c00000, 0x0000000609c00000| Untracked 
|  34|0x000000060a000000, 0x000000060a000000, 0x000000060a400000|  0%| F|  |TAMS 0x000000060a000000, 0x000000060a000000| Untracked 
|  35|0x000000060a400000, 0x000000060a400000, 0x000000060a800000|  0%| F|  |TAMS 0x000000060a400000, 0x000000060a400000| Untracked 
|  36|0x000000060a800000, 0x000000060a800000, 0x000000060ac00000|  0%| F|  |TAMS 0x000000060a800000, 0x000000060a800000| Untracked 
|  37|0x000000060ac00000, 0x000000060ac00000, 0x000000060b000000|  0%| F|  |TAMS 0x000000060ac00000, 0x000000060ac00000| Untracked 
|  38|0x000000060b000000, 0x000000060b000000, 0x000000060b400000|  0%| F|  |TAMS 0x000000060b000000, 0x000000060b000000| Untracked 
|  39|0x000000060b400000, 0x000000060b400000, 0x000000060b800000|  0%| F|  |TAMS 0x000000060b400000, 0x000000060b400000| Untracked 
|  40|0x000000060b800000, 0x000000060b800000, 0x000000060bc00000|  0%| F|  |TAMS 0x000000060b800000, 0x000000060b800000| Untracked 
|  41|0x000000060bc00000, 0x000000060bc00000, 0x000000060c000000|  0%| F|  |TAMS 0x000000060bc00000, 0x000000060bc00000| Untracked 
|  42|0x000000060c000000, 0x000000060c000000, 0x000000060c400000|  0%| F|  |TAMS 0x000000060c000000, 0x000000060c000000| Untracked 
|  43|0x000000060c400000, 0x000000060c400000, 0x000000060c800000|  0%| F|  |TAMS 0x000000060c400000, 0x000000060c400000| Untracked 
|  44|0x000000060c800000, 0x000000060c800000, 0x000000060cc00000|  0%| F|  |TAMS 0x000000060c800000, 0x000000060c800000| Untracked 
|  45|0x000000060cc00000, 0x000000060cc00000, 0x000000060d000000|  0%| F|  |TAMS 0x000000060cc00000, 0x000000060cc00000| Untracked 
|  46|0x000000060d000000, 0x000000060d000000, 0x000000060d400000|  0%| F|  |TAMS 0x000000060d000000, 0x000000060d000000| Untracked 
|  47|0x000000060d400000, 0x000000060d400000, 0x000000060d800000|  0%| F|  |TAMS 0x000000060d400000, 0x000000060d400000| Untracked 
|  48|0x000000060d800000, 0x000000060d800000, 0x000000060dc00000|  0%| F|  |TAMS 0x000000060d800000, 0x000000060d800000| Untracked 
|  49|0x000000060dc00000, 0x000000060dc00000, 0x000000060e000000|  0%| F|  |TAMS 0x000000060dc00000, 0x000000060dc00000| Untracked 
|  50|0x000000060e000000, 0x000000060e000000, 0x000000060e400000|  0%| F|  |TAMS 0x000000060e000000, 0x000000060e000000| Untracked 
|  51|0x000000060e400000, 0x000000060e400000, 0x000000060e800000|  0%| F|  |TAMS 0x000000060e400000, 0x000000060e400000| Untracked 
|  52|0x000000060e800000, 0x000000060e800000, 0x000000060ec00000|  0%| F|  |TAMS 0x000000060e800000, 0x000000060e800000| Untracked 
|  53|0x000000060ec00000, 0x000000060ec00000, 0x000000060f000000|  0%| F|  |TAMS 0x000000060ec00000, 0x000000060ec00000| Untracked 
|  54|0x000000060f000000, 0x000000060f000000, 0x000000060f400000|  0%| F|  |TAMS 0x000000060f000000, 0x000000060f000000| Untracked 
|  55|0x000000060f400000, 0x000000060f400000, 0x000000060f800000|  0%| F|  |TAMS 0x000000060f400000, 0x000000060f400000| Untracked 
|  56|0x000000060f800000, 0x000000060f800000, 0x000000060fc00000|  0%| F|  |TAMS 0x000000060f800000, 0x000000060f800000| Untracked 
|  57|0x000000060fc00000, 0x000000060fc00000, 0x0000000610000000|  0%| F|  |TAMS 0x000000060fc00000, 0x000000060fc00000| Untracked 
|  58|0x0000000610000000, 0x0000000610000000, 0x0000000610400000|  0%| F|  |TAMS 0x0000000610000000, 0x0000000610000000| Untracked 
|  59|0x0000000610400000, 0x0000000610400000, 0x0000000610800000|  0%| F|  |TAMS 0x0000000610400000, 0x0000000610400000| Untracked 
|  60|0x0000000610800000, 0x0000000610800000, 0x0000000610c00000|  0%| F|  |TAMS 0x0000000610800000, 0x0000000610800000| Untracked 
|  61|0x0000000610c00000, 0x0000000610c00000, 0x0000000611000000|  0%| F|  |TAMS 0x0000000610c00000, 0x0000000610c00000| Untracked 
|  62|0x0000000611000000, 0x0000000611000000, 0x0000000611400000|  0%| F|  |TAMS 0x0000000611000000, 0x0000000611000000| Untracked 
|  63|0x0000000611400000, 0x0000000611400000, 0x0000000611800000|  0%| F|  |TAMS 0x0000000611400000, 0x0000000611400000| Untracked 
|  64|0x0000000611800000, 0x0000000611800000, 0x0000000611c00000|  0%| F|  |TAMS 0x0000000611800000, 0x0000000611800000| Untracked 
|  65|0x0000000611c00000, 0x0000000611c00000, 0x0000000612000000|  0%| F|  |TAMS 0x0000000611c00000, 0x0000000611c00000| Untracked 
|  66|0x0000000612000000, 0x0000000612000000, 0x0000000612400000|  0%| F|  |TAMS 0x0000000612000000, 0x0000000612000000| Untracked 
|  67|0x0000000612400000, 0x0000000612400000, 0x0000000612800000|  0%| F|  |TAMS 0x0000000612400000, 0x0000000612400000| Untracked 
|  68|0x0000000612800000, 0x0000000612800000, 0x0000000612c00000|  0%| F|  |TAMS 0x0000000612800000, 0x0000000612800000| Untracked 
|  69|0x0000000612c00000, 0x0000000612c00000, 0x0000000613000000|  0%| F|  |TAMS 0x0000000612c00000, 0x0000000612c00000| Untracked 
|  70|0x0000000613000000, 0x0000000613000000, 0x0000000613400000|  0%| F|  |TAMS 0x0000000613000000, 0x0000000613000000| Untracked 
|  71|0x0000000613400000, 0x0000000613400000, 0x0000000613800000|  0%| F|  |TAMS 0x0000000613400000, 0x0000000613400000| Untracked 
|  72|0x0000000613800000, 0x0000000613800000, 0x0000000613c00000|  0%| F|  |TAMS 0x0000000613800000, 0x0000000613800000| Untracked 
|  73|0x0000000613c00000, 0x0000000613c00000, 0x0000000614000000|  0%| F|  |TAMS 0x0000000613c00000, 0x0000000613c00000| Untracked 
|  74|0x0000000614000000, 0x0000000614000000, 0x0000000614400000|  0%| F|  |TAMS 0x0000000614000000, 0x0000000614000000| Untracked 
|  75|0x0000000614400000, 0x0000000614400000, 0x0000000614800000|  0%| F|  |TAMS 0x0000000614400000, 0x0000000614400000| Untracked 
|  76|0x0000000614800000, 0x0000000614800000, 0x0000000614c00000|  0%| F|  |TAMS 0x0000000614800000, 0x0000000614800000| Untracked 
|  77|0x0000000614c00000, 0x0000000614c00000, 0x0000000615000000|  0%| F|  |TAMS 0x0000000614c00000, 0x0000000614c00000| Untracked 
|  78|0x0000000615000000, 0x0000000615000000, 0x0000000615400000|  0%| F|  |TAMS 0x0000000615000000, 0x0000000615000000| Untracked 
|  79|0x0000000615400000, 0x0000000615400000, 0x0000000615800000|  0%| F|  |TAMS 0x0000000615400000, 0x0000000615400000| Untracked 
|  80|0x0000000615800000, 0x00000006158070e0, 0x0000000615c00000|  0%| S|CS|TAMS 0x0000000615800000, 0x0000000615800000| Complete 
|  81|0x0000000615c00000, 0x0000000615c00000, 0x0000000616000000|  0%| F|  |TAMS 0x0000000615c00000, 0x0000000615c00000| Untracked 
|  82|0x0000000616000000, 0x0000000616000000, 0x0000000616400000|  0%| F|  |TAMS 0x0000000616000000, 0x0000000616000000| Untracked 
|  83|0x0000000616400000, 0x0000000616400000, 0x0000000616800000|  0%| F|  |TAMS 0x0000000616400000, 0x0000000616400000| Untracked 
|  84|0x0000000616800000, 0x0000000616800000, 0x0000000616c00000|  0%| F|  |TAMS 0x0000000616800000, 0x0000000616800000| Untracked 
|  85|0x0000000616c00000, 0x0000000616c00000, 0x0000000617000000|  0%| F|  |TAMS 0x0000000616c00000, 0x0000000616c00000| Untracked 
|  86|0x0000000617000000, 0x0000000617000000, 0x0000000617400000|  0%| F|  |TAMS 0x0000000617000000, 0x0000000617000000| Untracked 
|  87|0x0000000617400000, 0x0000000617400000, 0x0000000617800000|  0%| F|  |TAMS 0x0000000617400000, 0x0000000617400000| Untracked 
|  88|0x0000000617800000, 0x0000000617800000, 0x0000000617c00000|  0%| F|  |TAMS 0x0000000617800000, 0x0000000617800000| Untracked 
|  89|0x0000000617c00000, 0x0000000617c00000, 0x0000000618000000|  0%| F|  |TAMS 0x0000000617c00000, 0x0000000617c00000| Untracked 
|  90|0x0000000618000000, 0x0000000618000000, 0x0000000618400000|  0%| F|  |TAMS 0x0000000618000000, 0x0000000618000000| Untracked 
|  91|0x0000000618400000, 0x0000000618400000, 0x0000000618800000|  0%| F|  |TAMS 0x0000000618400000, 0x0000000618400000| Untracked 
|  92|0x0000000618800000, 0x0000000618800000, 0x0000000618c00000|  0%| F|  |TAMS 0x0000000618800000, 0x0000000618800000| Untracked 
|  93|0x0000000618c00000, 0x0000000618c00000, 0x0000000619000000|  0%| F|  |TAMS 0x0000000618c00000, 0x0000000618c00000| Untracked 
|  94|0x0000000619000000, 0x0000000619000000, 0x0000000619400000|  0%| F|  |TAMS 0x0000000619000000, 0x0000000619000000| Untracked 
|  95|0x0000000619400000, 0x0000000619400000, 0x0000000619800000|  0%| F|  |TAMS 0x0000000619400000, 0x0000000619400000| Untracked 
|  96|0x0000000619800000, 0x0000000619800000, 0x0000000619c00000|  0%| F|  |TAMS 0x0000000619800000, 0x0000000619800000| Untracked 
|  97|0x0000000619c00000, 0x0000000619c00000, 0x000000061a000000|  0%| F|  |TAMS 0x0000000619c00000, 0x0000000619c00000| Untracked 
|  98|0x000000061a000000, 0x000000061a000000, 0x000000061a400000|  0%| F|  |TAMS 0x000000061a000000, 0x000000061a000000| Untracked 
|  99|0x000000061a400000, 0x000000061a400000, 0x000000061a800000|  0%| F|  |TAMS 0x000000061a400000, 0x000000061a400000| Untracked 
| 100|0x000000061a800000, 0x000000061a800000, 0x000000061ac00000|  0%| F|  |TAMS 0x000000061a800000, 0x000000061a800000| Untracked 
| 101|0x000000061ac00000, 0x000000061ac00000, 0x000000061b000000|  0%| F|  |TAMS 0x000000061ac00000, 0x000000061ac00000| Untracked 
| 102|0x000000061b000000, 0x000000061b000000, 0x000000061b400000|  0%| F|  |TAMS 0x000000061b000000, 0x000000061b000000| Untracked 
| 103|0x000000061b400000, 0x000000061b400000, 0x000000061b800000|  0%| F|  |TAMS 0x000000061b400000, 0x000000061b400000| Untracked 
| 104|0x000000061b800000, 0x000000061b800000, 0x000000061bc00000|  0%| F|  |TAMS 0x000000061b800000, 0x000000061b800000| Untracked 
| 105|0x000000061bc00000, 0x000000061bc00000, 0x000000061c000000|  0%| F|  |TAMS 0x000000061bc00000, 0x000000061bc00000| Untracked 
| 106|0x000000061c000000, 0x000000061c000000, 0x000000061c400000|  0%| F|  |TAMS 0x000000061c000000, 0x000000061c000000| Untracked 
| 107|0x000000061c400000, 0x000000061c596b10, 0x000000061c800000| 39%| E|  |TAMS 0x000000061c400000, 0x000000061c400000| Complete 
| 108|0x000000061c800000, 0x000000061cc00000, 0x000000061cc00000|100%| E|CS|TAMS 0x000000061c800000, 0x000000061c800000| Complete 
| 109|0x000000061cc00000, 0x000000061d000000, 0x000000061d000000|100%| E|CS|TAMS 0x000000061cc00000, 0x000000061cc00000| Complete 
| 110|0x000000061d000000, 0x000000061d400000, 0x000000061d400000|100%| E|CS|TAMS 0x000000061d000000, 0x000000061d000000| Complete 
| 111|0x000000061d400000, 0x000000061d800000, 0x000000061d800000|100%| E|CS|TAMS 0x000000061d400000, 0x000000061d400000| Complete 
| 112|0x000000061d800000, 0x000000061dc00000, 0x000000061dc00000|100%| E|CS|TAMS 0x000000061d800000, 0x000000061d800000| Complete 
| 113|0x000000061dc00000, 0x000000061e000000, 0x000000061e000000|100%| E|CS|TAMS 0x000000061dc00000, 0x000000061dc00000| Complete 
| 114|0x000000061e000000, 0x000000061e400000, 0x000000061e400000|100%| E|CS|TAMS 0x000000061e000000, 0x000000061e000000| Complete 
| 115|0x000000061e400000, 0x000000061e800000, 0x000000061e800000|100%| E|CS|TAMS 0x000000061e400000, 0x000000061e400000| Complete 
| 116|0x000000061e800000, 0x000000061ec00000, 0x000000061ec00000|100%| E|CS|TAMS 0x000000061e800000, 0x000000061e800000| Complete 
| 117|0x000000061ec00000, 0x000000061f000000, 0x000000061f000000|100%| E|CS|TAMS 0x000000061ec00000, 0x000000061ec00000| Complete 
| 118|0x000000061f000000, 0x000000061f400000, 0x000000061f400000|100%| E|CS|TAMS 0x000000061f000000, 0x000000061f000000| Complete 
| 119|0x000000061f400000, 0x000000061f800000, 0x000000061f800000|100%| E|CS|TAMS 0x000000061f400000, 0x000000061f400000| Complete 
| 120|0x000000061f800000, 0x000000061fc00000, 0x000000061fc00000|100%| E|CS|TAMS 0x000000061f800000, 0x000000061f800000| Complete 
| 121|0x000000061fc00000, 0x0000000620000000, 0x0000000620000000|100%| E|CS|TAMS 0x000000061fc00000, 0x000000061fc00000| Complete 
| 122|0x0000000620000000, 0x0000000620400000, 0x0000000620400000|100%| E|CS|TAMS 0x0000000620000000, 0x0000000620000000| Complete 
| 123|0x0000000620400000, 0x0000000620800000, 0x0000000620800000|100%| E|CS|TAMS 0x0000000620400000, 0x0000000620400000| Complete 
| 124|0x0000000620800000, 0x0000000620c00000, 0x0000000620c00000|100%| E|CS|TAMS 0x0000000620800000, 0x0000000620800000| Complete 
| 125|0x0000000620c00000, 0x0000000621000000, 0x0000000621000000|100%| E|CS|TAMS 0x0000000620c00000, 0x0000000620c00000| Complete 
| 126|0x0000000621000000, 0x0000000621400000, 0x0000000621400000|100%| E|CS|TAMS 0x0000000621000000, 0x0000000621000000| Complete 
| 127|0x0000000621400000, 0x0000000621800000, 0x0000000621800000|100%| E|CS|TAMS 0x0000000621400000, 0x0000000621400000| Complete 
| 128|0x0000000621800000, 0x0000000621c00000, 0x0000000621c00000|100%| E|CS|TAMS 0x0000000621800000, 0x0000000621800000| Complete 
| 129|0x0000000621c00000, 0x0000000622000000, 0x0000000622000000|100%| E|CS|TAMS 0x0000000621c00000, 0x0000000621c00000| Complete 
| 130|0x0000000622000000, 0x0000000622400000, 0x0000000622400000|100%| E|CS|TAMS 0x0000000622000000, 0x0000000622000000| Complete 
| 131|0x0000000622400000, 0x0000000622800000, 0x0000000622800000|100%| E|CS|TAMS 0x0000000622400000, 0x0000000622400000| Complete 
| 132|0x0000000622800000, 0x0000000622c00000, 0x0000000622c00000|100%| E|CS|TAMS 0x0000000622800000, 0x0000000622800000| Complete 
| 133|0x0000000622c00000, 0x0000000623000000, 0x0000000623000000|100%| E|CS|TAMS 0x0000000622c00000, 0x0000000622c00000| Complete 
| 134|0x0000000623000000, 0x0000000623400000, 0x0000000623400000|100%| E|CS|TAMS 0x0000000623000000, 0x0000000623000000| Complete 
| 135|0x0000000623400000, 0x0000000623800000, 0x0000000623800000|100%| E|CS|TAMS 0x0000000623400000, 0x0000000623400000| Complete 
| 136|0x0000000623800000, 0x0000000623c00000, 0x0000000623c00000|100%| E|CS|TAMS 0x0000000623800000, 0x0000000623800000| Complete 
| 137|0x0000000623c00000, 0x0000000624000000, 0x0000000624000000|100%| E|CS|TAMS 0x0000000623c00000, 0x0000000623c00000| Complete 
| 138|0x0000000624000000, 0x0000000624400000, 0x0000000624400000|100%| E|CS|TAMS 0x0000000624000000, 0x0000000624000000| Complete 
| 139|0x0000000624400000, 0x0000000624800000, 0x0000000624800000|100%| E|CS|TAMS 0x0000000624400000, 0x0000000624400000| Complete 
| 140|0x0000000624800000, 0x0000000624c00000, 0x0000000624c00000|100%| E|CS|TAMS 0x0000000624800000, 0x0000000624800000| Complete 
| 141|0x0000000624c00000, 0x0000000625000000, 0x0000000625000000|100%| E|CS|TAMS 0x0000000624c00000, 0x0000000624c00000| Complete 
| 142|0x0000000625000000, 0x0000000625400000, 0x0000000625400000|100%| E|CS|TAMS 0x0000000625000000, 0x0000000625000000| Complete 
| 143|0x0000000625400000, 0x0000000625800000, 0x0000000625800000|100%| E|CS|TAMS 0x0000000625400000, 0x0000000625400000| Complete 
| 144|0x0000000625800000, 0x0000000625c00000, 0x0000000625c00000|100%| E|CS|TAMS 0x0000000625800000, 0x0000000625800000| Complete 
| 145|0x0000000625c00000, 0x0000000626000000, 0x0000000626000000|100%| E|CS|TAMS 0x0000000625c00000, 0x0000000625c00000| Complete 
| 146|0x0000000626000000, 0x0000000626400000, 0x0000000626400000|100%| E|CS|TAMS 0x0000000626000000, 0x0000000626000000| Complete 
| 147|0x0000000626400000, 0x0000000626800000, 0x0000000626800000|100%| E|CS|TAMS 0x0000000626400000, 0x0000000626400000| Complete 
| 148|0x0000000626800000, 0x0000000626c00000, 0x0000000626c00000|100%| E|CS|TAMS 0x0000000626800000, 0x0000000626800000| Complete 
| 149|0x0000000626c00000, 0x0000000627000000, 0x0000000627000000|100%| E|CS|TAMS 0x0000000626c00000, 0x0000000626c00000| Complete 
| 150|0x0000000627000000, 0x0000000627400000, 0x0000000627400000|100%| E|CS|TAMS 0x0000000627000000, 0x0000000627000000| Complete 
| 151|0x0000000627400000, 0x0000000627800000, 0x0000000627800000|100%| E|CS|TAMS 0x0000000627400000, 0x0000000627400000| Complete 
| 152|0x0000000627800000, 0x0000000627c00000, 0x0000000627c00000|100%| E|CS|TAMS 0x0000000627800000, 0x0000000627800000| Complete 
| 153|0x0000000627c00000, 0x0000000628000000, 0x0000000628000000|100%| E|CS|TAMS 0x0000000627c00000, 0x0000000627c00000| Complete 
| 154|0x0000000628000000, 0x0000000628400000, 0x0000000628400000|100%| E|CS|TAMS 0x0000000628000000, 0x0000000628000000| Complete 
| 155|0x0000000628400000, 0x0000000628800000, 0x0000000628800000|100%| E|CS|TAMS 0x0000000628400000, 0x0000000628400000| Complete 
| 156|0x0000000628800000, 0x0000000628c00000, 0x0000000628c00000|100%| E|CS|TAMS 0x0000000628800000, 0x0000000628800000| Complete 
| 157|0x0000000628c00000, 0x0000000629000000, 0x0000000629000000|100%| E|CS|TAMS 0x0000000628c00000, 0x0000000628c00000| Complete 
| 158|0x0000000629000000, 0x0000000629400000, 0x0000000629400000|100%| E|CS|TAMS 0x0000000629000000, 0x0000000629000000| Complete 
| 159|0x0000000629400000, 0x0000000629800000, 0x0000000629800000|100%| E|CS|TAMS 0x0000000629400000, 0x0000000629400000| Complete 
| 160|0x0000000629800000, 0x0000000629c00000, 0x0000000629c00000|100%| E|CS|TAMS 0x0000000629800000, 0x0000000629800000| Complete 
| 161|0x0000000629c00000, 0x000000062a000000, 0x000000062a000000|100%| E|CS|TAMS 0x0000000629c00000, 0x0000000629c00000| Complete 
| 162|0x000000062a000000, 0x000000062a400000, 0x000000062a400000|100%| E|CS|TAMS 0x000000062a000000, 0x000000062a000000| Complete 
| 163|0x000000062a400000, 0x000000062a800000, 0x000000062a800000|100%| E|CS|TAMS 0x000000062a400000, 0x000000062a400000| Complete 
| 164|0x000000062a800000, 0x000000062ac00000, 0x000000062ac00000|100%| E|CS|TAMS 0x000000062a800000, 0x000000062a800000| Complete 
| 165|0x000000062ac00000, 0x000000062b000000, 0x000000062b000000|100%| E|CS|TAMS 0x000000062ac00000, 0x000000062ac00000| Complete 
| 166|0x000000062b000000, 0x000000062b400000, 0x000000062b400000|100%| E|CS|TAMS 0x000000062b000000, 0x000000062b000000| Complete 
| 167|0x000000062b400000, 0x000000062b800000, 0x000000062b800000|100%| E|CS|TAMS 0x000000062b400000, 0x000000062b400000| Complete 
| 168|0x000000062b800000, 0x000000062bc00000, 0x000000062bc00000|100%| E|CS|TAMS 0x000000062b800000, 0x000000062b800000| Complete 
| 169|0x000000062bc00000, 0x000000062c000000, 0x000000062c000000|100%| E|CS|TAMS 0x000000062bc00000, 0x000000062bc00000| Complete 
| 170|0x000000062c000000, 0x000000062c400000, 0x000000062c400000|100%| E|CS|TAMS 0x000000062c000000, 0x000000062c000000| Complete 
| 171|0x000000062c400000, 0x000000062c800000, 0x000000062c800000|100%| E|CS|TAMS 0x000000062c400000, 0x000000062c400000| Complete 
| 172|0x000000062c800000, 0x000000062cc00000, 0x000000062cc00000|100%| E|CS|TAMS 0x000000062c800000, 0x000000062c800000| Complete 
| 173|0x000000062cc00000, 0x000000062d000000, 0x000000062d000000|100%| E|CS|TAMS 0x000000062cc00000, 0x000000062cc00000| Complete 
| 174|0x000000062d000000, 0x000000062d400000, 0x000000062d400000|100%| E|CS|TAMS 0x000000062d000000, 0x000000062d000000| Complete 
| 175|0x000000062d400000, 0x000000062d800000, 0x000000062d800000|100%| E|CS|TAMS 0x000000062d400000, 0x000000062d400000| Complete 
| 176|0x000000062d800000, 0x000000062dc00000, 0x000000062dc00000|100%| E|CS|TAMS 0x000000062d800000, 0x000000062d800000| Complete 
| 177|0x000000062dc00000, 0x000000062e000000, 0x000000062e000000|100%| E|CS|TAMS 0x000000062dc00000, 0x000000062dc00000| Complete 
| 178|0x000000062e000000, 0x000000062e400000, 0x000000062e400000|100%| E|CS|TAMS 0x000000062e000000, 0x000000062e000000| Complete 
| 179|0x000000062e400000, 0x000000062e800000, 0x000000062e800000|100%| E|CS|TAMS 0x000000062e400000, 0x000000062e400000| Complete 
| 180|0x000000062e800000, 0x000000062ec00000, 0x000000062ec00000|100%| E|CS|TAMS 0x000000062e800000, 0x000000062e800000| Complete 
| 181|0x000000062ec00000, 0x000000062f000000, 0x000000062f000000|100%| E|CS|TAMS 0x000000062ec00000, 0x000000062ec00000| Complete 
| 182|0x000000062f000000, 0x000000062f400000, 0x000000062f400000|100%| E|CS|TAMS 0x000000062f000000, 0x000000062f000000| Complete 
| 183|0x000000062f400000, 0x000000062f800000, 0x000000062f800000|100%| E|CS|TAMS 0x000000062f400000, 0x000000062f400000| Complete 
| 184|0x000000062f800000, 0x000000062fc00000, 0x000000062fc00000|100%| E|CS|TAMS 0x000000062f800000, 0x000000062f800000| Complete 
| 185|0x000000062fc00000, 0x0000000630000000, 0x0000000630000000|100%| E|CS|TAMS 0x000000062fc00000, 0x000000062fc00000| Complete 
| 186|0x0000000630000000, 0x0000000630400000, 0x0000000630400000|100%| E|CS|TAMS 0x0000000630000000, 0x0000000630000000| Complete 
| 187|0x0000000630400000, 0x0000000630800000, 0x0000000630800000|100%| E|CS|TAMS 0x0000000630400000, 0x0000000630400000| Complete 
| 188|0x0000000630800000, 0x0000000630c00000, 0x0000000630c00000|100%| E|CS|TAMS 0x0000000630800000, 0x0000000630800000| Complete 
| 189|0x0000000630c00000, 0x0000000631000000, 0x0000000631000000|100%| E|CS|TAMS 0x0000000630c00000, 0x0000000630c00000| Complete 
| 190|0x0000000631000000, 0x0000000631400000, 0x0000000631400000|100%| E|CS|TAMS 0x0000000631000000, 0x0000000631000000| Complete 
| 191|0x0000000631400000, 0x0000000631800000, 0x0000000631800000|100%| E|CS|TAMS 0x0000000631400000, 0x0000000631400000| Complete 
| 192|0x0000000631800000, 0x0000000631c00000, 0x0000000631c00000|100%| E|CS|TAMS 0x0000000631800000, 0x0000000631800000| Complete 
| 193|0x0000000631c00000, 0x0000000632000000, 0x0000000632000000|100%| E|CS|TAMS 0x0000000631c00000, 0x0000000631c00000| Complete 
| 194|0x0000000632000000, 0x0000000632400000, 0x0000000632400000|100%| E|CS|TAMS 0x0000000632000000, 0x0000000632000000| Complete 
| 195|0x0000000632400000, 0x0000000632800000, 0x0000000632800000|100%| E|CS|TAMS 0x0000000632400000, 0x0000000632400000| Complete 
| 196|0x0000000632800000, 0x0000000632c00000, 0x0000000632c00000|100%| E|CS|TAMS 0x0000000632800000, 0x0000000632800000| Complete 
| 197|0x0000000632c00000, 0x0000000633000000, 0x0000000633000000|100%| E|CS|TAMS 0x0000000632c00000, 0x0000000632c00000| Complete 
| 198|0x0000000633000000, 0x0000000633400000, 0x0000000633400000|100%| E|CS|TAMS 0x0000000633000000, 0x0000000633000000| Complete 
| 199|0x0000000633400000, 0x0000000633800000, 0x0000000633800000|100%| E|CS|TAMS 0x0000000633400000, 0x0000000633400000| Complete 
| 200|0x0000000633800000, 0x0000000633c00000, 0x0000000633c00000|100%| E|CS|TAMS 0x0000000633800000, 0x0000000633800000| Complete 

Card table byte_map: [0x0000024e01000000,0x0000024e02000000] _byte_map_base: 0x0000024dfdff4000

Marking Bits (Prev, Next): (CMBitMap*) 0x0000024e68e07140, (CMBitMap*) 0x0000024e68e07180
 Prev Bits: [0x0000024e03000000, 0x0000024e0afa0000)
 Next Bits: [0x0000024e0afa0000, 0x0000024e12f40000)

Polling page: 0x0000024e68570000

Metaspace:

Usage:
  Non-class:     15.13 MB used.
      Class:      1.91 MB used.
       Both:     17.04 MB used.

Virtual space:
  Non-class space:       16.00 MB reserved,      15.31 MB ( 96%) committed,  2 nodes.
      Class space:        1.00 GB reserved,       2.06 MB ( <1%) committed,  1 nodes.
              Both:        1.02 GB reserved,      17.38 MB (  2%) committed. 

Chunk freelists:
   Non-Class:  624.00 KB
       Class:  1.81 MB
        Both:  2.42 MB

MaxMetaspaceSize: 17179869184.00 GB
CompressedClassSpaceSize: 1.00 GB
 - commit_granule_bytes: 65536.
 - commit_granule_words: 8192.
 - virtual_space_node_default_size: 1048576.
 - enlarge_chunks_in_place: 1.
 - new_chunks_are_fully_committed: 0.
 - uncommit_free_chunks: 1.
 - use_allocation_guard: 0.
 - handle_deallocations: 1.


Internal statistics:

num_allocs_failed_limit: 0.
num_arena_births: 394.
num_arena_deaths: 0.
num_vsnodes_births: 3.
num_vsnodes_deaths: 0.
num_space_committed: 278.
num_space_uncommitted: 0.
num_chunks_returned_to_freelist: 0.
num_chunks_taken_from_freelist: 720.
num_chunk_merges: 0.
num_chunk_splits: 455.
num_chunks_enlarged: 276.
num_purges: 0.

CodeHeap 'non-profiled nmethods': size=120000Kb used=1815Kb max_used=1815Kb free=118184Kb
 bounds [0x0000024e77fd0000, 0x0000024e78240000, 0x0000024e7f500000]
CodeHeap 'profiled nmethods': size=120000Kb used=5541Kb max_used=5541Kb free=114458Kb
 bounds [0x0000024e70aa0000, 0x0000024e71010000, 0x0000024e77fd0000]
CodeHeap 'non-nmethods': size=5760Kb used=1533Kb max_used=1585Kb free=4226Kb
 bounds [0x0000024e70500000, 0x0000024e70770000, 0x0000024e70aa0000]
 total_blobs=3597 nmethods=2761 adapters=748
 compilation: enabled
              stopped_count=0, restarted_count=0
 full_count=0

Compilation events (20 events):
Event: 104.203 Thread 0x0000024e15c586f0 2620       4       java.util.ArrayList$SubList::toArray (79 bytes)
Event: 104.204 Thread 0x0000024e1524ed80 nmethod 2619 0x0000024e70fa5b90 code [0x0000024e70fa5da0, 0x0000024e70fa6358]
Event: 104.205 Thread 0x0000024e1524d740 nmethod 2618 0x0000024e78156190 code [0x0000024e78156320, 0x0000024e78156498]
Event: 104.205 Thread 0x0000024e1524ed80 2622       3       com.sun.javafx.font.FontFileReader$Buffer::getInt (107 bytes)
Event: 104.205 Thread 0x0000024e1524d740 2621       4       java.util.AbstractList::subListRangeCheck (110 bytes)
Event: 104.205 Thread 0x0000024e1524ed80 nmethod 2622 0x0000024e70fa6510 code [0x0000024e70fa66c0, 0x0000024e70fa68b8]
Event: 104.206 Thread 0x0000024e1524d740 nmethod 2621 0x0000024e78156610 code [0x0000024e781567a0, 0x0000024e78156858]
Event: 104.206 Thread 0x0000024e1524d740 2623   !   4       sun.nio.cs.UnicodeDecoder::decodeLoop (304 bytes)
Event: 104.206 Thread 0x0000024e15c586f0 nmethod 2620 0x0000024e78156910 code [0x0000024e78156aa0, 0x0000024e78156d98]
Event: 104.207 Thread 0x0000024e15c586f0 2624       4       java.util.ArrayList$SubList::toArray (79 bytes)
Event: 104.209 Thread 0x0000024e1524ed80 2626       3       java.lang.AbstractStringBuilder::append (33 bytes)
Event: 104.209 Thread 0x0000024e1524ed80 nmethod 2626 0x0000024e70fa6a10 code [0x0000024e70fa6be0, 0x0000024e70fa6dc8]
Event: 104.210 Thread 0x0000024e15c586f0 nmethod 2624 0x0000024e78156f90 code [0x0000024e78157120, 0x0000024e78157478]
Event: 104.211 Thread 0x0000024e15c586f0 2625       4       sun.nio.cs.UnicodeDecoder::implReset (9 bytes)
Event: 104.211 Thread 0x0000024e15c586f0 nmethod 2625 0x0000024e78157610 code [0x0000024e78157780, 0x0000024e781577f8]
Event: 104.211 Thread 0x0000024e15c586f0 2628       4       java.util.ArrayList::indexOfRange (71 bytes)
Event: 104.212 Thread 0x0000024e1524ed80 2629       3       jdk.internal.misc.VM::isModuleSystemInited (13 bytes)
Event: 104.212 Thread 0x0000024e1524ed80 nmethod 2629 0x0000024e70fa6f10 code [0x0000024e70fa70c0, 0x0000024e70fa7278]
Event: 104.213 Thread 0x0000024e1524ed80 2630       3       java.lang.String::valueOf (15 bytes)
Event: 104.214 Thread 0x0000024e1524ed80 nmethod 2630 0x0000024e70fa7310 code [0x0000024e70fa74c0, 0x0000024e70fa76e8]

GC Heap History (20 events):
Event: 3.370 GC heap before
{Heap before GC invocations=27 (full 0):
 garbage-first heap   total 684032K, used 495988K [0x0000000601800000, 0x0000000800000000)
  region size 4096K, 100 young (409600K), 1 survivors (4096K)
 Metaspace       used 11962K, committed 12096K, reserved 1064960K
  class space    used 1326K, committed 1408K, reserved 1048576K
}
Event: 3.371 GC heap after
{Heap after GC invocations=28 (full 0):
 garbage-first heap   total 684032K, used 90486K [0x0000000601800000, 0x0000000800000000)
  region size 4096K, 1 young (4096K), 1 survivors (4096K)
 Metaspace       used 11962K, committed 12096K, reserved 1064960K
  class space    used 1326K, committed 1408K, reserved 1048576K
}
Event: 3.446 GC heap before
{Heap before GC invocations=28 (full 0):
 garbage-first heap   total 684032K, used 495990K [0x0000000601800000, 0x0000000800000000)
  region size 4096K, 100 young (409600K), 1 survivors (4096K)
 Metaspace       used 11965K, committed 12096K, reserved 1064960K
  class space    used 1326K, committed 1408K, reserved 1048576K
}
Event: 3.447 GC heap after
{Heap after GC invocations=29 (full 0):
 garbage-first heap   total 684032K, used 90488K [0x0000000601800000, 0x0000000800000000)
  region size 4096K, 1 young (4096K), 1 survivors (4096K)
 Metaspace       used 11965K, committed 12096K, reserved 1064960K
  class space    used 1326K, committed 1408K, reserved 1048576K
}
Event: 3.510 GC heap before
{Heap before GC invocations=29 (full 0):
 garbage-first heap   total 684032K, used 495992K [0x0000000601800000, 0x0000000800000000)
  region size 4096K, 100 young (409600K), 1 survivors (4096K)
 Metaspace       used 11966K, committed 12096K, reserved 1064960K
  class space    used 1326K, committed 1408K, reserved 1048576K
}
Event: 3.511 GC heap after
{Heap after GC invocations=30 (full 0):
 garbage-first heap   total 684032K, used 90499K [0x0000000601800000, 0x0000000800000000)
  region size 4096K, 1 young (4096K), 1 survivors (4096K)
 Metaspace       used 11966K, committed 12096K, reserved 1064960K
  class space    used 1326K, committed 1408K, reserved 1048576K
}
Event: 3.583 GC heap before
{Heap before GC invocations=30 (full 0):
 garbage-first heap   total 684032K, used 496003K [0x0000000601800000, 0x0000000800000000)
  region size 4096K, 100 young (409600K), 1 survivors (4096K)
 Metaspace       used 11974K, committed 12096K, reserved 1064960K
  class space    used 1326K, committed 1408K, reserved 1048576K
}
Event: 3.584 GC heap after
{Heap after GC invocations=31 (full 0):
 garbage-first heap   total 823296K, used 90507K [0x0000000601800000, 0x0000000800000000)
  region size 4096K, 1 young (4096K), 1 survivors (4096K)
 Metaspace       used 11974K, committed 12096K, reserved 1064960K
  class space    used 1326K, committed 1408K, reserved 1048576K
}
Event: 3.695 GC heap before
{Heap before GC invocations=31 (full 0):
 garbage-first heap   total 823296K, used 577931K [0x0000000601800000, 0x0000000800000000)
  region size 4096K, 120 young (491520K), 1 survivors (4096K)
 Metaspace       used 11975K, committed 12096K, reserved 1064960K
  class space    used 1326K, committed 1408K, reserved 1048576K
}
Event: 3.696 GC heap after
{Heap after GC invocations=32 (full 0):
 garbage-first heap   total 823296K, used 90507K [0x0000000601800000, 0x0000000800000000)
  region size 4096K, 1 young (4096K), 1 survivors (4096K)
 Metaspace       used 11975K, committed 12096K, reserved 1064960K
  class space    used 1326K, committed 1408K, reserved 1048576K
}
Event: 3.786 GC heap before
{Heap before GC invocations=32 (full 0):
 garbage-first heap   total 823296K, used 577931K [0x0000000601800000, 0x0000000800000000)
  region size 4096K, 120 young (491520K), 1 survivors (4096K)
 Metaspace       used 11977K, committed 12096K, reserved 1064960K
  class space    used 1326K, committed 1408K, reserved 1048576K
}
Event: 3.787 GC heap after
{Heap after GC invocations=33 (full 0):
 garbage-first heap   total 823296K, used 90505K [0x0000000601800000, 0x0000000800000000)
  region size 4096K, 1 young (4096K), 1 survivors (4096K)
 Metaspace       used 11977K, committed 12096K, reserved 1064960K
  class space    used 1326K, committed 1408K, reserved 1048576K
}
Event: 3.866 GC heap before
{Heap before GC invocations=33 (full 0):
 garbage-first heap   total 823296K, used 577929K [0x0000000601800000, 0x0000000800000000)
  region size 4096K, 120 young (491520K), 1 survivors (4096K)
 Metaspace       used 11977K, committed 12096K, reserved 1064960K
  class space    used 1326K, committed 1408K, reserved 1048576K
}
Event: 3.867 GC heap after
{Heap after GC invocations=34 (full 0):
 garbage-first heap   total 823296K, used 90512K [0x0000000601800000, 0x0000000800000000)
  region size 4096K, 1 young (4096K), 1 survivors (4096K)
 Metaspace       used 11977K, committed 12096K, reserved 1064960K
  class space    used 1326K, committed 1408K, reserved 1048576K
}
Event: 3.951 GC heap before
{Heap before GC invocations=34 (full 0):
 garbage-first heap   total 823296K, used 577936K [0x0000000601800000, 0x0000000800000000)
  region size 4096K, 120 young (491520K), 1 survivors (4096K)
 Metaspace       used 11987K, committed 12160K, reserved 1064960K
  class space    used 1326K, committed 1408K, reserved 1048576K
}
Event: 3.952 GC heap after
{Heap after GC invocations=35 (full 0):
 garbage-first heap   total 823296K, used 90512K [0x0000000601800000, 0x0000000800000000)
  region size 4096K, 1 young (4096K), 1 survivors (4096K)
 Metaspace       used 11987K, committed 12160K, reserved 1064960K
  class space    used 1326K, committed 1408K, reserved 1048576K
}
Event: 4.032 GC heap before
{Heap before GC invocations=35 (full 0):
 garbage-first heap   total 823296K, used 577936K [0x0000000601800000, 0x0000000800000000)
  region size 4096K, 120 young (491520K), 1 survivors (4096K)
 Metaspace       used 11991K, committed 12160K, reserved 1064960K
  class space    used 1326K, committed 1408K, reserved 1048576K
}
Event: 4.032 GC heap after
{Heap after GC invocations=36 (full 0):
 garbage-first heap   total 823296K, used 90514K [0x0000000601800000, 0x0000000800000000)
  region size 4096K, 1 young (4096K), 1 survivors (4096K)
 Metaspace       used 11991K, committed 12160K, reserved 1064960K
  class space    used 1326K, committed 1408K, reserved 1048576K
}
Event: 4.177 GC heap before
{Heap before GC invocations=36 (full 0):
 garbage-first heap   total 823296K, used 577938K [0x0000000601800000, 0x0000000800000000)
  region size 4096K, 120 young (491520K), 1 survivors (4096K)
 Metaspace       used 12000K, committed 12160K, reserved 1064960K
  class space    used 1326K, committed 1408K, reserved 1048576K
}
Event: 4.178 GC heap after
{Heap after GC invocations=37 (full 0):
 garbage-first heap   total 823296K, used 90512K [0x0000000601800000, 0x0000000800000000)
  region size 4096K, 1 young (4096K), 1 survivors (4096K)
 Metaspace       used 12000K, committed 12160K, reserved 1064960K
  class space    used 1326K, committed 1408K, reserved 1048576K
}

Deoptimization events (20 events):
Event: 104.076 Thread 0x0000024e1d62caa0 DEOPT PACKING pc=0x0000024e78100850 sp=0x000000e438b6eb30
Event: 104.076 Thread 0x0000024e1d62caa0 DEOPT UNPACKING pc=0x0000024e7054d72e sp=0x000000e438b6eb10 mode 2
Event: 104.144 Thread 0x0000024e1d62caa0 Uncommon trap: trap_request=0xffffff45 fr.pc=0x0000024e77ff9834 relative=0x0000000000000294
Event: 104.144 Thread 0x0000024e1d62caa0 Uncommon trap: reason=unstable_if action=reinterpret pc=0x0000024e77ff9834 method=java.lang.String.startsWith(Ljava/lang/String;I)Z @ 50 c2
Event: 104.144 Thread 0x0000024e1d62caa0 DEOPT PACKING pc=0x0000024e77ff9834 sp=0x000000e438b6f0e0
Event: 104.144 Thread 0x0000024e1d62caa0 DEOPT UNPACKING pc=0x0000024e7054d72e sp=0x000000e438b6f050 mode 2
Event: 104.144 Thread 0x0000024e1d62caa0 Uncommon trap: trap_request=0xffffff45 fr.pc=0x0000024e7800c9e0 relative=0x00000000000004a0
Event: 104.144 Thread 0x0000024e1d62caa0 Uncommon trap: reason=unstable_if action=reinterpret pc=0x0000024e7800c9e0 method=java.lang.String.substring(II)Ljava/lang/String; @ 31 c2
Event: 104.144 Thread 0x0000024e1d62caa0 DEOPT PACKING pc=0x0000024e7800c9e0 sp=0x000000e438b6ef10
Event: 104.144 Thread 0x0000024e1d62caa0 DEOPT UNPACKING pc=0x0000024e7054d72e sp=0x000000e438b6eef8 mode 2
Event: 104.194 Thread 0x0000024e1d62e530 DEOPT PACKING pc=0x0000024e70b8c8d4 sp=0x000000e438c6f290
Event: 104.194 Thread 0x0000024e1d62e530 DEOPT UNPACKING pc=0x0000024e7054dece sp=0x000000e438c6e6f0 mode 1
Event: 104.206 Thread 0x0000024e1d62caa0 Uncommon trap: trap_request=0xffffffcc fr.pc=0x0000024e78156c2c relative=0x000000000000018c
Event: 104.206 Thread 0x0000024e1d62caa0 Uncommon trap: reason=intrinsic_or_type_checked_inlining action=make_not_entrant pc=0x0000024e78156c2c method=java.util.ArrayList$SubList.toArray([Ljava/lang/Object;)[Ljava/lang/Object; @ 58 c2
Event: 104.206 Thread 0x0000024e1d62caa0 DEOPT PACKING pc=0x0000024e78156c2c sp=0x000000e438b6ef70
Event: 104.206 Thread 0x0000024e1d62caa0 DEOPT UNPACKING pc=0x0000024e7054d72e sp=0x000000e438b6ef10 mode 2
Event: 104.210 Thread 0x0000024e15d71050 DEOPT PACKING pc=0x0000024e70dc508f sp=0x000000e4372fba30
Event: 104.210 Thread 0x0000024e15d71050 DEOPT UNPACKING pc=0x0000024e7054dece sp=0x000000e4372faec8 mode 0
Event: 104.210 Thread 0x0000024e15d71050 DEOPT PACKING pc=0x0000024e70dc508f sp=0x000000e4372fba30
Event: 104.210 Thread 0x0000024e15d71050 DEOPT UNPACKING pc=0x0000024e7054dece sp=0x000000e4372faec8 mode 0

Classes unloaded (0 events):
No events

Classes redefined (0 events):
No events

Internal exceptions (20 events):
Event: 0.637 Thread 0x0000024e68d91580 Exception <a 'java/lang/NoSuchMethodError'{0x0000000620f20d70}: 'java.lang.Object java.lang.invoke.DirectMethodHandle$Holder.invokeStatic(java.lang.Object, int, java.lang.Object, java.lang.Object, java.lang.Object, java.lang.Object)'> (0x0000000620f20d70) 
thrown [t:\workspace\open\src\hotspot\share\interpreter\linkResolver.cpp, line 790]
Event: 0.643 Thread 0x0000024e68d91580 Exception <a 'java/lang/NoSuchMethodError'{0x0000000620f47478}: 'java.lang.Object java.lang.invoke.DirectMethodHandle$Holder.invokeStatic(java.lang.Object, int, java.lang.Object)'> (0x0000000620f47478) 
thrown [t:\workspace\open\src\hotspot\share\interpreter\linkResolver.cpp, line 790]
Event: 0.683 Thread 0x0000024e68d91580 Exception <a 'java/lang/ClassNotFoundException'{0x0000000620828058}: com/sun/swing/internal/plaf/metal/resources/spi/metalProvider> (0x0000000620828058) 
thrown [t:\workspace\open\src\hotspot\share\classfile\systemDictionary.cpp, line 256]
Event: 0.684 Thread 0x0000024e68d91580 Exception <a 'java/lang/ClassNotFoundException'{0x000000062082c0c0}: com/sun/swing/internal/plaf/basic/resources/spi/basicProvider> (0x000000062082c0c0) 
thrown [t:\workspace\open\src\hotspot\share\classfile\systemDictionary.cpp, line 256]
Event: 0.714 Thread 0x0000024e15d71050 Exception <a 'java/lang/NoSuchMethodError'{0x00000006209eaab0}: 'void java.lang.invoke.DirectMethodHandle$Holder.invokeStaticInit(java.lang.Object)'> (0x00000006209eaab0) 
thrown [t:\workspace\open\src\hotspot\share\interpreter\linkResolver.cpp, line 790]
Event: 0.891 Thread 0x0000024e15d705b0 Exception <a 'java/lang/NoSuchMethodError'{0x00000006211f3528}: 'void java.lang.invoke.DirectMethodHandle$Holder.invokeVirtual(java.lang.Object, java.lang.Object)'> (0x00000006211f3528) 
thrown [t:\workspace\open\src\hotspot\share\interpreter\linkResolver.cpp, line 790]
Event: 0.976 Thread 0x0000024e68d91580 Exception <a 'java/lang/NoSuchMethodError'{0x0000000621510888}: 'int java.lang.invoke.DirectMethodHandle$Holder.invokeStatic(java.lang.Object)'> (0x0000000621510888) 
thrown [t:\workspace\open\src\hotspot\share\interpreter\linkResolver.cpp, line 790]
Event: 1.800 Thread 0x0000024e1d62bab0 Implicit null exception at 0x0000024e7805c500 to 0x0000024e7805d07c
Event: 9.124 Thread 0x0000024e1d62caa0 Implicit null exception at 0x0000024e780d89a0 to 0x0000024e780d8a70
Event: 9.345 Thread 0x0000024e1d62cff0 Exception <a 'java/lang/NoSuchMethodError'{0x0000000627cdd758}: 'java.lang.Object java.lang.invoke.DirectMethodHandle$Holder.invokeStaticInit(java.lang.Object, java.lang.Object, java.lang.Object, java.lang.Object)'> (0x0000000627cdd758) 
thrown [t:\workspace\open\src\hotspot\share\interpreter\linkResolver.cpp, line 790]
Event: 71.487 Thread 0x0000024e15d71050 Exception <a 'java/lang/NullPointerException'{0x0000000627827930}> (0x0000000627827930) 
thrown [t:\workspace\open\src\hotspot\share\interpreter\linkResolver.cpp, line 1385]
Event: 79.966 Thread 0x0000024e15d71050 Exception <a 'java/lang/NoSuchMethodError'{0x0000000627873660}: 'void java.lang.invoke.DirectMethodHandle$Holder.invokeSpecial(java.lang.Object, java.lang.Object, java.lang.Object, java.lang.Object, java.lang.Object)'> (0x0000000627873660) 
thrown [t:\workspace\open\src\hotspot\share\interpreter\linkResolver.cpp, line 790]
Event: 90.680 Thread 0x0000024e1d62caa0 Exception <a 'java/lang/NoSuchMethodError'{0x00000006274daf78}: 'java.lang.Object java.lang.invoke.DirectMethodHandle$Holder.invokeSpecial(java.lang.Object, java.lang.Object, long, java.lang.Object, int, int, int, int, java.lang.Object, java.lang.Object, java.lang.Object)'> (0x00000006274daf78) 
thrown [t:\workspace\open\src\hotspot\share\interpreter\linkResolver.cpp, line 790]
Event: 90.681 Thread 0x0000024e1d62caa0 Exception <a 'java/lang/NoSuchMethodError'{0x00000006274df978}: 'java.lang.Object java.lang.invoke.DelegatingMethodHandle$Holder.reinvoke_L(java.lang.Object, long, java.lang.Object, int, int, int, int, java.lang.Object, java.lang.Object, java.lang.Object)'> (0x00000006274df978) 
thrown [t:\workspace\open\src\hotspot\share\interpreter\linkResolver.cpp, line 790]
Event: 90.732 Thread 0x0000024e1d62caa0 Exception <a 'java/lang/NoSuchMethodError'{0x00000006275536c8}: 'java.lang.Object java.lang.invoke.DirectMethodHandle$Holder.invokeSpecial(java.lang.Object, java.lang.Object, long, java.lang.Object, java.lang.Object, java.lang.Object, java.lang.Object, int, java.lang.Object, java.lang.Object, java.lang.Object)'> (0x00000006275536c8) 
thrown [t:\workspace\open\src\hotspot\share\interpreter\linkResolver.cpp, line 790]
Event: 90.733 Thread 0x0000024e1d62caa0 Exception <a 'java/lang/NoSuchMethodError'{0x0000000627558428}: 'java.lang.Object java.lang.invoke.DelegatingMethodHandle$Holder.reinvoke_L(java.lang.Object, long, java.lang.Object, java.lang.Object, java.lang.Object, java.lang.Object, int, java.lang.Object, java.lang.Object, java.lang.Object)'> (0x0000000627558428) 
thrown [t:\workspace\open\src\hotspot\share\interpreter\linkResolver.cpp, line 790]
Event: 90.795 Thread 0x0000024e1d62caa0 Exception <a 'java/lang/NoSuchMethodError'{0x00000006275e1c60}: 'java.lang.Object java.lang.invoke.DirectMethodHandle$Holder.invokeSpecial(java.lang.Object, java.lang.Object, long, java.lang.Object, java.lang.Object, java.lang.Object, java.lang.Object, java.lang.Object, java.lang.Object, java.lang.Object)'> (0x00000006275e1c60) 
thrown [t:\workspace\open\src\hotspot\share\interpreter\linkResolver.cpp, line 790]
Event: 90.796 Thread 0x0000024e1d62caa0 Exception <a 'java/lang/NoSuchMethodError'{0x00000006275e6968}: 'java.lang.Object java.lang.invoke.DelegatingMethodHandle$Holder.reinvoke_L(java.lang.Object, long, java.lang.Object, java.lang.Object, java.lang.Object, java.lang.Object, java.lang.Object, java.lang.Object, java.lang.Object)'> (0x00000006275e6968) 
thrown [t:\workspace\open\src\hotspot\share\interpreter\linkResolver.cpp, line 790]
Event: 90.806 Thread 0x0000024e1d62caa0 Exception <a 'java/lang/NoSuchMethodError'{0x00000006275fec58}: 'java.lang.Object java.lang.invoke.DirectMethodHandle$Holder.invokeSpecial(java.lang.Object, java.lang.Object, java.lang.Object, java.lang.Object, java.lang.Object, java.lang.Object, java.lang.Object, java.lang.Object, java.lang.Object)'> (0x00000006275fec58) 
thrown [t:\workspace\open\src\hotspot\share\interpreter\linkResolver.cpp, line 790]
Event: 90.808 Thread 0x0000024e1d62caa0 Exception <a 'java/lang/NoSuchMethodError'{0x0000000627603838}: 'java.lang.Object java.lang.invoke.Invokers$Holder.linkToTargetMethod(java.lang.Object, java.lang.Object, java.lang.Object, java.lang.Object, java.lang.Object, java.lang.Object, java.lang.Object, java.lang.Object)'> (0x0000000627603838) 
thrown [t:\workspace\open\src\hotspot\share\interpreter\linkResolver.cpp, line 790]

Events (20 events):
Event: 104.185 Thread 0x0000024e1d629030 Thread added: 0x0000024e1d629030
Event: 104.189 Thread 0x0000024e1d62f520 Thread added: 0x0000024e1d62f520
Event: 104.189 Thread 0x0000024e1d62cff0 Thread added: 0x0000024e1d62cff0
Event: 104.189 Thread 0x0000024e1d62da90 Thread added: 0x0000024e1d62da90
Event: 104.189 Thread 0x0000024e1d62e530 Thread added: 0x0000024e1d62e530
Event: 104.190 Thread 0x0000024e1d62f520 Thread exited: 0x0000024e1d62f520
Event: 104.190 loading class sun/nio/cs/UTF_16BE$Decoder
Event: 104.190 loading class sun/nio/cs/UTF_16BE$Decoder done
Event: 104.191 Thread 0x0000024e1d62cff0 Thread exited: 0x0000024e1d62cff0
Event: 104.191 Thread 0x0000024e1d62c550 Thread exited: 0x0000024e1d62c550
Event: 104.191 Executing  VM operation: HandshakeAllThreads
Event: 104.191 Executing  VM operation: HandshakeAllThreads done
Event: 104.194 Thread 0x0000024e1d62e530 Thread exited: 0x0000024e1d62e530
Event: 104.208 Thread 0x0000024e15d73580 Thread exited: 0x0000024e15d73580
Event: 104.212 loading class java/lang/Throwable$WrappedPrintStream
Event: 104.212 loading class java/lang/Throwable$PrintStreamOrWriter
Event: 104.212 loading class java/lang/Throwable$PrintStreamOrWriter done
Event: 104.212 loading class java/lang/Throwable$WrappedPrintStream done
Event: 104.212 loading class java/lang/StackTraceElement$HashedModules
Event: 104.212 loading class java/lang/StackTraceElement$HashedModules done


Dynamic libraries:
0x00007ff690380000 - 0x00007ff690390000 	C:\Program Files\Java\jdk-16\bin\java.exe
0x00007ff8844b0000 - 0x00007ff8846a5000 	C:\WINDOWS\SYSTEM32\ntdll.dll
0x00007ff882cd0000 - 0x00007ff882d8d000 	C:\WINDOWS\System32\KERNEL32.DLL
0x00007ff882070000 - 0x00007ff882338000 	C:\WINDOWS\System32\KERNELBASE.dll
0x00007ff882340000 - 0x00007ff882440000 	C:\WINDOWS\System32\ucrtbase.dll
0x00007ff86fe80000 - 0x00007ff86fe98000 	C:\Program Files\Java\jdk-16\bin\jli.dll
0x00007ff86fea0000 - 0x00007ff86feb9000 	C:\Program Files\Java\jdk-16\bin\VCRUNTIME140.dll
0x00007ff884290000 - 0x00007ff88433c000 	C:\WINDOWS\System32\ADVAPI32.dll
0x00007ff883980000 - 0x00007ff883a1e000 	C:\WINDOWS\System32\msvcrt.dll
0x00007ff883c70000 - 0x00007ff883d0b000 	C:\WINDOWS\System32\sechost.dll
0x00007ff884340000 - 0x00007ff88446b000 	C:\WINDOWS\System32\RPCRT4.dll
0x00007ff882970000 - 0x00007ff882b10000 	C:\WINDOWS\System32\USER32.dll
0x00007ff881f60000 - 0x00007ff881f82000 	C:\WINDOWS\System32\win32u.dll
0x00007ff869c50000 - 0x00007ff869eea000 	C:\WINDOWS\WinSxS\amd64_microsoft.windows.common-controls_6595b64144ccf1df_6.0.19041.844_none_ca00b6081b84eb1d\COMCTL32.dll
0x00007ff883d10000 - 0x00007ff883d3a000 	C:\WINDOWS\System32\GDI32.dll
0x00007ff881e50000 - 0x00007ff881f5b000 	C:\WINDOWS\System32\gdi32full.dll
0x00007ff881db0000 - 0x00007ff881e4d000 	C:\WINDOWS\System32\msvcp_win.dll
0x00007ff8786c0000 - 0x00007ff8786ca000 	C:\WINDOWS\SYSTEM32\VERSION.dll
0x00007ff882940000 - 0x00007ff882970000 	C:\WINDOWS\System32\IMM32.DLL
0x00007ff874160000 - 0x00007ff87416c000 	C:\Program Files\Java\jdk-16\bin\vcruntime140_1.dll
0x00007ff826500000 - 0x00007ff826591000 	C:\Program Files\Java\jdk-16\bin\msvcp140.dll
0x00007ff818860000 - 0x00007ff81940b000 	C:\Program Files\Java\jdk-16\bin\server\jvm.dll
0x00007ff882cc0000 - 0x00007ff882cc8000 	C:\WINDOWS\System32\PSAPI.DLL
0x00007ff84fb20000 - 0x00007ff84fb29000 	C:\WINDOWS\SYSTEM32\WSOCK32.dll
0x00007ff874a30000 - 0x00007ff874a57000 	C:\WINDOWS\SYSTEM32\WINMM.dll
0x00007ff883860000 - 0x00007ff8838cb000 	C:\WINDOWS\System32\WS2_32.dll
0x00007ff880480000 - 0x00007ff880492000 	C:\WINDOWS\SYSTEM32\kernel.appcore.dll
0x00007ff86fe70000 - 0x00007ff86fe7a000 	C:\Program Files\Java\jdk-16\bin\jimage.dll
0x00007ff87f940000 - 0x00007ff87fb24000 	C:\WINDOWS\SYSTEM32\DBGHELP.DLL
0x00007ff86fa80000 - 0x00007ff86faac000 	C:\WINDOWS\SYSTEM32\dbgcore.DLL
0x00007ff882490000 - 0x00007ff882510000 	C:\WINDOWS\System32\bcryptPrimitives.dll
0x00007ff86fd80000 - 0x00007ff86fdbb000 	C:\Program Files\Java\jdk-16\bin\jdwp.dll
0x00007ff86fe40000 - 0x00007ff86fe65000 	C:\Program Files\Java\jdk-16\bin\java.dll
0x00007ff882d90000 - 0x00007ff8834d2000 	C:\WINDOWS\System32\SHELL32.dll
0x00007ff87fcd0000 - 0x00007ff880461000 	C:\WINDOWS\SYSTEM32\windows.storage.dll
0x00007ff883500000 - 0x00007ff883855000 	C:\WINDOWS\System32\combase.dll
0x00007ff881590000 - 0x00007ff8815bc000 	C:\WINDOWS\SYSTEM32\Wldp.dll
0x00007ff882510000 - 0x00007ff8825be000 	C:\WINDOWS\System32\SHCORE.dll
0x00007ff883ba0000 - 0x00007ff883bf5000 	C:\WINDOWS\System32\shlwapi.dll
0x00007ff881b30000 - 0x00007ff881b4f000 	C:\WINDOWS\SYSTEM32\profapi.dll
0x00007ff86fd70000 - 0x00007ff86fd7c000 	C:\Program Files\Java\jdk-16\bin\dt_socket.dll
0x00007ff881030000 - 0x00007ff88106b000 	C:\WINDOWS\SYSTEM32\IPHLPAPI.DLL
0x00007ff881370000 - 0x00007ff8813da000 	C:\WINDOWS\system32\mswsock.dll
0x00007ff86fcc0000 - 0x00007ff86fcd9000 	C:\Program Files\Java\jdk-16\bin\net.dll
0x00007ff878aa0000 - 0x00007ff878bab000 	C:\WINDOWS\SYSTEM32\WINHTTP.dll
0x00007ff86bf60000 - 0x00007ff86bf73000 	C:\Program Files\Java\jdk-16\bin\nio.dll
0x00007ff869100000 - 0x00007ff869118000 	C:\Program Files\Java\jdk-16\bin\zip.dll
0x00007ff81cdb0000 - 0x00007ff81cf30000 	C:\Program Files\Java\jdk-16\bin\awt.dll
0x00007ff8825c0000 - 0x00007ff88268d000 	C:\WINDOWS\System32\OLEAUT32.dll
0x00007ff87f030000 - 0x00007ff87f0c0000 	C:\WINDOWS\SYSTEM32\apphelp.dll
0x00007ff87f2a0000 - 0x00007ff87f2cf000 	C:\WINDOWS\system32\DWMAPI.DLL
0x00007ff87f1b0000 - 0x00007ff87f24e000 	C:\WINDOWS\system32\uxtheme.dll
0x00007ff869340000 - 0x00007ff869466000 	C:\WINDOWS\system32\opengl32.dll
0x00007ff86a090000 - 0x00007ff86a0bc000 	C:\WINDOWS\SYSTEM32\GLU32.dll
0x00007ff883a80000 - 0x00007ff883b95000 	C:\WINDOWS\System32\MSCTF.dll
0x00007ff882810000 - 0x00007ff88293a000 	C:\WINDOWS\System32\ole32.dll
0x00007ff857cb0000 - 0x00007ff857e7e000 	C:\WINDOWS\system32\d3d9.dll
0x00007ff8817e0000 - 0x00007ff8817f2000 	C:\WINDOWS\SYSTEM32\msasn1.dll
0x00007ff8776a0000 - 0x00007ff8776d1000 	C:\WINDOWS\SYSTEM32\cryptnet.dll
0x00007ff881bf0000 - 0x00007ff881d4f000 	C:\WINDOWS\System32\CRYPT32.dll
0x00007ff8814f0000 - 0x00007ff8814fc000 	C:\WINDOWS\SYSTEM32\cryptbase.dll
0x00007ff881d50000 - 0x00007ff881db0000 	C:\WINDOWS\System32\WINTRUST.DLL
0x00007ff8834e0000 - 0x00007ff8834fd000 	C:\WINDOWS\System32\imagehlp.dll
0x00007ff8815d0000 - 0x00007ff8815e8000 	C:\WINDOWS\SYSTEM32\CRYPTSP.dll
0x00007ff880cc0000 - 0x00007ff880cf4000 	C:\WINDOWS\system32\rsaenh.dll
0x00007ff882040000 - 0x00007ff882067000 	C:\WINDOWS\System32\bcrypt.dll
0x0000024e153b0000 - 0x0000024e153b3000 	C:\Users\Jackson Atkins\IdeaProjects\p2-beedrill\javafx-sdk-11.0.2\bin\api-ms-win-core-console-l1-1-0.dll
0x0000024e153e0000 - 0x0000024e153e3000 	C:\Users\Jackson Atkins\IdeaProjects\p2-beedrill\javafx-sdk-11.0.2\bin\api-ms-win-core-datetime-l1-1-0.dll
0x0000024e153f0000 - 0x0000024e153f3000 	C:\Users\Jackson Atkins\IdeaProjects\p2-beedrill\javafx-sdk-11.0.2\bin\api-ms-win-core-debug-l1-1-0.dll
0x0000024e16a50000 - 0x0000024e16a53000 	C:\Users\Jackson Atkins\IdeaProjects\p2-beedrill\javafx-sdk-11.0.2\bin\api-ms-win-core-errorhandling-l1-1-0.dll
0x0000024e16a30000 - 0x0000024e16a34000 	C:\Users\Jackson Atkins\IdeaProjects\p2-beedrill\javafx-sdk-11.0.2\bin\api-ms-win-core-file-l1-1-0.dll
0x0000024e16a40000 - 0x0000024e16a43000 	C:\Users\Jackson Atkins\IdeaProjects\p2-beedrill\javafx-sdk-11.0.2\bin\api-ms-win-core-file-l1-2-0.dll
0x0000024e16a70000 - 0x0000024e16a73000 	C:\Users\Jackson Atkins\IdeaProjects\p2-beedrill\javafx-sdk-11.0.2\bin\api-ms-win-core-file-l2-1-0.dll
0x0000024e16a80000 - 0x0000024e16a83000 	C:\Users\Jackson Atkins\IdeaProjects\p2-beedrill\javafx-sdk-11.0.2\bin\api-ms-win-core-handle-l1-1-0.dll
0x0000024e16a90000 - 0x0000024e16a93000 	C:\Users\Jackson Atkins\IdeaProjects\p2-beedrill\javafx-sdk-11.0.2\bin\api-ms-win-core-heap-l1-1-0.dll
0x0000024e16aa0000 - 0x0000024e16aa3000 	C:\Users\Jackson Atkins\IdeaProjects\p2-beedrill\javafx-sdk-11.0.2\bin\api-ms-win-core-interlocked-l1-1-0.dll
0x0000024e16ab0000 - 0x0000024e16ab3000 	C:\Users\Jackson Atkins\IdeaProjects\p2-beedrill\javafx-sdk-11.0.2\bin\api-ms-win-core-libraryloader-l1-1-0.dll
0x0000024e16ac0000 - 0x0000024e16ac3000 	C:\Users\Jackson Atkins\IdeaProjects\p2-beedrill\javafx-sdk-11.0.2\bin\api-ms-win-core-localization-l1-2-0.dll
0x0000024e1af20000 - 0x0000024e1af23000 	C:\Users\Jackson Atkins\IdeaProjects\p2-beedrill\javafx-sdk-11.0.2\bin\api-ms-win-core-memory-l1-1-0.dll
0x0000024e1af30000 - 0x0000024e1af33000 	C:\Users\Jackson Atkins\IdeaProjects\p2-beedrill\javafx-sdk-11.0.2\bin\api-ms-win-core-namedpipe-l1-1-0.dll
0x0000024e1af40000 - 0x0000024e1af43000 	C:\Users\Jackson Atkins\IdeaProjects\p2-beedrill\javafx-sdk-11.0.2\bin\api-ms-win-core-processenvironment-l1-1-0.dll
0x0000024e1af50000 - 0x0000024e1af53000 	C:\Users\Jackson Atkins\IdeaProjects\p2-beedrill\javafx-sdk-11.0.2\bin\api-ms-win-core-processthreads-l1-1-0.dll
0x0000024e1af60000 - 0x0000024e1af63000 	C:\Users\Jackson Atkins\IdeaProjects\p2-beedrill\javafx-sdk-11.0.2\bin\api-ms-win-core-processthreads-l1-1-1.dll
0x0000024e1af70000 - 0x0000024e1af73000 	C:\Users\Jackson Atkins\IdeaProjects\p2-beedrill\javafx-sdk-11.0.2\bin\api-ms-win-core-profile-l1-1-0.dll
0x00007ff84f850000 - 0x00007ff84fb09000 	C:\WINDOWS\system32\nvspcap64.dll
0x0000024e1af80000 - 0x0000024e1af83000 	C:\Users\Jackson Atkins\IdeaProjects\p2-beedrill\javafx-sdk-11.0.2\bin\api-ms-win-core-rtlsupport-l1-1-0.dll
0x00007ff8808d0000 - 0x00007ff880903000 	C:\WINDOWS\SYSTEM32\ntmarta.dll
0x0000024e1af90000 - 0x0000024e1af93000 	C:\Users\Jackson Atkins\IdeaProjects\p2-beedrill\javafx-sdk-11.0.2\bin\api-ms-win-core-string-l1-1-0.dll
0x0000024e1afa0000 - 0x0000024e1afa3000 	C:\Users\Jackson Atkins\IdeaProjects\p2-beedrill\javafx-sdk-11.0.2\bin\api-ms-win-core-synch-l1-1-0.dll
0x0000024e1cfd0000 - 0x0000024e1cfd3000 	C:\Users\Jackson Atkins\IdeaProjects\p2-beedrill\javafx-sdk-11.0.2\bin\api-ms-win-core-synch-l1-2-0.dll
0x0000024e1cfe0000 - 0x0000024e1cfe3000 	C:\Users\Jackson Atkins\IdeaProjects\p2-beedrill\javafx-sdk-11.0.2\bin\api-ms-win-core-sysinfo-l1-1-0.dll
0x0000024e1cff0000 - 0x0000024e1cff3000 	C:\Users\Jackson Atkins\IdeaProjects\p2-beedrill\javafx-sdk-11.0.2\bin\api-ms-win-core-timezone-l1-1-0.dll
0x0000024e1d000000 - 0x0000024e1d003000 	C:\Users\Jackson Atkins\IdeaProjects\p2-beedrill\javafx-sdk-11.0.2\bin\api-ms-win-core-util-l1-1-0.dll
0x0000024e1d010000 - 0x0000024e1d013000 	C:\Users\Jackson Atkins\IdeaProjects\p2-beedrill\javafx-sdk-11.0.2\bin\api-ms-win-crt-conio-l1-1-0.dll
0x0000024e1d0d0000 - 0x0000024e1d0d4000 	C:\Users\Jackson Atkins\IdeaProjects\p2-beedrill\javafx-sdk-11.0.2\bin\api-ms-win-crt-convert-l1-1-0.dll
0x0000024e1d020000 - 0x0000024e1d023000 	C:\Users\Jackson Atkins\IdeaProjects\p2-beedrill\javafx-sdk-11.0.2\bin\api-ms-win-crt-environment-l1-1-0.dll
0x0000024e1d030000 - 0x0000024e1d033000 	C:\Users\Jackson Atkins\IdeaProjects\p2-beedrill\javafx-sdk-11.0.2\bin\api-ms-win-crt-filesystem-l1-1-0.dll
0x0000024e1d040000 - 0x0000024e1d043000 	C:\Users\Jackson Atkins\IdeaProjects\p2-beedrill\javafx-sdk-11.0.2\bin\api-ms-win-crt-heap-l1-1-0.dll
0x0000024e1d050000 - 0x0000024e1d053000 	C:\Users\Jackson Atkins\IdeaProjects\p2-beedrill\javafx-sdk-11.0.2\bin\api-ms-win-crt-locale-l1-1-0.dll
0x0000024e1d060000 - 0x0000024e1d065000 	C:\Users\Jackson Atkins\IdeaProjects\p2-beedrill\javafx-sdk-11.0.2\bin\api-ms-win-crt-math-l1-1-0.dll
0x0000024e1d070000 - 0x0000024e1d075000 	C:\Users\Jackson Atkins\IdeaProjects\p2-beedrill\javafx-sdk-11.0.2\bin\api-ms-win-crt-multibyte-l1-1-0.dll
0x0000024e1d080000 - 0x0000024e1d090000 	C:\Users\Jackson Atkins\IdeaProjects\p2-beedrill\javafx-sdk-11.0.2\bin\api-ms-win-crt-private-l1-1-0.dll
0x0000024e1d090000 - 0x0000024e1d093000 	C:\Users\Jackson Atkins\IdeaProjects\p2-beedrill\javafx-sdk-11.0.2\bin\api-ms-win-crt-process-l1-1-0.dll
0x0000024e1d0a0000 - 0x0000024e1d0a4000 	C:\Users\Jackson Atkins\IdeaProjects\p2-beedrill\javafx-sdk-11.0.2\bin\api-ms-win-crt-runtime-l1-1-0.dll
0x0000024e1d0b0000 - 0x0000024e1d0b4000 	C:\Users\Jackson Atkins\IdeaProjects\p2-beedrill\javafx-sdk-11.0.2\bin\api-ms-win-crt-stdio-l1-1-0.dll
0x0000024e1d0c0000 - 0x0000024e1d0c4000 	C:\Users\Jackson Atkins\IdeaProjects\p2-beedrill\javafx-sdk-11.0.2\bin\api-ms-win-crt-string-l1-1-0.dll
0x0000024e1d0e0000 - 0x0000024e1d0e3000 	C:\Users\Jackson Atkins\IdeaProjects\p2-beedrill\javafx-sdk-11.0.2\bin\api-ms-win-crt-time-l1-1-0.dll
0x00007ff8804a0000 - 0x00007ff8804c3000 	C:\WINDOWS\SYSTEM32\gpapi.dll
0x0000024e1d0f0000 - 0x0000024e1d0f3000 	C:\Users\Jackson Atkins\IdeaProjects\p2-beedrill\javafx-sdk-11.0.2\bin\api-ms-win-crt-utility-l1-1-0.dll
0x00007ff819580000 - 0x00007ff81967a000 	C:\Users\Jackson Atkins\IdeaProjects\p2-beedrill\javafx-sdk-11.0.2\bin\ucrtbase.dll
0x00007ff8683f0000 - 0x00007ff868406000 	C:\Users\Jackson Atkins\IdeaProjects\p2-beedrill\javafx-sdk-11.0.2\bin\vcruntime140.dll
0x00007ff8194d0000 - 0x00007ff819576000 	C:\Users\Jackson Atkins\IdeaProjects\p2-beedrill\javafx-sdk-11.0.2\bin\msvcp140.dll
0x00007ff8319a0000 - 0x00007ff8319f1000 	C:\Users\Jackson Atkins\IdeaProjects\p2-beedrill\javafx-sdk-11.0.2\bin\concrt140.dll
0x00007ff8778d0000 - 0x00007ff87790b000 	C:\WINDOWS\SYSTEM32\dxcore.dll
0x00007ff882440000 - 0x00007ff88248e000 	C:\WINDOWS\System32\cfgmgr32.dll
0x00007ff833780000 - 0x00007ff8337a3000 	C:\Users\Jackson Atkins\IdeaProjects\p2-beedrill\javafx-sdk-11.0.2\bin\prism_d3d.dll
0x00007ff8325f0000 - 0x00007ff832635000 	C:\Users\Jackson Atkins\IdeaProjects\p2-beedrill\javafx-sdk-11.0.2\bin\glass.dll
0x00007ff882690000 - 0x00007ff88276a000 	C:\WINDOWS\System32\COMDLG32.dll
0x00007ff81d0d0000 - 0x00007ff81d159000 	C:\Program Files\Java\jdk-16\bin\freetype.dll
0x00007ff818530000 - 0x00007ff818626000 	C:\Program Files\Java\jdk-16\bin\harfbuzz.dll
0x00007ff841620000 - 0x00007ff841632000 	C:\Program Files\Java\jdk-16\bin\fontmanager.dll
0x00007ff869f20000 - 0x00007ff86a019000 	C:\WINDOWS\SYSTEM32\textinputframework.dll
0x00007ff87e640000 - 0x00007ff87e99e000 	C:\WINDOWS\System32\CoreUIComponents.dll
0x00007ff87ed20000 - 0x00007ff87ee12000 	C:\WINDOWS\System32\CoreMessaging.dll
0x00007ff87d520000 - 0x00007ff87d674000 	C:\WINDOWS\SYSTEM32\wintypes.dll
0x00007ff8838d0000 - 0x00007ff883979000 	C:\WINDOWS\System32\clbcatq.dll
0x00007ff87ada0000 - 0x00007ff87af54000 	C:\WINDOWS\SYSTEM32\WindowsCodecs.dll
0x00007ff860ea0000 - 0x00007ff860ede000 	C:\WINDOWS\system32\dataexchange.dll

dbghelp: loaded successfully - version: 4.0.5 - missing functions: none
symbol engine: initialized successfully - sym options: 0x614 - pdb path: .;C:\Program Files\Java\jdk-16\bin;C:\WINDOWS\SYSTEM32;C:\WINDOWS\WinSxS\amd64_microsoft.windows.common-controls_6595b64144ccf1df_6.0.19041.844_none_ca00b6081b84eb1d;C:\Program Files\Java\jdk-16\bin\server;C:\WINDOWS\System32\DriverStore\FileRepository\nvddi.inf_amd64_b94238950d70fdab;C:\Users\Jackson Atkins\IdeaProjects\p2-beedrill\javafx-sdk-11.0.2\bin

VM Arguments:
jvm_args: -agentlib:jdwp=transport=dt_socket,address=127.0.0.1:61886,suspend=y,server=n -Dfile.encoding=UTF-8 
java_command: chat.uMessage
java_class_path (initial): C:\Users\Jackson Atkins\IdeaProjects\p2-beedrill\bin;C:\Users\Jackson Atkins\IdeaProjects\p2-beedrill\Ab.jar;C:\Users\Jackson Atkins\IdeaProjects\p2-beedrill\chatter.jar;C:\Users\Jackson Atkins\IdeaProjects\p2-beedrill\jsoup-1.8.2.jar;C:\Users\Jackson Atkins\IdeaProjects\p2-beedrill\json-simple-1.1.1.jar;C:\Users\Jackson Atkins\IdeaProjects\p2-beedrill\testing.jar;C:\Users\Jackson Atkins\IdeaProjects\p2-beedrill\hamcrest-core-1.3.jar;C:\Users\Jackson Atkins\IdeaProjects\p2-beedrill\junit-4.12.jar;C:\Users\Jackson Atkins\IdeaProjects\p2-beedrill\javafx-sdk-11.0.2\lib\src.zip;C:\Users\Jackson Atkins\IdeaProjects\p2-beedrill\javafx-sdk-11.0.2\lib\javafx-swt.jar;C:\Users\Jackson Atkins\IdeaProjects\p2-beedrill\javafx-sdk-11.0.2\lib\javafx.web.jar;C:\Users\Jackson Atkins\IdeaProjects\p2-beedrill\javafx-sdk-11.0.2\lib\javafx.base.jar;C:\Users\Jackson Atkins\IdeaProjects\p2-beedrill\javafx-sdk-11.0.2\lib\javafx.fxml.jar;C:\Users\Jackson Atkins\IdeaProjects\p2-beedrill\javafx-sdk-11.0.2\lib\javafx.media.jar;C:\Users\Jackson Atkins\IdeaProjects\p2-beedrill\javafx-sdk-11.0.2\lib\javafx.swing.jar;C:\Users\Jackson Atkins\IdeaProjects\p2-beedrill\javafx-sdk-11.0.2\lib\javafx.controls.jar;C:\Users\Jackson Atkins\IdeaProjects\p2-beedrill\javafx-sdk-11.0.2\lib\javafx.graphics.jar;A:\IntelliJ IDEA 2020.3.3\lib\idea_rt.jar
Launcher Type: SUN_STANDARD

[Global flags]
     intx CICompilerCount                          = 4                                         {product} {ergonomic}
     uint ConcGCThreads                            = 2                                         {product} {ergonomic}
     uint G1ConcRefinementThreads                  = 8                                         {product} {ergonomic}
   size_t G1HeapRegionSize                         = 4194304                                   {product} {ergonomic}
    uintx GCDrainStackTargetSize                   = 64                                        {product} {ergonomic}
   size_t InitialHeapSize                          = 536870912                                 {product} {ergonomic}
   size_t MarkStackSize                            = 4194304                                   {product} {ergonomic}
   size_t MaxHeapSize                              = 8564768768                                {product} {ergonomic}
   size_t MaxNewSize                               = 5138022400                                {product} {ergonomic}
   size_t MinHeapDeltaBytes                        = 4194304                                   {product} {ergonomic}
   size_t MinHeapSize                              = 8388608                                   {product} {ergonomic}
    uintx NonNMethodCodeHeapSize                   = 5839372                                {pd product} {ergonomic}
    uintx NonProfiledCodeHeapSize                  = 122909434                              {pd product} {ergonomic}
    uintx ProfiledCodeHeapSize                     = 122909434                              {pd product} {ergonomic}
    uintx ReservedCodeCacheSize                    = 251658240                              {pd product} {ergonomic}
     bool SegmentedCodeCache                       = true                                      {product} {ergonomic}
   size_t SoftMaxHeapSize                          = 8564768768                             {manageable} {ergonomic}
     bool UseCompressedClassPointers               = true                           {product lp64_product} {ergonomic}
     bool UseCompressedOops                        = true                           {product lp64_product} {ergonomic}
     bool UseG1GC                                  = true                                      {product} {ergonomic}
     bool UseLargePagesIndividualAllocation        = false                                  {pd product} {ergonomic}

Logging:
Log output configuration:
 #0: stdout all=warning uptime,level,tags
 #1: stderr all=off uptime,level,tags

Environment Variables:
JAVA_HOME=C:\Program Files\Java\jdk-9.0.4
PATH=C:\Program Files\Common Files\Oracle\Java\javapath;A:\VMWARE\bin\;C:\Program Files (x86)\Common Files\Intel\Shared Libraries\redist\intel64\compiler;C:\Program Files\AdoptOpenJDK\jdk-13.0.2.8-hotspot\bin;C:\Program Files (x86)\Common Files\Oracle\Java\javapath;C:\ProgramData\Oracle\Java\javapath;C:\Program Files (x86)\Intel\iCLS Client\;C:\Program Files\Intel\iCLS Client\;C:\Windows\System32;C:\Windows;C:\Windows\System32\wbem;C:\Windows\System32\WindowsPowerShell\v1.0\;C:\Program Files (x86)\Intel\Intel(R) Management Engine Components\DAL;C:\Program Files\Intel\Intel(R) Management Engine Components\DAL;C:\Program Files (x86)\Intel\Intel(R) Management Engine Components\IPT;C:\Program Files\Intel\Intel(R) Management Engine Components\IPT;C:\Program Files (x86)\NVIDIA Corporation\PhysX\Common;C:\Windows\System32;C:\Windows;C:\Windows\System32\wbem;C:\Windows\System32\WindowsPowerShell\v1.0\;C:\Windows\System32\OpenSSH\;d:\iracing;C:\Program Files\NVIDIA Corporation\NVIDIA NvDLISR;C:\Windows\System32;C:\Windows;C:\Windows\System32\wbem;C:\Windows\System32\WindowsPowerShell\v1.0\;C:\Windows\System32\OpenSSH\;C:\Program Files\Intel\WiFi\bin\;C:\Program Files\Common Files\Intel\WirelessCommon\;C:\Program Files (x86)\GnuPG\bin;C:\Program Files (x86)\QuickTime\QTSystem\;C:\ProgramData\chocolatey\bin;C:\Program Files\nodejs\;C:\Program Files (x86)\Yarn\bin\;C:\Program Files\Git\cmd;C:\Program Files\Cryptowatch Desktop\;C:\Users\Jackson Atkins\AppData\Local\Programs\Python\Python36-32\Scripts\;C:\Users\Jackson Atkins\AppData\Local\Programs\Python\Python36-32\;%USERPROFILE%\AppData\Local\Microsoft\WindowsApps;;C:\Users\Jackson Atkins\AppData\Local\Programs\Microsoft VS Code\bin;C:\Users\Jackson Atkins\AppData\Roaming\npm;C:\Users\Jackson Atkins\AppData\Local\Yarn\bin;C:\Users\Jackson Atkins\AppData\Local\hyper\app-3.0.2\resources\bin
USERNAME=Jackson Atkins
OS=Windows_NT
PROCESSOR_IDENTIFIER=Intel64 Family 6 Model 94 Stepping 3, GenuineIntel



---------------  S Y S T E M  ---------------

OS:
 Windows 10 , 64 bit Build 19041 (10.0.19041.928)
OS uptime: 0 days 7:15 hours
Hyper-V role detected

CPU: total 8 (initial active 8) (4 cores per cpu, 2 threads per core) family 6 model 94 stepping 3 microcode 0xcc, cx8, cmov, fxsr, ht, mmx, 3dnowpref, sse, sse2, sse3, ssse3, sse4.1, sse4.2, popcnt, lzcnt, tsc, tscinvbit, avx, avx2, aes, erms, clmul, bmi1, bmi2, rtm, adx, fma, vzeroupper, clflush, clflushopt, hv

Memory: 4k page, system-wide physical 32670M (20005M free)
TotalPageFile size 34718M (AvailPageFile size 17116M)
current process WorkingSet (physical memory assigned to process): 796M, peak: 798M
current process commit charge ("private bytes"): 1005M, peak: 1009M

vm_info: Java HotSpot(TM) 64-Bit Server VM (16+36-2231) for windows-amd64 JRE (16+36-2231), built on Feb  8 2021 11:43:10 by "mach5one" with MS VC++ 16.7 (VS2019)

END.
