#
# A fatal error has been detected by the Java Runtime Environment:
#
#  EXCEPTION_ACCESS_VIOLATION (0xc0000005) at pc=0x00007ff9055aff1d, pid=7860, tid=24968
#
# JRE version: Java(TM) SE Runtime Environment (16.0+36) (build 16+36-2231)
# Java VM: Java HotSpot(TM) 64-Bit Server VM (16+36-2231, mixed mode, sharing, tiered, compressed oops, g1 gc, windows-amd64)
# Problematic frame:
# C  0x00007ff9055aff1d
#
# No core dump will be written. Minidumps are not enabled by default on client versions of Windows
#
# If you would like to submit a bug report, please visit:
#   https://bugreport.java.com/bugreport/crash.jsp
# The crash happened outside the Java Virtual Machine in native code.
# See problematic frame for where to report the bug.
#

---------------  S U M M A R Y ------------

Command Line: -agentlib:jdwp=transport=dt_socket,address=127.0.0.1:59934,suspend=y,server=n -Dfile.encoding=UTF-8 chat.uMessage

Host: Intel(R) Core(TM) i7-6700K CPU @ 4.00GHz, 8 cores, 31G,  Windows 10 , 64 bit Build 19041 (10.0.19041.928)
Time: Tue May  4 14:32:13 2021 Pacific Daylight Time elapsed time: 268.661805 seconds (0d 0h 4m 28s)

---------------  T H R E A D  ---------------

Current thread (0x000002c41a3d0160):  JavaThread "JavaFX Application Thread" [_thread_in_native, id=24968, stack(0x000000e320280000,0x000000e320380000)]

Stack: [0x000000e320280000,0x000000e320380000],  sp=0x000000e32037c6b0,  free space=1009k
Native frames: (J=compiled Java code, j=interpreted, Vv=VM code, C=native code)
C  0x00007ff9055aff1d

Java frames: (J=compiled Java code, j=interpreted, Vv=VM code)
j  com.sun.webkit.WebPage.twkInit(JZF)V+0
j  com.sun.webkit.WebPage.<init>(Lcom/sun/webkit/WebPageClient;Lcom/sun/webkit/UIClient;Lcom/sun/webkit/PolicyClient;Lcom/sun/webkit/InspectorClient;Lcom/sun/webkit/ThemeClient;Z)V+196
j  javafx.scene.web.WebEngine.<init>(Ljava/lang/String;Z)V+275
j  javafx.scene.web.WebEngine.<init>()V+3
j  javafx.scene.web.WebView.<init>()V+60
j  chat.ChatWindow$5.lambda$run$0()V+8
j  chat.ChatWindow$5$$Lambda$219+0x0000000800d9cbd8.run()V+4
j  com.sun.javafx.application.PlatformImpl.lambda$runLater$10(Ljava/lang/Runnable;)Ljava/lang/Void;+1
j  com.sun.javafx.application.PlatformImpl$$Lambda$220+0x0000000800d9d028.run()Ljava/lang/Object;+4
J 557 c1 java.security.AccessController.executePrivileged(Ljava/security/PrivilegedAction;Ljava/security/AccessControlContext;Ljava/lang/Class;)Ljava/lang/Object; java.base@16 (65 bytes) @ 0x000002c46cfd15d4 [0x000002c46cfd1460+0x0000000000000174]
j  java.security.AccessController.doPrivileged(Ljava/security/PrivilegedAction;Ljava/security/AccessControlContext;)Ljava/lang/Object;+13 java.base@16
j  com.sun.javafx.application.PlatformImpl.lambda$runLater$11(Ljava/lang/Runnable;Ljava/security/AccessControlContext;)V+7
j  com.sun.javafx.application.PlatformImpl$$Lambda$218+0x0000000800d9c9b8.run()V+8
j  com.sun.glass.ui.InvokeLaterDispatcher$Future.run()V+4
v  ~StubRoutines::call_stub
j  com.sun.glass.ui.win.WinApplication._runLoop(Ljava/lang/Runnable;)V+0
j  com.sun.glass.ui.win.WinApplication.lambda$runLoop$3(ILjava/lang/Runnable;)V+8
j  com.sun.glass.ui.win.WinApplication$$Lambda$114+0x0000000800c93098.run()V+12
j  java.lang.Thread.run()V+11 java.base@16
v  ~StubRoutines::call_stub

siginfo: EXCEPTION_ACCESS_VIOLATION (0xc0000005), writing address 0x0000000000000000


Register to memory mapping:

RIP=0x00007ff9055aff1d points into unknown readable memory: ff 01 48
RAX=0x000000e32037c728 is pointing into the stack for thread: 0x000002c41a3d0160
RBX=0x000002c412a98948 points into unknown readable memory: 0x0000000000000000 | 00 00 00 00 00 00 00 00
RCX=0x0 is NULL
RDX=0x00007ff906549538 points into unknown readable memory: 0x00000073656d6974 | 74 69 6d 65 73 00 00 00
RSP=0x000000e32037c6b0 is pointing into the stack for thread: 0x000002c41a3d0160
RBP=0x000002c41bca8030 points into unknown readable memory: 0x0000000000000002 | 02 00 00 00 00 00 00 00
RSI=0x00007ff90842b0e0 points into unknown readable memory: 0x00007ff9063d5190 | 90 51 3d 06 f9 7f 00 00
RDI=0x000000e32037c748 is pointing into the stack for thread: 0x000002c41a3d0160
R8 =0x0 is NULL
R9 =0xffff82cb14298240 is an unknown value
R10=0x0000000000000005 is an unknown value
R11=0x000000e32037c6a0 is pointing into the stack for thread: 0x000002c41a3d0160
R12=0x000000e32037c758 is pointing into the stack for thread: 0x000002c41a3d0160
R13=0x000002c412a98948 points into unknown readable memory: 0x0000000000000000 | 00 00 00 00 00 00 00 00
R14=0x000000e32037c780 is pointing into the stack for thread: 0x000002c41a3d0160
R15=0x000000e32037c780 is pointing into the stack for thread: 0x000002c41a3d0160


Registers:
RAX=0x000000e32037c728, RBX=0x000002c412a98948, RCX=0x0000000000000000, RDX=0x00007ff906549538
RSP=0x000000e32037c6b0, RBP=0x000002c41bca8030, RSI=0x00007ff90842b0e0, RDI=0x000000e32037c748
R8 =0x0000000000000000, R9 =0xffff82cb14298240, R10=0x0000000000000005, R11=0x000000e32037c6a0
R12=0x000000e32037c758, R13=0x000002c412a98948, R14=0x000000e32037c780, R15=0x000000e32037c780
RIP=0x00007ff9055aff1d, EFLAGS=0x0000000000010246

Top of Stack: (sp=0x000000e32037c6b0)
0x000000e32037c6b0:   000002c412a98948 000002c41bca8030
0x000000e32037c6c0:   00007ff90842b0e0 000000e32037c748
0x000000e32037c6d0:   0000000000000000 0000000000000000
0x000000e32037c6e0:   000000e32037c6f0 000000e32037c700
0x000000e32037c6f0:   000002c41b008000 000002001bca8000
0x000000e32037c700:   000000e32037c758 000000e32037c758
0x000000e32037c710:   000000e32037c778 00007ff9055b4e38
0x000000e32037c720:   000002c41bca8050 0000000000000000
0x000000e32037c730:   000002c41bca8068 000002c41a969200
0x000000e32037c740:   000000e32037c75c 0000000000000000
0x000000e32037c750:   000000e32037c768 0000000000000001
0x000000e32037c760:   0000000000000000 00007ff900000007
0x000000e32037c770:   0190064000000010 000000e32037c790
0x000000e32037c780:   0000000000000001 0000000000000000
0x000000e32037c790:   0000000000000000 0000000000000000
0x000000e32037c7a0:   000002c400000000 000000e32037c7c0 

Instructions: (pc=0x00007ff9055aff1d)
0x00007ff9055afe1d:   cc cc cc cc cc cc cc cc cc cc cc cc cc cc cc cc
0x00007ff9055afe2d:   cc cc cc 33 c0 48 89 02 48 89 42 08 89 42 10 48
0x00007ff9055afe3d:   8b c2 c3 cc cc cc cc cc cc cc cc cc cc cc cc cc
0x00007ff9055afe4d:   cc cc cc c2 00 00 cc cc cc cc cc cc cc cc cc cc
0x00007ff9055afe5d:   cc cc cc 33 c0 48 89 02 48 89 42 08 89 42 10 48
0x00007ff9055afe6d:   8b c2 c3 cc cc cc cc cc cc cc cc cc cc cc cc cc
0x00007ff9055afe7d:   cc cc cc 48 89 5c 24 08 48 89 74 24 18 57 48 83
0x00007ff9055afe8d:   ec 60 65 48 8b 04 25 58 00 00 00 48 8b f1 44 8b
0x00007ff9055afe9d:   0d 5e 0c e9 02 49 8b d8 b9 1c 00 00 00 48 8b fa
0x00007ff9055afead:   4e 8b 0c c8 42 8b 04 09 39 05 7d b0 e7 02 0f 8f
0x00007ff9055afebd:   a2 00 00 00 c6 44 24 38 00 48 8d 44 24 40 48 89
0x00007ff9055afecd:   44 24 30 4c 8d 0d 59 b0 e7 02 48 c7 44 24 28 00
0x00007ff9055afedd:   00 00 00 48 8d 54 24 78 4c 8b c3 48 c7 44 24 20
0x00007ff9055afeed:   00 00 00 00 48 8b ce c6 44 24 40 00 c6 44 24 42
0x00007ff9055afefd:   00 c6 44 24 46 00 c6 44 24 48 00 c6 44 24 4c 00
0x00007ff9055aff0d:   c6 44 24 4e 00 e8 d9 2c 00 00 48 8b 08 48 89 0f
0x00007ff9055aff1d:   ff 01 48 8b 5c 24 78 48 c7 44 24 78 00 00 00 00
0x00007ff9055aff2d:   48 85 db 74 1b 8b 03 83 e8 01 74 04 89 03 eb 10
0x00007ff9055aff3d:   48 8b cb e8 2b 0d 00 00 48 8b cb e8 53 35 b9 00
0x00007ff9055aff4d:   48 8b 5c 24 70 48 8b c7 48 8b b4 24 80 00 00 00
0x00007ff9055aff5d:   48 83 c4 60 5f c3 48 8d 0d ce af e7 02 e8 fd 99
0x00007ff9055aff6d:   e1 00 83 3d c2 af e7 02 ff 0f 85 45 ff ff ff 48
0x00007ff9055aff7d:   8d 15 39 92 f9 00 48 8d 4c 24 78 e8 43 a8 ba 00
0x00007ff9055aff8d:   48 8b 44 24 78 48 8d 0d d7 d6 e1 00 48 89 05 90
0x00007ff9055aff9d:   af e7 02 e8 7f 9f e1 00 48 8d 0d 8c af e7 02 e8
0x00007ff9055affad:   5b 99 e1 00 e9 0b ff ff ff cc cc cc cc cc cc cc
0x00007ff9055affbd:   cc cc cc 40 53 48 83 ec 20 49 8b c0 48 8b da 48
0x00007ff9055affcd:   8b d0 48 8b cb 4d 8b c1 e8 a6 69 dd ff 48 8b c3
0x00007ff9055affdd:   48 83 c4 20 5b c3 cc cc cc cc cc cc cc cc cc cc
0x00007ff9055affed:   cc cc cc 48 8d 05 59 cb e8 02 c3 cc cc cc cc cc
0x00007ff9055afffd:   cc cc cc 48 89 5c 24 18 57 48 83 ec 30 48 8b 05
0x00007ff9055b000d:   0f 5c e6 02 48 33 c4 48 89 44 24 28 48 8b 3a 48 


Stack slot to memory mapping:
stack at sp + 0 slots: 0x000002c412a98948 points into unknown readable memory: 0x0000000000000000 | 00 00 00 00 00 00 00 00
stack at sp + 1 slots: 0x000002c41bca8030 points into unknown readable memory: 0x0000000000000002 | 02 00 00 00 00 00 00 00
stack at sp + 2 slots: 0x00007ff90842b0e0 points into unknown readable memory: 0x00007ff9063d5190 | 90 51 3d 06 f9 7f 00 00
stack at sp + 3 slots: 0x000000e32037c748 is pointing into the stack for thread: 0x000002c41a3d0160
stack at sp + 4 slots: 0x0 is NULL
stack at sp + 5 slots: 0x0 is NULL
stack at sp + 6 slots: 0x000000e32037c6f0 is pointing into the stack for thread: 0x000002c41a3d0160
stack at sp + 7 slots: 0x000000e32037c700 is pointing into the stack for thread: 0x000002c41a3d0160


---------------  P R O C E S S  ---------------

Threads class SMR info:
_java_thread_list=0x000002c412c12b90, length=25, elements={
0x000002c47f6d7ae0, 0x000002c47f6d86b0, 0x000002c47f6e3cc0, 0x000002c47f6e45d0,
0x000002c47f6e4ee0, 0x000002c47f6e9d00, 0x000002c47f6ea940, 0x000002c47f6f3350,
0x000002c412910060, 0x000002c412a4b750, 0x000002c412a5b630, 0x000002c412a63e20,
0x000002c412ebf2c0, 0x000002c412ec7b50, 0x000002c41a3bfed0, 0x000002c41a3d0160,
0x000002c41a3d06b0, 0x000002c41a3d1150, 0x000002c41a3d2140, 0x000002c41a3cf6c0,
0x000002c41a3d2690, 0x000002c41a3d16a0, 0x000002c41b32c560, 0x000002c41b32cf20,
0x000002c412c83e60
}

Java Threads: ( => current thread )
  0x000002c47f6d7ae0 JavaThread "Reference Handler" daemon [_thread_blocked, id=26980, stack(0x000000e31eb00000,0x000000e31ec00000)]
  0x000002c47f6d86b0 JavaThread "Finalizer" daemon [_thread_blocked, id=23684, stack(0x000000e31ec00000,0x000000e31ed00000)]
  0x000002c47f6e3cc0 JavaThread "Signal Dispatcher" daemon [_thread_blocked, id=26644, stack(0x000000e31ed00000,0x000000e31ee00000)]
  0x000002c47f6e45d0 JavaThread "Attach Listener" daemon [_thread_blocked, id=22816, stack(0x000000e31ee00000,0x000000e31ef00000)]
  0x000002c47f6e4ee0 JavaThread "Service Thread" daemon [_thread_blocked, id=21448, stack(0x000000e31ef00000,0x000000e31f000000)]
  0x000002c47f6e9d00 JavaThread "Monitor Deflation Thread" daemon [_thread_blocked, id=26716, stack(0x000000e31f000000,0x000000e31f100000)]
  0x000002c47f6ea940 JavaThread "C2 CompilerThread0" daemon [_thread_in_native, id=26480, stack(0x000000e31f100000,0x000000e31f200000)]
  0x000002c47f6f3350 JavaThread "C1 CompilerThread0" daemon [_thread_blocked, id=24780, stack(0x000000e31f200000,0x000000e31f300000)]
  0x000002c412910060 JavaThread "Sweeper thread" daemon [_thread_blocked, id=20136, stack(0x000000e31f300000,0x000000e31f400000)]
  0x000002c412a4b750 JavaThread "JDWP Event Helper Thread" daemon [_thread_blocked, id=26740, stack(0x000000e31f500000,0x000000e31f600000)]
  0x000002c412a5b630 JavaThread "Notification Thread" daemon [_thread_blocked, id=25280, stack(0x000000e31f700000,0x000000e31f800000)]
  0x000002c412a63e20 JavaThread "Common-Cleaner" daemon [_thread_blocked, id=11420, stack(0x000000e31f900000,0x000000e31fa00000)]
  0x000002c412ebf2c0 JavaThread "Java2D Disposer" daemon [_thread_blocked, id=26912, stack(0x000000e31fb00000,0x000000e31fc00000)]
  0x000002c412ec7b50 JavaThread "AWT-Shutdown" [_thread_blocked, id=6320, stack(0x000000e31fc00000,0x000000e31fd00000)]
  0x000002c41a3bfed0 JavaThread "InvokeLaterDispatcher" daemon [_thread_blocked, id=7776, stack(0x000000e320180000,0x000000e320280000)]
=>0x000002c41a3d0160 JavaThread "JavaFX Application Thread" [_thread_in_native, id=24968, stack(0x000000e320280000,0x000000e320380000)]
  0x000002c41a3d06b0 JavaThread "Thread-2" daemon [_thread_in_native, id=24080, stack(0x000000e31fa00000,0x000000e31fb00000)]
  0x000002c41a3d1150 JavaThread "AWT-EventQueue-0" [_thread_blocked, id=11084, stack(0x000000e3203d0000,0x000000e3204d0000)]
  0x000002c41a3d2140 JavaThread "SwingWorker-pool-2-thread-1" daemon [_thread_blocked, id=25240, stack(0x000000e3204d0000,0x000000e3205d0000)]
  0x000002c41a3cf6c0 JavaThread "TimerQueue" daemon [_thread_blocked, id=16396, stack(0x000000e3205d0000,0x000000e3206d0000)]
  0x000002c41a3d2690 JavaThread "DestroyJavaVM" [_thread_blocked, id=3796, stack(0x000000e31e400000,0x000000e31e500000)]
  0x000002c41a3d16a0 JavaThread "Thread-16" [_thread_in_Java, id=25900, stack(0x000000e321320000,0x000000e321420000)]
  0x000002c41b32c560 JavaThread "C2 CompilerThread1" daemon [_thread_in_native, id=23560, stack(0x000000e31e100000,0x000000e31e200000)]
  0x000002c41b32cf20 JavaThread "C2 CompilerThread2" daemon [_thread_in_native, id=23132, stack(0x000000e31e200000,0x000000e31e300000)]
  0x000002c412c83e60 JavaThread "SIGINT handler" daemon [_thread_blocked, id=4244, stack(0x000000e31e300000,0x000000e31e400000)]

Other Threads:
  0x000002c47f6d3080 VMThread "VM Thread" [stack: 0x000000e31ea00000,0x000000e31eb00000] [id=26664]
  0x000002c412a5d210 WatcherThread [stack: 0x000000e31f800000,0x000000e31f900000] [id=12428]
  0x000002c465255c00 GCTaskThread "GC Thread#0" [stack: 0x000000e31e500000,0x000000e31e600000] [id=14220]
  0x000002c41a5d5710 GCTaskThread "GC Thread#1" [stack: 0x000000e320b20000,0x000000e320c20000] [id=26628]
  0x000002c41a5de3f0 GCTaskThread "GC Thread#2" [stack: 0x000000e320d20000,0x000000e320e20000] [id=26632]
  0x000002c41a5dff80 GCTaskThread "GC Thread#3" [stack: 0x000000e320e20000,0x000000e320f20000] [id=26636]
  0x000002c41a5e1e20 GCTaskThread "GC Thread#4" [stack: 0x000000e320f20000,0x000000e321020000] [id=26640]
  0x000002c41a5e0290 GCTaskThread "GC Thread#5" [stack: 0x000000e321020000,0x000000e321120000] [id=21652]
  0x000002c41a5e05a0 GCTaskThread "GC Thread#6" [stack: 0x000000e321120000,0x000000e321220000] [id=3912]
  0x000002c41a5e0bc0 GCTaskThread "GC Thread#7" [stack: 0x000000e321220000,0x000000e321320000] [id=22356]
  0x000002c465268eb0 ConcurrentGCThread "G1 Main Marker" [stack: 0x000000e31e600000,0x000000e31e700000] [id=22752]
  0x000002c465269f50 ConcurrentGCThread "G1 Conc#0" [stack: 0x000000e31e700000,0x000000e31e800000] [id=11988]
  0x000002c4652bdc60 ConcurrentGCThread "G1 Refine#0" [stack: 0x000000e31e800000,0x000000e31e900000] [id=27208]
  0x000002c41aab9dc0 ConcurrentGCThread "G1 Refine#1" [stack: 0x000000e321620000,0x000000e321720000] [id=25772]
  0x000002c41bb938d0 ConcurrentGCThread "G1 Refine#2" [stack: 0x000000e321720000,0x000000e321820000] [id=21296]
  0x000002c41bb91920 ConcurrentGCThread "G1 Refine#3" [stack: 0x000000e321820000,0x000000e321920000] [id=27236]
  0x000002c41bb915e0 ConcurrentGCThread "G1 Refine#4" [stack: 0x000000e321920000,0x000000e321a20000] [id=13448]
  0x000002c41bb91c60 ConcurrentGCThread "G1 Refine#5" [stack: 0x000000e321a20000,0x000000e321b20000] [id=26144]
  0x000002c41bb91fa0 ConcurrentGCThread "G1 Refine#6" [stack: 0x000000e321b20000,0x000000e321c20000] [id=5716]
  0x000002c41bb92960 ConcurrentGCThread "G1 Refine#7" [stack: 0x000000e321c20000,0x000000e321d20000] [id=10280]
  0x000002c4652be570 ConcurrentGCThread "G1 Service" [stack: 0x000000e31e900000,0x000000e31ea00000] [id=27212]

Threads with active compile tasks:
C2 CompilerThread0   269021 2480       4       org.alicebot.ab.NodemapperOperator::keySet (43 bytes)
C2 CompilerThread1   269021 2438       4       org.alicebot.ab.Graphmaster::addPath (299 bytes)
C2 CompilerThread2   269022 2484       4       org.alicebot.ab.Graphmaster::getCategories (80 bytes)

VM state: not at safepoint (normal execution)

VM Mutex/Monitor currently owned by a thread: None

Heap address: 0x0000000601800000, size: 8168 MB, Compressed Oops mode: Zero based, Oop shift amount: 3
CDS archive(s) mapped at: [0x0000000800000000-0x0000000800bb0000-0x0000000800bb0000), size 12255232, SharedBaseAddress: 0x0000000800000000, ArchiveRelocationMode: 0.
Compressed class space mapped at: 0x0000000800c00000-0x0000000840c00000, reserved size: 1073741824
Narrow klass base: 0x0000000800000000, Narrow klass shift: 3, Narrow klass range: 0x100000000

GC Precious Log:
 CPUs: 8 total, 8 available
 Memory: 32670M
 Large Page Support: Disabled
 NUMA Support: Disabled
 Compressed Oops: Enabled (Zero based)
 Heap Region Size: 4M
 Heap Min Capacity: 8M
 Heap Initial Capacity: 512M
 Heap Max Capacity: 8168M
 Pre-touch: Disabled
 Parallel Workers: 8
 Concurrent Workers: 2
 Concurrent Refinement Workers: 8
 Periodic GC: Disabled

Heap:
 garbage-first heap   total 524288K, used 120875K [0x0000000601800000, 0x0000000800000000)
  region size 4096K, 24 young (98304K), 3 survivors (12288K)
 Metaspace       used 17312K, committed 17664K, reserved 1064960K
  class space    used 1958K, committed 2112K, reserved 1048576K

Heap Regions: E=young(eden), S=young(survivor), O=old, HS=humongous(starts), HC=humongous(continues), CS=collection set, F=free, OA=open archive, CA=closed archive, TAMS=top-at-mark-start (previous, next)
|   0|0x0000000601800000, 0x0000000601c00000, 0x0000000601c00000|100%| O|  |TAMS 0x0000000601800000, 0x0000000601800000| Untracked 
|   1|0x0000000601c00000, 0x0000000602000000, 0x0000000602000000|100%| O|  |TAMS 0x0000000601c00000, 0x0000000601c00000| Untracked 
|   2|0x0000000602000000, 0x0000000602400000, 0x0000000602400000|100%| O|  |TAMS 0x0000000602000000, 0x0000000602000000| Untracked 
|   3|0x0000000602400000, 0x0000000602800000, 0x0000000602800000|100%| O|  |TAMS 0x0000000602400000, 0x0000000602400000| Untracked 
|   4|0x0000000602800000, 0x0000000602c00000, 0x0000000602c00000|100%| O|  |TAMS 0x0000000602800000, 0x0000000602800000| Untracked 
|   5|0x0000000602c00000, 0x0000000603000000, 0x0000000603000000|100%| O|  |TAMS 0x0000000602c00000, 0x0000000602c00000| Untracked 
|   6|0x0000000603000000, 0x0000000603370e00, 0x0000000603400000| 86%| O|  |TAMS 0x0000000603000000, 0x0000000603000000| Untracked 
|   7|0x0000000603400000, 0x0000000603400000, 0x0000000603800000|  0%| F|  |TAMS 0x0000000603400000, 0x0000000603400000| Untracked 
|   8|0x0000000603800000, 0x0000000603800000, 0x0000000603c00000|  0%| F|  |TAMS 0x0000000603800000, 0x0000000603800000| Untracked 
|   9|0x0000000603c00000, 0x0000000603c00000, 0x0000000604000000|  0%| F|  |TAMS 0x0000000603c00000, 0x0000000603c00000| Untracked 
|  10|0x0000000604000000, 0x0000000604000000, 0x0000000604400000|  0%| F|  |TAMS 0x0000000604000000, 0x0000000604000000| Untracked 
|  11|0x0000000604400000, 0x0000000604400000, 0x0000000604800000|  0%| F|  |TAMS 0x0000000604400000, 0x0000000604400000| Untracked 
|  12|0x0000000604800000, 0x0000000604800000, 0x0000000604c00000|  0%| F|  |TAMS 0x0000000604800000, 0x0000000604800000| Untracked 
|  13|0x0000000604c00000, 0x0000000604c00000, 0x0000000605000000|  0%| F|  |TAMS 0x0000000604c00000, 0x0000000604c00000| Untracked 
|  14|0x0000000605000000, 0x0000000605000000, 0x0000000605400000|  0%| F|  |TAMS 0x0000000605000000, 0x0000000605000000| Untracked 
|  15|0x0000000605400000, 0x0000000605400000, 0x0000000605800000|  0%| F|  |TAMS 0x0000000605400000, 0x0000000605400000| Untracked 
|  16|0x0000000605800000, 0x0000000605800000, 0x0000000605c00000|  0%| F|  |TAMS 0x0000000605800000, 0x0000000605800000| Untracked 
|  17|0x0000000605c00000, 0x0000000605c00000, 0x0000000606000000|  0%| F|  |TAMS 0x0000000605c00000, 0x0000000605c00000| Untracked 
|  18|0x0000000606000000, 0x0000000606000000, 0x0000000606400000|  0%| F|  |TAMS 0x0000000606000000, 0x0000000606000000| Untracked 
|  19|0x0000000606400000, 0x0000000606400000, 0x0000000606800000|  0%| F|  |TAMS 0x0000000606400000, 0x0000000606400000| Untracked 
|  20|0x0000000606800000, 0x0000000606800000, 0x0000000606c00000|  0%| F|  |TAMS 0x0000000606800000, 0x0000000606800000| Untracked 
|  21|0x0000000606c00000, 0x0000000606c00000, 0x0000000607000000|  0%| F|  |TAMS 0x0000000606c00000, 0x0000000606c00000| Untracked 
|  22|0x0000000607000000, 0x0000000607000000, 0x0000000607400000|  0%| F|  |TAMS 0x0000000607000000, 0x0000000607000000| Untracked 
|  23|0x0000000607400000, 0x0000000607400000, 0x0000000607800000|  0%| F|  |TAMS 0x0000000607400000, 0x0000000607400000| Untracked 
|  24|0x0000000607800000, 0x0000000607800000, 0x0000000607c00000|  0%| F|  |TAMS 0x0000000607800000, 0x0000000607800000| Untracked 
|  25|0x0000000607c00000, 0x0000000607c00000, 0x0000000608000000|  0%| F|  |TAMS 0x0000000607c00000, 0x0000000607c00000| Untracked 
|  26|0x0000000608000000, 0x0000000608000000, 0x0000000608400000|  0%| F|  |TAMS 0x0000000608000000, 0x0000000608000000| Untracked 
|  27|0x0000000608400000, 0x0000000608400000, 0x0000000608800000|  0%| F|  |TAMS 0x0000000608400000, 0x0000000608400000| Untracked 
|  28|0x0000000608800000, 0x0000000608800000, 0x0000000608c00000|  0%| F|  |TAMS 0x0000000608800000, 0x0000000608800000| Untracked 
|  29|0x0000000608c00000, 0x0000000608c00000, 0x0000000609000000|  0%| F|  |TAMS 0x0000000608c00000, 0x0000000608c00000| Untracked 
|  30|0x0000000609000000, 0x0000000609000000, 0x0000000609400000|  0%| F|  |TAMS 0x0000000609000000, 0x0000000609000000| Untracked 
|  31|0x0000000609400000, 0x0000000609400000, 0x0000000609800000|  0%| F|  |TAMS 0x0000000609400000, 0x0000000609400000| Untracked 
|  32|0x0000000609800000, 0x0000000609800000, 0x0000000609c00000|  0%| F|  |TAMS 0x0000000609800000, 0x0000000609800000| Untracked 
|  33|0x0000000609c00000, 0x0000000609c00000, 0x000000060a000000|  0%| F|  |TAMS 0x0000000609c00000, 0x0000000609c00000| Untracked 
|  34|0x000000060a000000, 0x000000060a000000, 0x000000060a400000|  0%| F|  |TAMS 0x000000060a000000, 0x000000060a000000| Untracked 
|  35|0x000000060a400000, 0x000000060a400000, 0x000000060a800000|  0%| F|  |TAMS 0x000000060a400000, 0x000000060a400000| Untracked 
|  36|0x000000060a800000, 0x000000060a800000, 0x000000060ac00000|  0%| F|  |TAMS 0x000000060a800000, 0x000000060a800000| Untracked 
|  37|0x000000060ac00000, 0x000000060ac00000, 0x000000060b000000|  0%| F|  |TAMS 0x000000060ac00000, 0x000000060ac00000| Untracked 
|  38|0x000000060b000000, 0x000000060b000000, 0x000000060b400000|  0%| F|  |TAMS 0x000000060b000000, 0x000000060b000000| Untracked 
|  39|0x000000060b400000, 0x000000060b400000, 0x000000060b800000|  0%| F|  |TAMS 0x000000060b400000, 0x000000060b400000| Untracked 
|  40|0x000000060b800000, 0x000000060b800000, 0x000000060bc00000|  0%| F|  |TAMS 0x000000060b800000, 0x000000060b800000| Untracked 
|  41|0x000000060bc00000, 0x000000060bc00000, 0x000000060c000000|  0%| F|  |TAMS 0x000000060bc00000, 0x000000060bc00000| Untracked 
|  42|0x000000060c000000, 0x000000060c000000, 0x000000060c400000|  0%| F|  |TAMS 0x000000060c000000, 0x000000060c000000| Untracked 
|  43|0x000000060c400000, 0x000000060c400000, 0x000000060c800000|  0%| F|  |TAMS 0x000000060c400000, 0x000000060c400000| Untracked 
|  44|0x000000060c800000, 0x000000060c800000, 0x000000060cc00000|  0%| F|  |TAMS 0x000000060c800000, 0x000000060c800000| Untracked 
|  45|0x000000060cc00000, 0x000000060cc00000, 0x000000060d000000|  0%| F|  |TAMS 0x000000060cc00000, 0x000000060cc00000| Untracked 
|  46|0x000000060d000000, 0x000000060d000000, 0x000000060d400000|  0%| F|  |TAMS 0x000000060d000000, 0x000000060d000000| Untracked 
|  47|0x000000060d400000, 0x000000060d400000, 0x000000060d800000|  0%| F|  |TAMS 0x000000060d400000, 0x000000060d400000| Untracked 
|  48|0x000000060d800000, 0x000000060d800000, 0x000000060dc00000|  0%| F|  |TAMS 0x000000060d800000, 0x000000060d800000| Untracked 
|  49|0x000000060dc00000, 0x000000060dc00000, 0x000000060e000000|  0%| F|  |TAMS 0x000000060dc00000, 0x000000060dc00000| Untracked 
|  50|0x000000060e000000, 0x000000060e000000, 0x000000060e400000|  0%| F|  |TAMS 0x000000060e000000, 0x000000060e000000| Untracked 
|  51|0x000000060e400000, 0x000000060e400000, 0x000000060e800000|  0%| F|  |TAMS 0x000000060e400000, 0x000000060e400000| Untracked 
|  52|0x000000060e800000, 0x000000060e800000, 0x000000060ec00000|  0%| F|  |TAMS 0x000000060e800000, 0x000000060e800000| Untracked 
|  53|0x000000060ec00000, 0x000000060ec00000, 0x000000060f000000|  0%| F|  |TAMS 0x000000060ec00000, 0x000000060ec00000| Untracked 
|  54|0x000000060f000000, 0x000000060f000000, 0x000000060f400000|  0%| F|  |TAMS 0x000000060f000000, 0x000000060f000000| Untracked 
|  55|0x000000060f400000, 0x000000060f400000, 0x000000060f800000|  0%| F|  |TAMS 0x000000060f400000, 0x000000060f400000| Untracked 
|  56|0x000000060f800000, 0x000000060f800000, 0x000000060fc00000|  0%| F|  |TAMS 0x000000060f800000, 0x000000060f800000| Untracked 
|  57|0x000000060fc00000, 0x000000060fc00000, 0x0000000610000000|  0%| F|  |TAMS 0x000000060fc00000, 0x000000060fc00000| Untracked 
|  58|0x0000000610000000, 0x0000000610000000, 0x0000000610400000|  0%| F|  |TAMS 0x0000000610000000, 0x0000000610000000| Untracked 
|  59|0x0000000610400000, 0x0000000610400000, 0x0000000610800000|  0%| F|  |TAMS 0x0000000610400000, 0x0000000610400000| Untracked 
|  60|0x0000000610800000, 0x0000000610800000, 0x0000000610c00000|  0%| F|  |TAMS 0x0000000610800000, 0x0000000610800000| Untracked 
|  61|0x0000000610c00000, 0x0000000610c00000, 0x0000000611000000|  0%| F|  |TAMS 0x0000000610c00000, 0x0000000610c00000| Untracked 
|  62|0x0000000611000000, 0x0000000611000000, 0x0000000611400000|  0%| F|  |TAMS 0x0000000611000000, 0x0000000611000000| Untracked 
|  63|0x0000000611400000, 0x0000000611400000, 0x0000000611800000|  0%| F|  |TAMS 0x0000000611400000, 0x0000000611400000| Untracked 
|  64|0x0000000611800000, 0x0000000611800000, 0x0000000611c00000|  0%| F|  |TAMS 0x0000000611800000, 0x0000000611800000| Untracked 
|  65|0x0000000611c00000, 0x0000000611c00000, 0x0000000612000000|  0%| F|  |TAMS 0x0000000611c00000, 0x0000000611c00000| Untracked 
|  66|0x0000000612000000, 0x0000000612000000, 0x0000000612400000|  0%| F|  |TAMS 0x0000000612000000, 0x0000000612000000| Untracked 
|  67|0x0000000612400000, 0x0000000612400000, 0x0000000612800000|  0%| F|  |TAMS 0x0000000612400000, 0x0000000612400000| Untracked 
|  68|0x0000000612800000, 0x0000000612800000, 0x0000000612c00000|  0%| F|  |TAMS 0x0000000612800000, 0x0000000612800000| Untracked 
|  69|0x0000000612c00000, 0x0000000612c00000, 0x0000000613000000|  0%| F|  |TAMS 0x0000000612c00000, 0x0000000612c00000| Untracked 
|  70|0x0000000613000000, 0x0000000613000000, 0x0000000613400000|  0%| F|  |TAMS 0x0000000613000000, 0x0000000613000000| Untracked 
|  71|0x0000000613400000, 0x0000000613400000, 0x0000000613800000|  0%| F|  |TAMS 0x0000000613400000, 0x0000000613400000| Untracked 
|  72|0x0000000613800000, 0x0000000613800000, 0x0000000613c00000|  0%| F|  |TAMS 0x0000000613800000, 0x0000000613800000| Untracked 
|  73|0x0000000613c00000, 0x0000000613c00000, 0x0000000614000000|  0%| F|  |TAMS 0x0000000613c00000, 0x0000000613c00000| Untracked 
|  74|0x0000000614000000, 0x0000000614000000, 0x0000000614400000|  0%| F|  |TAMS 0x0000000614000000, 0x0000000614000000| Untracked 
|  75|0x0000000614400000, 0x0000000614400000, 0x0000000614800000|  0%| F|  |TAMS 0x0000000614400000, 0x0000000614400000| Untracked 
|  76|0x0000000614800000, 0x0000000614800000, 0x0000000614c00000|  0%| F|  |TAMS 0x0000000614800000, 0x0000000614800000| Untracked 
|  77|0x0000000614c00000, 0x0000000614c00000, 0x0000000615000000|  0%| F|  |TAMS 0x0000000614c00000, 0x0000000614c00000| Untracked 
|  78|0x0000000615000000, 0x0000000615000000, 0x0000000615400000|  0%| F|  |TAMS 0x0000000615000000, 0x0000000615000000| Untracked 
|  79|0x0000000615400000, 0x0000000615400000, 0x0000000615800000|  0%| F|  |TAMS 0x0000000615400000, 0x0000000615400000| Untracked 
|  80|0x0000000615800000, 0x0000000615800000, 0x0000000615c00000|  0%| F|  |TAMS 0x0000000615800000, 0x0000000615800000| Untracked 
|  81|0x0000000615c00000, 0x0000000615c00000, 0x0000000616000000|  0%| F|  |TAMS 0x0000000615c00000, 0x0000000615c00000| Untracked 
|  82|0x0000000616000000, 0x0000000616000000, 0x0000000616400000|  0%| F|  |TAMS 0x0000000616000000, 0x0000000616000000| Untracked 
|  83|0x0000000616400000, 0x0000000616400000, 0x0000000616800000|  0%| F|  |TAMS 0x0000000616400000, 0x0000000616400000| Untracked 
|  84|0x0000000616800000, 0x0000000616800000, 0x0000000616c00000|  0%| F|  |TAMS 0x0000000616800000, 0x0000000616800000| Untracked 
|  85|0x0000000616c00000, 0x0000000616c00000, 0x0000000617000000|  0%| F|  |TAMS 0x0000000616c00000, 0x0000000616c00000| Untracked 
|  86|0x0000000617000000, 0x0000000617000000, 0x0000000617400000|  0%| F|  |TAMS 0x0000000617000000, 0x0000000617000000| Untracked 
|  87|0x0000000617400000, 0x0000000617400000, 0x0000000617800000|  0%| F|  |TAMS 0x0000000617400000, 0x0000000617400000| Untracked 
|  88|0x0000000617800000, 0x0000000617800000, 0x0000000617c00000|  0%| F|  |TAMS 0x0000000617800000, 0x0000000617800000| Untracked 
|  89|0x0000000617c00000, 0x0000000617c00000, 0x0000000618000000|  0%| F|  |TAMS 0x0000000617c00000, 0x0000000617c00000| Untracked 
|  90|0x0000000618000000, 0x0000000618000000, 0x0000000618400000|  0%| F|  |TAMS 0x0000000618000000, 0x0000000618000000| Untracked 
|  91|0x0000000618400000, 0x0000000618400000, 0x0000000618800000|  0%| F|  |TAMS 0x0000000618400000, 0x0000000618400000| Untracked 
|  92|0x0000000618800000, 0x0000000618800000, 0x0000000618c00000|  0%| F|  |TAMS 0x0000000618800000, 0x0000000618800000| Untracked 
|  93|0x0000000618c00000, 0x0000000618c00000, 0x0000000619000000|  0%| F|  |TAMS 0x0000000618c00000, 0x0000000618c00000| Untracked 
|  94|0x0000000619000000, 0x0000000619000000, 0x0000000619400000|  0%| F|  |TAMS 0x0000000619000000, 0x0000000619000000| Untracked 
|  95|0x0000000619400000, 0x0000000619400000, 0x0000000619800000|  0%| F|  |TAMS 0x0000000619400000, 0x0000000619400000| Untracked 
|  96|0x0000000619800000, 0x0000000619800000, 0x0000000619c00000|  0%| F|  |TAMS 0x0000000619800000, 0x0000000619800000| Untracked 
|  97|0x0000000619c00000, 0x0000000619c00000, 0x000000061a000000|  0%| F|  |TAMS 0x0000000619c00000, 0x0000000619c00000| Untracked 
|  98|0x000000061a000000, 0x000000061a000000, 0x000000061a400000|  0%| F|  |TAMS 0x000000061a000000, 0x000000061a000000| Untracked 
|  99|0x000000061a400000, 0x000000061a400000, 0x000000061a800000|  0%| F|  |TAMS 0x000000061a400000, 0x000000061a400000| Untracked 
| 100|0x000000061a800000, 0x000000061a800000, 0x000000061ac00000|  0%| F|  |TAMS 0x000000061a800000, 0x000000061a800000| Untracked 
| 101|0x000000061ac00000, 0x000000061ac00000, 0x000000061b000000|  0%| F|  |TAMS 0x000000061ac00000, 0x000000061ac00000| Untracked 
| 102|0x000000061b000000, 0x000000061b000000, 0x000000061b400000|  0%| F|  |TAMS 0x000000061b000000, 0x000000061b000000| Untracked 
| 103|0x000000061b400000, 0x000000061b5457b8, 0x000000061b800000| 31%| E|  |TAMS 0x000000061b400000, 0x000000061b400000| Complete 
| 104|0x000000061b800000, 0x000000061bc00000, 0x000000061bc00000|100%| E|CS|TAMS 0x000000061b800000, 0x000000061b800000| Complete 
| 105|0x000000061bc00000, 0x000000061c000000, 0x000000061c000000|100%| E|CS|TAMS 0x000000061bc00000, 0x000000061bc00000| Complete 
| 106|0x000000061c000000, 0x000000061c299ee0, 0x000000061c400000| 65%| S|CS|TAMS 0x000000061c000000, 0x000000061c000000| Complete 
| 107|0x000000061c400000, 0x000000061c800000, 0x000000061c800000|100%| S|CS|TAMS 0x000000061c400000, 0x000000061c400000| Complete 
| 108|0x000000061c800000, 0x000000061cc00000, 0x000000061cc00000|100%| S|CS|TAMS 0x000000061c800000, 0x000000061c800000| Complete 
| 109|0x000000061cc00000, 0x000000061d000000, 0x000000061d000000|100%| E|CS|TAMS 0x000000061cc00000, 0x000000061cc00000| Complete 
| 110|0x000000061d000000, 0x000000061d400000, 0x000000061d400000|100%| E|CS|TAMS 0x000000061d000000, 0x000000061d000000| Complete 
| 111|0x000000061d400000, 0x000000061d800000, 0x000000061d800000|100%| E|CS|TAMS 0x000000061d400000, 0x000000061d400000| Complete 
| 112|0x000000061d800000, 0x000000061dc00000, 0x000000061dc00000|100%| E|CS|TAMS 0x000000061d800000, 0x000000061d800000| Complete 
| 113|0x000000061dc00000, 0x000000061e000000, 0x000000061e000000|100%| E|CS|TAMS 0x000000061dc00000, 0x000000061dc00000| Complete 
| 114|0x000000061e000000, 0x000000061e400000, 0x000000061e400000|100%| E|CS|TAMS 0x000000061e000000, 0x000000061e000000| Complete 
| 115|0x000000061e400000, 0x000000061e800000, 0x000000061e800000|100%| E|CS|TAMS 0x000000061e400000, 0x000000061e400000| Complete 
| 116|0x000000061e800000, 0x000000061ec00000, 0x000000061ec00000|100%| E|CS|TAMS 0x000000061e800000, 0x000000061e800000| Complete 
| 117|0x000000061ec00000, 0x000000061f000000, 0x000000061f000000|100%| E|CS|TAMS 0x000000061ec00000, 0x000000061ec00000| Complete 
| 118|0x000000061f000000, 0x000000061f400000, 0x000000061f400000|100%| E|CS|TAMS 0x000000061f000000, 0x000000061f000000| Complete 
| 119|0x000000061f400000, 0x000000061f800000, 0x000000061f800000|100%| E|CS|TAMS 0x000000061f400000, 0x000000061f400000| Complete 
| 120|0x000000061f800000, 0x000000061fc00000, 0x000000061fc00000|100%| E|CS|TAMS 0x000000061f800000, 0x000000061f800000| Complete 
| 121|0x000000061fc00000, 0x0000000620000000, 0x0000000620000000|100%| E|CS|TAMS 0x000000061fc00000, 0x000000061fc00000| Complete 
| 122|0x0000000620000000, 0x0000000620400000, 0x0000000620400000|100%| E|CS|TAMS 0x0000000620000000, 0x0000000620000000| Complete 
| 123|0x0000000620400000, 0x0000000620800000, 0x0000000620800000|100%| E|CS|TAMS 0x0000000620400000, 0x0000000620400000| Complete 
| 124|0x0000000620800000, 0x0000000620c00000, 0x0000000620c00000|100%| E|CS|TAMS 0x0000000620800000, 0x0000000620800000| Complete 
| 125|0x0000000620c00000, 0x0000000621000000, 0x0000000621000000|100%| E|CS|TAMS 0x0000000620c00000, 0x0000000620c00000| Complete 
| 126|0x0000000621000000, 0x0000000621400000, 0x0000000621400000|100%| E|CS|TAMS 0x0000000621000000, 0x0000000621000000| Complete 
| 127|0x0000000621400000, 0x0000000621800000, 0x0000000621800000|100%| E|CS|TAMS 0x0000000621400000, 0x0000000621400000| Complete 

Card table byte_map: [0x000002c47cc80000,0x000002c47dc80000] _byte_map_base: 0x000002c479c74000

Marking Bits (Prev, Next): (CMBitMap*) 0x000002c465257510, (CMBitMap*) 0x000002c465257550
 Prev Bits: [0x000002c400000000, 0x000002c407fa0000)
 Next Bits: [0x000002c407fa0000, 0x000002c40ff40000)

Polling page: 0x000002c4649c0000

Metaspace:

Usage:
  Non-class:     14.99 MB used.
      Class:      1.91 MB used.
       Both:     16.91 MB used.

Virtual space:
  Non-class space:       16.00 MB reserved,      15.19 MB ( 95%) committed,  2 nodes.
      Class space:        1.00 GB reserved,       2.06 MB ( <1%) committed,  1 nodes.
              Both:        1.02 GB reserved,      17.25 MB (  2%) committed. 

Chunk freelists:
   Non-Class:  736.00 KB
       Class:  1.80 MB
        Both:  2.52 MB

MaxMetaspaceSize: 17179869184.00 GB
CompressedClassSpaceSize: 1.00 GB
 - commit_granule_bytes: 65536.
 - commit_granule_words: 8192.
 - virtual_space_node_default_size: 1048576.
 - enlarge_chunks_in_place: 1.
 - new_chunks_are_fully_committed: 0.
 - uncommit_free_chunks: 1.
 - use_allocation_guard: 0.
 - handle_deallocations: 1.


Internal statistics:

num_allocs_failed_limit: 0.
num_arena_births: 394.
num_arena_deaths: 0.
num_vsnodes_births: 3.
num_vsnodes_deaths: 0.
num_space_committed: 276.
num_space_uncommitted: 0.
num_chunks_returned_to_freelist: 0.
num_chunks_taken_from_freelist: 717.
num_chunk_merges: 0.
num_chunk_splits: 459.
num_chunks_enlarged: 278.
num_purges: 0.

CodeHeap 'non-profiled nmethods': size=120000Kb used=1341Kb max_used=1341Kb free=118658Kb
 bounds [0x000002c474420000, 0x000002c474690000, 0x000002c47b950000]
CodeHeap 'profiled nmethods': size=120000Kb used=4794Kb max_used=4794Kb free=115206Kb
 bounds [0x000002c46cef0000, 0x000002c46d3a0000, 0x000002c474420000]
CodeHeap 'non-nmethods': size=5760Kb used=1534Kb max_used=1574Kb free=4225Kb
 bounds [0x000002c46c950000, 0x000002c46cbc0000, 0x000002c46cef0000]
 total_blobs=3291 nmethods=2455 adapters=748
 compilation: enabled
              stopped_count=0, restarted_count=0
 full_count=0

Compilation events (20 events):
Event: 268.570 Thread 0x000002c41b32c560 nmethod 2320 0x000002c474529d90 code [0x000002c474529f20, 0x000002c47452a578]
Event: 268.570 Thread 0x000002c41b32c560 2321       4       java.util.ArrayList::subList (20 bytes)
Event: 268.570 Thread 0x000002c47f6f3350 2353       3       com.sun.javafx.font.FontFileReader$Buffer::getInt (107 bytes)
Event: 268.571 Thread 0x000002c47f6f3350 nmethod 2353 0x000002c46d353b10 code [0x000002c46d353cc0, 0x000002c46d353eb8]
Event: 268.572 Thread 0x000002c41b32c560 nmethod 2321 0x000002c47452a790 code [0x000002c47452a920, 0x000002c47452aa98]
Event: 268.572 Thread 0x000002c41b32c560 2322       4       java.util.AbstractList::subListRangeCheck (110 bytes)
Event: 268.573 Thread 0x000002c41b32c560 nmethod 2322 0x000002c47452ac10 code [0x000002c47452ada0, 0x000002c47452ae58]
Event: 268.573 Thread 0x000002c41b32c560 2333       4       java.lang.invoke.Invokers$Holder::linkToTargetMethod (10 bytes)
Event: 268.573 Thread 0x000002c41b32c560 nmethod 2333 0x000002c47452af10 code [0x000002c47452b0a0, 0x000002c47452b178]
Event: 268.574 Thread 0x000002c41b32c560 2271       4       jdk.internal.misc.Unsafe::allocateUninitializedArray0 (90 bytes)
Event: 268.575 Thread 0x000002c41b32c560 nmethod 2271 0x000002c47452b290 code [0x000002c47452b420, 0x000002c47452b5b8]
Event: 268.575 Thread 0x000002c41b32c560 2222       4       jdk.internal.misc.Unsafe::allocateUninitializedArray (55 bytes)
Event: 268.576 Thread 0x000002c41b32c560 nmethod 2222 0x000002c47452b690 code [0x000002c47452b820, 0x000002c47452ba18]
Event: 268.577 Thread 0x000002c47f6f3350 2357       3       java.util.Arrays::rangeCheck (74 bytes)
Event: 268.577 Thread 0x000002c41b32c560 2356       4       java.util.ArrayList::indexOfRange (71 bytes)
Event: 268.578 Thread 0x000002c47f6f3350 nmethod 2357 0x000002c46d354010 code [0x000002c46d3542c0, 0x000002c46d354c88]
Event: 268.579 Thread 0x000002c47f6f3350 2360       3       java.nio.CharBuffer::array (35 bytes)
Event: 268.579 Thread 0x000002c47f6f3350 nmethod 2360 0x000002c46d355090 code [0x000002c46d355260, 0x000002c46d355558]
Event: 268.580 Thread 0x000002c47f6f3350 2361       3       sun.nio.cs.UTF_8::updatePositions (23 bytes)
Event: 268.580 Thread 0x000002c47f6f3350 nmethod 2361 0x000002c46d355690 code [0x000002c46d355860, 0x000002c46d355c98]

GC Heap History (8 events):
Event: 4.756 GC heap before
{Heap before GC invocations=0 (full 0):
 garbage-first heap   total 524288K, used 24576K [0x0000000601800000, 0x0000000800000000)
  region size 4096K, 6 young (24576K), 0 survivors (0K)
 Metaspace       used 12640K, committed 12864K, reserved 1064960K
  class space    used 1446K, committed 1536K, reserved 1048576K
}
Event: 4.760 GC heap after
{Heap after GC invocations=1 (full 0):
 garbage-first heap   total 524288K, used 4644K [0x0000000601800000, 0x0000000800000000)
  region size 4096K, 1 young (4096K), 1 survivors (4096K)
 Metaspace       used 12640K, committed 12864K, reserved 1064960K
  class space    used 1446K, committed 1536K, reserved 1048576K
}
Event: 6.206 GC heap before
{Heap before GC invocations=1 (full 0):
 garbage-first heap   total 524288K, used 25124K [0x0000000601800000, 0x0000000800000000)
  region size 4096K, 6 young (24576K), 1 survivors (4096K)
 Metaspace       used 13348K, committed 13568K, reserved 1064960K
  class space    used 1478K, committed 1600K, reserved 1048576K
}
Event: 6.210 GC heap after
{Heap after GC invocations=2 (full 0):
 garbage-first heap   total 524288K, used 9467K [0x0000000601800000, 0x0000000800000000)
  region size 4096K, 1 young (4096K), 1 survivors (4096K)
 Metaspace       used 13348K, committed 13568K, reserved 1064960K
  class space    used 1478K, committed 1600K, reserved 1048576K
}
Event: 6.281 GC heap before
{Heap before GC invocations=2 (full 0):
 garbage-first heap   total 524288K, used 50427K [0x0000000601800000, 0x0000000800000000)
  region size 4096K, 11 young (45056K), 1 survivors (4096K)
 Metaspace       used 13365K, committed 13568K, reserved 1064960K
  class space    used 1478K, committed 1600K, reserved 1048576K
}
Event: 6.288 GC heap after
{Heap after GC invocations=3 (full 0):
 garbage-first heap   total 524288K, used 22230K [0x0000000601800000, 0x0000000800000000)
  region size 4096K, 2 young (8192K), 2 survivors (8192K)
 Metaspace       used 13365K, committed 13568K, reserved 1064960K
  class space    used 1478K, committed 1600K, reserved 1048576K
}
Event: 268.514 GC heap before
{Heap before GC invocations=3 (full 0):
 garbage-first heap   total 524288K, used 54998K [0x0000000601800000, 0x0000000800000000)
  region size 4096K, 10 young (40960K), 2 survivors (8192K)
 Metaspace       used 16920K, committed 17216K, reserved 1064960K
  class space    used 1922K, committed 2048K, reserved 1048576K
}
Event: 268.522 GC heap after
{Heap after GC invocations=4 (full 0):
 garbage-first heap   total 524288K, used 27891K [0x0000000601800000, 0x0000000800000000)
  region size 4096K, 2 young (8192K), 2 survivors (8192K)
 Metaspace       used 16920K, committed 17216K, reserved 1064960K
  class space    used 1922K, committed 2048K, reserved 1048576K
}

Deoptimization events (20 events):
Event: 268.578 Thread 0x000002c41a3d0160 DEOPT PACKING pc=0x000002c47452b960 sp=0x000000e32037a660
Event: 268.578 Thread 0x000002c41a3d0160 DEOPT UNPACKING pc=0x000002c46c99d72e sp=0x000000e32037a5e8 mode 2
Event: 268.578 Thread 0x000002c41a3d0160 Uncommon trap: trap_request=0xffffffde fr.pc=0x000002c47452b960 relative=0x0000000000000140
Event: 268.578 Thread 0x000002c41a3d0160 Uncommon trap: reason=class_check action=maybe_recompile pc=0x000002c47452b960 method=jdk.internal.misc.Unsafe.allocateUninitializedArray(Ljava/lang/Class;I)Ljava/lang/Object; @ 51 c2
Event: 268.578 Thread 0x000002c41a3d0160 DEOPT PACKING pc=0x000002c47452b960 sp=0x000000e32037a470
Event: 268.578 Thread 0x000002c41a3d0160 DEOPT UNPACKING pc=0x000002c46c99d72e sp=0x000000e32037a3f8 mode 2
Event: 268.578 Thread 0x000002c41a3d0160 Uncommon trap: trap_request=0xffffffde fr.pc=0x000002c47452b960 relative=0x0000000000000140
Event: 268.578 Thread 0x000002c41a3d0160 Uncommon trap: reason=class_check action=maybe_recompile pc=0x000002c47452b960 method=jdk.internal.misc.Unsafe.allocateUninitializedArray(Ljava/lang/Class;I)Ljava/lang/Object; @ 51 c2
Event: 268.578 Thread 0x000002c41a3d0160 DEOPT PACKING pc=0x000002c47452b960 sp=0x000000e32037a5c0
Event: 268.578 Thread 0x000002c41a3d0160 DEOPT UNPACKING pc=0x000002c46c99d72e sp=0x000000e32037a548 mode 2
Event: 268.578 Thread 0x000002c41a3d0160 Uncommon trap: trap_request=0xffffffde fr.pc=0x000002c47452b960 relative=0x0000000000000140
Event: 268.578 Thread 0x000002c41a3d0160 Uncommon trap: reason=class_check action=maybe_recompile pc=0x000002c47452b960 method=jdk.internal.misc.Unsafe.allocateUninitializedArray(Ljava/lang/Class;I)Ljava/lang/Object; @ 51 c2
Event: 268.578 Thread 0x000002c41a3d0160 DEOPT PACKING pc=0x000002c47452b960 sp=0x000000e32037a5c0
Event: 268.578 Thread 0x000002c41a3d0160 DEOPT UNPACKING pc=0x000002c46c99d72e sp=0x000000e32037a548 mode 2
Event: 268.579 Thread 0x000002c41a3d16a0 DEOPT PACKING pc=0x000002c46d331002 sp=0x000000e32141ec20
Event: 268.579 Thread 0x000002c41a3d16a0 DEOPT UNPACKING pc=0x000002c46c99dece sp=0x000000e32141e1d8 mode 0
Event: 268.580 Thread 0x000002c41a3d16a0 DEOPT PACKING pc=0x000002c46d331002 sp=0x000000e32141ec20
Event: 268.580 Thread 0x000002c41a3d16a0 DEOPT UNPACKING pc=0x000002c46c99dece sp=0x000000e32141e1d8 mode 0
Event: 268.581 Thread 0x000002c41a3d16a0 DEOPT PACKING pc=0x000002c46d331002 sp=0x000000e32141ec20
Event: 268.581 Thread 0x000002c41a3d16a0 DEOPT UNPACKING pc=0x000002c46c99dece sp=0x000000e32141e1d8 mode 0

Classes unloaded (0 events):
No events

Classes redefined (0 events):
No events

Internal exceptions (20 events):
Event: 0.663 Thread 0x000002c412ac2af0 Exception <a 'java/lang/NoSuchMethodError'{0x0000000620e2c3a8}: 'java.lang.Object java.lang.invoke.DirectMethodHandle$Holder.newInvokeSpecial(java.lang.Object, java.lang.Object, int, java.lang.Object)'> (0x0000000620e2c3a8) 
thrown [t:\workspace\open\src\hotspot\share\interpreter\linkResolver.cpp, line 790]
Event: 0.664 Thread 0x000002c412ac2af0 Exception <a 'java/lang/NoSuchMethodError'{0x0000000620e305f8}: 'java.lang.Object java.lang.invoke.DirectMethodHandle$Holder.invokeSpecial(java.lang.Object, java.lang.Object, java.lang.Object, int, java.lang.Object)'> (0x0000000620e305f8) 
thrown [t:\workspace\open\src\hotspot\share\interpreter\linkResolver.cpp, line 790]
Event: 0.703 Thread 0x000002c4651e1850 Exception <a 'java/lang/ClassNotFoundException'{0x0000000620ff7d10}: com/sun/swing/internal/plaf/metal/resources/spi/metalProvider> (0x0000000620ff7d10) 
thrown [t:\workspace\open\src\hotspot\share\classfile\systemDictionary.cpp, line 256]
Event: 0.704 Thread 0x000002c4651e1850 Exception <a 'java/lang/ClassNotFoundException'{0x0000000620ffbd78}: com/sun/swing/internal/plaf/basic/resources/spi/basicProvider> (0x0000000620ffbd78) 
thrown [t:\workspace\open\src\hotspot\share\classfile\systemDictionary.cpp, line 256]
Event: 0.797 Thread 0x000002c41a3d0160 Exception <a 'java/lang/NoSuchMethodError'{0x0000000620a6d748}: 'void java.lang.invoke.DirectMethodHandle$Holder.invokeStaticInit(java.lang.Object)'> (0x0000000620a6d748) 
thrown [t:\workspace\open\src\hotspot\share\interpreter\linkResolver.cpp, line 790]
Event: 0.958 Thread 0x000002c412ed08a0 Exception <a 'java/lang/NoSuchMethodError'{0x00000006211c9da0}: 'void java.lang.invoke.DirectMethodHandle$Holder.invokeVirtual(java.lang.Object, java.lang.Object)'> (0x00000006211c9da0) 
thrown [t:\workspace\open\src\hotspot\share\interpreter\linkResolver.cpp, line 790]
Event: 1.017 Thread 0x000002c4651e1850 Exception <a 'java/lang/NoSuchMethodError'{0x0000000620636e68}: 'int java.lang.invoke.DirectMethodHandle$Holder.invokeStatic(java.lang.Object)'> (0x0000000620636e68) 
thrown [t:\workspace\open\src\hotspot\share\interpreter\linkResolver.cpp, line 790]
Event: 6.150 Thread 0x000002c41a3d16a0 Implicit null exception at 0x000002c4744901a0 to 0x000002c474490270
Event: 6.150 Thread 0x000002c41a3d16a0 Implicit null exception at 0x000002c474490687 to 0x000002c474490758
Event: 6.379 Thread 0x000002c41b9c0440 Exception <a 'java/lang/NoSuchMethodError'{0x0000000621069ed0}: 'java.lang.Object java.lang.invoke.DirectMethodHandle$Holder.invokeStaticInit(java.lang.Object, java.lang.Object, java.lang.Object, java.lang.Object)'> (0x0000000621069ed0) 
thrown [t:\workspace\open\src\hotspot\share\interpreter\linkResolver.cpp, line 790]
Event: 18.267 Thread 0x000002c41a3d0160 Exception <a 'java/lang/NullPointerException'{0x000000062117ace0}> (0x000000062117ace0) 
thrown [t:\workspace\open\src\hotspot\share\interpreter\linkResolver.cpp, line 1385]
Event: 26.033 Thread 0x000002c41a3d0160 Exception <a 'java/lang/NoSuchMethodError'{0x00000006211c6a10}: 'void java.lang.invoke.DirectMethodHandle$Holder.invokeSpecial(java.lang.Object, java.lang.Object, java.lang.Object, java.lang.Object, java.lang.Object)'> (0x00000006211c6a10) 
thrown [t:\workspace\open\src\hotspot\share\interpreter\linkResolver.cpp, line 790]
Event: 28.517 Thread 0x000002c41a3d16a0 Exception <a 'java/lang/NoSuchMethodError'{0x0000000620d3c608}: 'java.lang.Object java.lang.invoke.DirectMethodHandle$Holder.invokeSpecial(java.lang.Object, java.lang.Object, long, java.lang.Object, int, int, int, int, java.lang.Object, java.lang.Object, java.lang.Object)'> (0x0000000620d3c608) 
thrown [t:\workspace\open\src\hotspot\share\interpreter\linkResolver.cpp, line 790]
Event: 28.519 Thread 0x000002c41a3d16a0 Exception <a 'java/lang/NoSuchMethodError'{0x0000000620d41008}: 'java.lang.Object java.lang.invoke.DelegatingMethodHandle$Holder.reinvoke_L(java.lang.Object, long, java.lang.Object, int, int, int, int, java.lang.Object, java.lang.Object, java.lang.Object)'> (0x0000000620d41008) 
thrown [t:\workspace\open\src\hotspot\share\interpreter\linkResolver.cpp, line 790]
Event: 28.568 Thread 0x000002c41a3d16a0 Exception <a 'java/lang/NoSuchMethodError'{0x0000000620db4fe8}: 'java.lang.Object java.lang.invoke.DirectMethodHandle$Holder.invokeSpecial(java.lang.Object, java.lang.Object, long, java.lang.Object, java.lang.Object, java.lang.Object, java.lang.Object, int, java.lang.Object, java.lang.Object, java.lang.Object)'> (0x0000000620db4fe8) 
thrown [t:\workspace\open\src\hotspot\share\interpreter\linkResolver.cpp, line 790]
Event: 28.570 Thread 0x000002c41a3d16a0 Exception <a 'java/lang/NoSuchMethodError'{0x0000000620db9d48}: 'java.lang.Object java.lang.invoke.DelegatingMethodHandle$Holder.reinvoke_L(java.lang.Object, long, java.lang.Object, java.lang.Object, java.lang.Object, java.lang.Object, int, java.lang.Object, java.lang.Object, java.lang.Object)'> (0x0000000620db9d48) 
thrown [t:\workspace\open\src\hotspot\share\interpreter\linkResolver.cpp, line 790]
Event: 28.626 Thread 0x000002c41a3d16a0 Exception <a 'java/lang/NoSuchMethodError'{0x0000000620e43588}: 'java.lang.Object java.lang.invoke.DirectMethodHandle$Holder.invokeSpecial(java.lang.Object, java.lang.Object, long, java.lang.Object, java.lang.Object, java.lang.Object, java.lang.Object, java.lang.Object, java.lang.Object, java.lang.Object)'> (0x0000000620e43588) 
thrown [t:\workspace\open\src\hotspot\share\interpreter\linkResolver.cpp, line 790]
Event: 28.627 Thread 0x000002c41a3d16a0 Exception <a 'java/lang/NoSuchMethodError'{0x0000000620e48290}: 'java.lang.Object java.lang.invoke.DelegatingMethodHandle$Holder.reinvoke_L(java.lang.Object, long, java.lang.Object, java.lang.Object, java.lang.Object, java.lang.Object, java.lang.Object, java.lang.Object, java.lang.Object)'> (0x0000000620e48290) 
thrown [t:\workspace\open\src\hotspot\share\interpreter\linkResolver.cpp, line 790]
Event: 28.637 Thread 0x000002c41a3d16a0 Exception <a 'java/lang/NoSuchMethodError'{0x0000000620e60580}: 'java.lang.Object java.lang.invoke.DirectMethodHandle$Holder.invokeSpecial(java.lang.Object, java.lang.Object, java.lang.Object, java.lang.Object, java.lang.Object, java.lang.Object, java.lang.Object, java.lang.Object, java.lang.Object)'> (0x0000000620e60580) 
thrown [t:\workspace\open\src\hotspot\share\interpreter\linkResolver.cpp, line 790]
Event: 28.638 Thread 0x000002c41a3d16a0 Exception <a 'java/lang/NoSuchMethodError'{0x0000000620e65160}: 'java.lang.Object java.lang.invoke.Invokers$Holder.linkToTargetMethod(java.lang.Object, java.lang.Object, java.lang.Object, java.lang.Object, java.lang.Object, java.lang.Object, java.lang.Object, java.lang.Object)'> (0x0000000620e65160) 
thrown [t:\workspace\open\src\hotspot\share\interpreter\linkResolver.cpp, line 790]

Events (20 events):
Event: 268.458 loading class java/io/UnsupportedEncodingException done
Event: 268.490 loading class jdk/internal/misc/Signal$1
Event: 268.490 loading class jdk/internal/misc/Signal$1 done
Event: 268.490 Thread 0x000002c412c83e60 Thread added: 0x000002c412c83e60
Event: 268.491 Loaded shared library C:\Users\Jackson Atkins\IdeaProjects\p2-beedrill\javafx-sdk-11.0.2\bin\javafx_font.dll
Event: 268.495 Thread 0x000002c412c7fea0 Thread added: 0x000002c412c7fea0
Event: 268.495 Thread 0x000002c412c7f400 Thread added: 0x000002c412c7f400
Event: 268.495 Thread 0x000002c412c80940 Thread added: 0x000002c412c80940
Event: 268.496 Thread 0x000002c412c833c0 Thread added: 0x000002c412c833c0
Event: 268.496 Thread 0x000002c412c80940 Thread exited: 0x000002c412c80940
Event: 268.497 Thread 0x000002c41a3d2be0 Thread exited: 0x000002c41a3d2be0
Event: 268.497 Thread 0x000002c412c7f400 Thread exited: 0x000002c412c7f400
Event: 268.502 Thread 0x000002c412c7fea0 Thread exited: 0x000002c412c7fea0
Event: 268.514 Executing  VM operation: G1CollectForAllocation
Event: 268.523 Executing  VM operation: G1CollectForAllocation done
Event: 268.529 Thread 0x000002c41a03ff80 Thread exited: 0x000002c41a03ff80
Event: 268.549 loading class sun/nio/cs/UTF_16BE$Decoder
Event: 268.549 loading class sun/nio/cs/UTF_16BE$Decoder done
Event: 268.549 Executing  VM operation: HandshakeAllThreads
Event: 268.549 Executing  VM operation: HandshakeAllThreads done


Dynamic libraries:
0x00007ff6cd040000 - 0x00007ff6cd050000 	C:\Program Files\Java\jdk-16\bin\java.exe
0x00007ff97c9f0000 - 0x00007ff97cbe5000 	C:\WINDOWS\SYSTEM32\ntdll.dll
0x00007ff97c710000 - 0x00007ff97c7cd000 	C:\WINDOWS\System32\KERNEL32.DLL
0x00007ff97a470000 - 0x00007ff97a738000 	C:\WINDOWS\System32\KERNELBASE.dll
0x00007ff97a740000 - 0x00007ff97a840000 	C:\WINDOWS\System32\ucrtbase.dll
0x00007ff9661e0000 - 0x00007ff9661f9000 	C:\Program Files\Java\jdk-16\bin\VCRUNTIME140.dll
0x00007ff969a80000 - 0x00007ff969a98000 	C:\Program Files\Java\jdk-16\bin\jli.dll
0x00007ff97c250000 - 0x00007ff97c2fc000 	C:\WINDOWS\System32\ADVAPI32.dll
0x00007ff97c140000 - 0x00007ff97c1de000 	C:\WINDOWS\System32\msvcrt.dll
0x00007ff97aef0000 - 0x00007ff97af8b000 	C:\WINDOWS\System32\sechost.dll
0x00007ff97c880000 - 0x00007ff97c9ab000 	C:\WINDOWS\System32\RPCRT4.dll
0x00007ff97ad50000 - 0x00007ff97aef0000 	C:\WINDOWS\System32\USER32.dll
0x00007ff97a390000 - 0x00007ff97a3b2000 	C:\WINDOWS\System32\win32u.dll
0x00007ff961710000 - 0x00007ff9619aa000 	C:\WINDOWS\WinSxS\amd64_microsoft.windows.common-controls_6595b64144ccf1df_6.0.19041.844_none_ca00b6081b84eb1d\COMCTL32.dll
0x00007ff97b4f0000 - 0x00007ff97b51a000 	C:\WINDOWS\System32\GDI32.dll
0x00007ff97a130000 - 0x00007ff97a23b000 	C:\WINDOWS\System32\gdi32full.dll
0x00007ff97a2c0000 - 0x00007ff97a35d000 	C:\WINDOWS\System32\msvcp_win.dll
0x00007ff96fb90000 - 0x00007ff96fb9a000 	C:\WINDOWS\SYSTEM32\VERSION.dll
0x00007ff97b520000 - 0x00007ff97b550000 	C:\WINDOWS\System32\IMM32.DLL
0x00007ff974600000 - 0x00007ff97460c000 	C:\Program Files\Java\jdk-16\bin\vcruntime140_1.dll
0x00007ff966140000 - 0x00007ff9661d1000 	C:\Program Files\Java\jdk-16\bin\msvcp140.dll
0x00007ff908630000 - 0x00007ff9091db000 	C:\Program Files\Java\jdk-16\bin\server\jvm.dll
0x00007ff97b9e0000 - 0x00007ff97b9e8000 	C:\WINDOWS\System32\PSAPI.DLL
0x00007ff96f540000 - 0x00007ff96f567000 	C:\WINDOWS\SYSTEM32\WINMM.dll
0x00007ff96f4d0000 - 0x00007ff96f4d9000 	C:\WINDOWS\SYSTEM32\WSOCK32.dll
0x00007ff97b960000 - 0x00007ff97b9cb000 	C:\WINDOWS\System32\WS2_32.dll
0x00007ff978070000 - 0x00007ff978082000 	C:\WINDOWS\SYSTEM32\kernel.appcore.dll
0x00007ff9744b0000 - 0x00007ff9744ba000 	C:\Program Files\Java\jdk-16\bin\jimage.dll
0x00007ff9778c0000 - 0x00007ff977aa4000 	C:\WINDOWS\SYSTEM32\DBGHELP.DLL
0x00007ff96cb00000 - 0x00007ff96cb2c000 	C:\WINDOWS\SYSTEM32\dbgcore.DLL
0x00007ff97a240000 - 0x00007ff97a2c0000 	C:\WINDOWS\System32\bcryptPrimitives.dll
0x00007ff94e870000 - 0x00007ff94e8ab000 	C:\Program Files\Java\jdk-16\bin\jdwp.dll
0x00007ff94fc00000 - 0x00007ff94fc25000 	C:\Program Files\Java\jdk-16\bin\java.dll
0x00007ff97b9f0000 - 0x00007ff97c132000 	C:\WINDOWS\System32\SHELL32.dll
0x00007ff978230000 - 0x00007ff9789c1000 	C:\WINDOWS\SYSTEM32\windows.storage.dll
0x00007ff97b600000 - 0x00007ff97b955000 	C:\WINDOWS\System32\combase.dll
0x00007ff979ad0000 - 0x00007ff979afc000 	C:\WINDOWS\SYSTEM32\Wldp.dll
0x00007ff97c7d0000 - 0x00007ff97c87e000 	C:\WINDOWS\System32\SHCORE.dll
0x00007ff97c1f0000 - 0x00007ff97c245000 	C:\WINDOWS\System32\shlwapi.dll
0x00007ff97a070000 - 0x00007ff97a08f000 	C:\WINDOWS\SYSTEM32\profapi.dll
0x00007ff971c30000 - 0x00007ff971c3c000 	C:\Program Files\Java\jdk-16\bin\dt_socket.dll
0x00007ff979570000 - 0x00007ff9795ab000 	C:\WINDOWS\SYSTEM32\IPHLPAPI.DLL
0x00007ff9798b0000 - 0x00007ff97991a000 	C:\WINDOWS\system32\mswsock.dll
0x00007ff966120000 - 0x00007ff966139000 	C:\Program Files\Java\jdk-16\bin\net.dll
0x00007ff971870000 - 0x00007ff97197b000 	C:\WINDOWS\SYSTEM32\WINHTTP.dll
0x00007ff962a00000 - 0x00007ff962a13000 	C:\Program Files\Java\jdk-16\bin\nio.dll
0x00007ff9629b0000 - 0x00007ff9629c8000 	C:\Program Files\Java\jdk-16\bin\zip.dll
0x00007ff931a10000 - 0x00007ff931b90000 	C:\Program Files\Java\jdk-16\bin\awt.dll
0x00007ff97ac80000 - 0x00007ff97ad4d000 	C:\WINDOWS\System32\OLEAUT32.dll
0x00007ff977560000 - 0x00007ff9775f0000 	C:\WINDOWS\SYSTEM32\apphelp.dll
0x00007ff977d30000 - 0x00007ff977d5f000 	C:\WINDOWS\system32\DWMAPI.DLL
0x00007ff977700000 - 0x00007ff97779e000 	C:\WINDOWS\system32\uxtheme.dll
0x00007ff961130000 - 0x00007ff961256000 	C:\WINDOWS\system32\opengl32.dll
0x00007ff961100000 - 0x00007ff96112c000 	C:\WINDOWS\SYSTEM32\GLU32.dll
0x00007ff97c360000 - 0x00007ff97c475000 	C:\WINDOWS\System32\MSCTF.dll
0x00007ff97aa70000 - 0x00007ff97ab9a000 	C:\WINDOWS\System32\ole32.dll
0x00007ff9441d0000 - 0x00007ff94439e000 	C:\WINDOWS\system32\d3d9.dll
0x00007ff979d20000 - 0x00007ff979d32000 	C:\WINDOWS\SYSTEM32\msasn1.dll
0x00007ff96fb50000 - 0x00007ff96fb81000 	C:\WINDOWS\SYSTEM32\cryptnet.dll
0x00007ff97a840000 - 0x00007ff97a99f000 	C:\WINDOWS\System32\CRYPT32.dll
0x00007ff979a30000 - 0x00007ff979a3c000 	C:\WINDOWS\SYSTEM32\cryptbase.dll
0x00007ff97a9a0000 - 0x00007ff97aa00000 	C:\WINDOWS\System32\WINTRUST.DLL
0x00007ff97aa50000 - 0x00007ff97aa6d000 	C:\WINDOWS\System32\imagehlp.dll
0x00007ff979b10000 - 0x00007ff979b28000 	C:\WINDOWS\SYSTEM32\CRYPTSP.dll
0x00007ff979200000 - 0x00007ff979234000 	C:\WINDOWS\system32\rsaenh.dll
0x00007ff97a360000 - 0x00007ff97a387000 	C:\WINDOWS\System32\bcrypt.dll
0x000002c411f90000 - 0x000002c411f93000 	C:\Users\Jackson Atkins\IdeaProjects\p2-beedrill\javafx-sdk-11.0.2\bin\api-ms-win-core-console-l1-1-0.dll
0x000002c411fc0000 - 0x000002c411fc3000 	C:\Users\Jackson Atkins\IdeaProjects\p2-beedrill\javafx-sdk-11.0.2\bin\api-ms-win-core-datetime-l1-1-0.dll
0x000002c411fd0000 - 0x000002c411fd3000 	C:\Users\Jackson Atkins\IdeaProjects\p2-beedrill\javafx-sdk-11.0.2\bin\api-ms-win-core-debug-l1-1-0.dll
0x000002c411fe0000 - 0x000002c411fe3000 	C:\Users\Jackson Atkins\IdeaProjects\p2-beedrill\javafx-sdk-11.0.2\bin\api-ms-win-core-errorhandling-l1-1-0.dll
0x000002c413730000 - 0x000002c413734000 	C:\Users\Jackson Atkins\IdeaProjects\p2-beedrill\javafx-sdk-11.0.2\bin\api-ms-win-core-file-l1-1-0.dll
0x000002c413740000 - 0x000002c413743000 	C:\Users\Jackson Atkins\IdeaProjects\p2-beedrill\javafx-sdk-11.0.2\bin\api-ms-win-core-file-l1-2-0.dll
0x000002c413750000 - 0x000002c413753000 	C:\Users\Jackson Atkins\IdeaProjects\p2-beedrill\javafx-sdk-11.0.2\bin\api-ms-win-core-file-l2-1-0.dll
0x000002c413760000 - 0x000002c413763000 	C:\Users\Jackson Atkins\IdeaProjects\p2-beedrill\javafx-sdk-11.0.2\bin\api-ms-win-core-handle-l1-1-0.dll
0x00007ff93af30000 - 0x00007ff93b1e9000 	C:\WINDOWS\system32\nvspcap64.dll
0x000002c413770000 - 0x000002c413773000 	C:\Users\Jackson Atkins\IdeaProjects\p2-beedrill\javafx-sdk-11.0.2\bin\api-ms-win-core-heap-l1-1-0.dll
0x00007ff978e10000 - 0x00007ff978e43000 	C:\WINDOWS\SYSTEM32\ntmarta.dll
0x000002c413790000 - 0x000002c413793000 	C:\Users\Jackson Atkins\IdeaProjects\p2-beedrill\javafx-sdk-11.0.2\bin\api-ms-win-core-interlocked-l1-1-0.dll
0x000002c4137b0000 - 0x000002c4137b3000 	C:\Users\Jackson Atkins\IdeaProjects\p2-beedrill\javafx-sdk-11.0.2\bin\api-ms-win-core-libraryloader-l1-1-0.dll
0x000002c419c10000 - 0x000002c419c13000 	C:\Users\Jackson Atkins\IdeaProjects\p2-beedrill\javafx-sdk-11.0.2\bin\api-ms-win-core-localization-l1-2-0.dll
0x000002c419c20000 - 0x000002c419c23000 	C:\Users\Jackson Atkins\IdeaProjects\p2-beedrill\javafx-sdk-11.0.2\bin\api-ms-win-core-memory-l1-1-0.dll
0x000002c419cf0000 - 0x000002c419cf3000 	C:\Users\Jackson Atkins\IdeaProjects\p2-beedrill\javafx-sdk-11.0.2\bin\api-ms-win-core-namedpipe-l1-1-0.dll
0x000002c419c30000 - 0x000002c419c33000 	C:\Users\Jackson Atkins\IdeaProjects\p2-beedrill\javafx-sdk-11.0.2\bin\api-ms-win-core-processenvironment-l1-1-0.dll
0x000002c419c40000 - 0x000002c419c43000 	C:\Users\Jackson Atkins\IdeaProjects\p2-beedrill\javafx-sdk-11.0.2\bin\api-ms-win-core-processthreads-l1-1-0.dll
0x000002c419c50000 - 0x000002c419c53000 	C:\Users\Jackson Atkins\IdeaProjects\p2-beedrill\javafx-sdk-11.0.2\bin\api-ms-win-core-processthreads-l1-1-1.dll
0x000002c419c60000 - 0x000002c419c63000 	C:\Users\Jackson Atkins\IdeaProjects\p2-beedrill\javafx-sdk-11.0.2\bin\api-ms-win-core-profile-l1-1-0.dll
0x000002c419c70000 - 0x000002c419c73000 	C:\Users\Jackson Atkins\IdeaProjects\p2-beedrill\javafx-sdk-11.0.2\bin\api-ms-win-core-rtlsupport-l1-1-0.dll
0x000002c419c80000 - 0x000002c419c83000 	C:\Users\Jackson Atkins\IdeaProjects\p2-beedrill\javafx-sdk-11.0.2\bin\api-ms-win-core-string-l1-1-0.dll
0x000002c419c90000 - 0x000002c419c93000 	C:\Users\Jackson Atkins\IdeaProjects\p2-beedrill\javafx-sdk-11.0.2\bin\api-ms-win-core-synch-l1-1-0.dll
0x000002c419ca0000 - 0x000002c419ca3000 	C:\Users\Jackson Atkins\IdeaProjects\p2-beedrill\javafx-sdk-11.0.2\bin\api-ms-win-core-synch-l1-2-0.dll
0x000002c419cb0000 - 0x000002c419cb3000 	C:\Users\Jackson Atkins\IdeaProjects\p2-beedrill\javafx-sdk-11.0.2\bin\api-ms-win-core-sysinfo-l1-1-0.dll
0x000002c419cc0000 - 0x000002c419cc3000 	C:\Users\Jackson Atkins\IdeaProjects\p2-beedrill\javafx-sdk-11.0.2\bin\api-ms-win-core-timezone-l1-1-0.dll
0x000002c419cd0000 - 0x000002c419cd3000 	C:\Users\Jackson Atkins\IdeaProjects\p2-beedrill\javafx-sdk-11.0.2\bin\api-ms-win-core-util-l1-1-0.dll
0x000002c419ce0000 - 0x000002c419ce3000 	C:\Users\Jackson Atkins\IdeaProjects\p2-beedrill\javafx-sdk-11.0.2\bin\api-ms-win-crt-conio-l1-1-0.dll
0x000002c419d00000 - 0x000002c419d04000 	C:\Users\Jackson Atkins\IdeaProjects\p2-beedrill\javafx-sdk-11.0.2\bin\api-ms-win-crt-convert-l1-1-0.dll
0x000002c419d10000 - 0x000002c419d13000 	C:\Users\Jackson Atkins\IdeaProjects\p2-beedrill\javafx-sdk-11.0.2\bin\api-ms-win-crt-environment-l1-1-0.dll
0x000002c419d20000 - 0x000002c419d23000 	C:\Users\Jackson Atkins\IdeaProjects\p2-beedrill\javafx-sdk-11.0.2\bin\api-ms-win-crt-filesystem-l1-1-0.dll
0x00007ff9789e0000 - 0x00007ff978a03000 	C:\WINDOWS\SYSTEM32\gpapi.dll
0x000002c419d30000 - 0x000002c419d33000 	C:\Users\Jackson Atkins\IdeaProjects\p2-beedrill\javafx-sdk-11.0.2\bin\api-ms-win-crt-heap-l1-1-0.dll
0x000002c419d40000 - 0x000002c419d43000 	C:\Users\Jackson Atkins\IdeaProjects\p2-beedrill\javafx-sdk-11.0.2\bin\api-ms-win-crt-locale-l1-1-0.dll
0x000002c419d50000 - 0x000002c419d55000 	C:\Users\Jackson Atkins\IdeaProjects\p2-beedrill\javafx-sdk-11.0.2\bin\api-ms-win-crt-math-l1-1-0.dll
0x000002c419d60000 - 0x000002c419d65000 	C:\Users\Jackson Atkins\IdeaProjects\p2-beedrill\javafx-sdk-11.0.2\bin\api-ms-win-crt-multibyte-l1-1-0.dll
0x000002c419d70000 - 0x000002c419d80000 	C:\Users\Jackson Atkins\IdeaProjects\p2-beedrill\javafx-sdk-11.0.2\bin\api-ms-win-crt-private-l1-1-0.dll
0x000002c419d80000 - 0x000002c419d83000 	C:\Users\Jackson Atkins\IdeaProjects\p2-beedrill\javafx-sdk-11.0.2\bin\api-ms-win-crt-process-l1-1-0.dll
0x000002c419d90000 - 0x000002c419d94000 	C:\Users\Jackson Atkins\IdeaProjects\p2-beedrill\javafx-sdk-11.0.2\bin\api-ms-win-crt-runtime-l1-1-0.dll
0x000002c419da0000 - 0x000002c419da4000 	C:\Users\Jackson Atkins\IdeaProjects\p2-beedrill\javafx-sdk-11.0.2\bin\api-ms-win-crt-stdio-l1-1-0.dll
0x000002c419db0000 - 0x000002c419db4000 	C:\Users\Jackson Atkins\IdeaProjects\p2-beedrill\javafx-sdk-11.0.2\bin\api-ms-win-crt-string-l1-1-0.dll
0x000002c419dc0000 - 0x000002c419dc3000 	C:\Users\Jackson Atkins\IdeaProjects\p2-beedrill\javafx-sdk-11.0.2\bin\api-ms-win-crt-time-l1-1-0.dll
0x000002c419dd0000 - 0x000002c419dd3000 	C:\Users\Jackson Atkins\IdeaProjects\p2-beedrill\javafx-sdk-11.0.2\bin\api-ms-win-crt-utility-l1-1-0.dll
0x00007ff91fe20000 - 0x00007ff91ff1a000 	C:\Users\Jackson Atkins\IdeaProjects\p2-beedrill\javafx-sdk-11.0.2\bin\ucrtbase.dll
0x00007ff94a6a0000 - 0x00007ff94a6b6000 	C:\Users\Jackson Atkins\IdeaProjects\p2-beedrill\javafx-sdk-11.0.2\bin\vcruntime140.dll
0x00007ff96fcd0000 - 0x00007ff96fd0b000 	C:\WINDOWS\SYSTEM32\dxcore.dll
0x00007ff97aa00000 - 0x00007ff97aa4e000 	C:\WINDOWS\System32\cfgmgr32.dll
0x00007ff93a450000 - 0x00007ff93a4f6000 	C:\Users\Jackson Atkins\IdeaProjects\p2-beedrill\javafx-sdk-11.0.2\bin\msvcp140.dll
0x00007ff94a640000 - 0x00007ff94a691000 	C:\Users\Jackson Atkins\IdeaProjects\p2-beedrill\javafx-sdk-11.0.2\bin\concrt140.dll
0x00007ff9490e0000 - 0x00007ff949103000 	C:\Users\Jackson Atkins\IdeaProjects\p2-beedrill\javafx-sdk-11.0.2\bin\prism_d3d.dll
0x00007ff93a400000 - 0x00007ff93a445000 	C:\Users\Jackson Atkins\IdeaProjects\p2-beedrill\javafx-sdk-11.0.2\bin\glass.dll
0x00007ff97aba0000 - 0x00007ff97ac7a000 	C:\WINDOWS\System32\COMDLG32.dll
0x00007ff9370c0000 - 0x00007ff937149000 	C:\Program Files\Java\jdk-16\bin\freetype.dll
0x00007ff91a060000 - 0x00007ff91a156000 	C:\Program Files\Java\jdk-16\bin\harfbuzz.dll
0x00007ff94a510000 - 0x00007ff94a522000 	C:\Program Files\Java\jdk-16\bin\fontmanager.dll
0x00007ff961fb0000 - 0x00007ff9620a9000 	C:\WINDOWS\SYSTEM32\textinputframework.dll
0x00007ff976c50000 - 0x00007ff976fae000 	C:\WINDOWS\System32\CoreUIComponents.dll
0x00007ff977330000 - 0x00007ff977422000 	C:\WINDOWS\System32\CoreMessaging.dll
0x00007ff975c70000 - 0x00007ff975dc4000 	C:\WINDOWS\SYSTEM32\wintypes.dll
0x00007ff97b550000 - 0x00007ff97b5f9000 	C:\WINDOWS\System32\clbcatq.dll
0x00007ff971c40000 - 0x00007ff971df4000 	C:\WINDOWS\SYSTEM32\WindowsCodecs.dll
0x00007ff952700000 - 0x00007ff95273e000 	C:\WINDOWS\system32\dataexchange.dll

dbghelp: loaded successfully - version: 4.0.5 - missing functions: none
symbol engine: initialized successfully - sym options: 0x614 - pdb path: .;C:\Program Files\Java\jdk-16\bin;C:\WINDOWS\SYSTEM32;C:\WINDOWS\WinSxS\amd64_microsoft.windows.common-controls_6595b64144ccf1df_6.0.19041.844_none_ca00b6081b84eb1d;C:\Program Files\Java\jdk-16\bin\server;C:\WINDOWS\System32\DriverStore\FileRepository\nvddi.inf_amd64_b94238950d70fdab;C:\Users\Jackson Atkins\IdeaProjects\p2-beedrill\javafx-sdk-11.0.2\bin;C:\Program Files\NVIDIA Corporation\Ansel

VM Arguments:
jvm_args: -agentlib:jdwp=transport=dt_socket,address=127.0.0.1:59934,suspend=y,server=n -Dfile.encoding=UTF-8 
java_command: chat.uMessage
java_class_path (initial): C:\Users\Jackson Atkins\IdeaProjects\p2-beedrill\bin;C:\Users\Jackson Atkins\IdeaProjects\p2-beedrill\Ab.jar;C:\Users\Jackson Atkins\IdeaProjects\p2-beedrill\chatter.jar;C:\Users\Jackson Atkins\IdeaProjects\p2-beedrill\jsoup-1.8.2.jar;C:\Users\Jackson Atkins\IdeaProjects\p2-beedrill\json-simple-1.1.1.jar;C:\Users\Jackson Atkins\IdeaProjects\p2-beedrill\testing.jar;C:\Users\Jackson Atkins\IdeaProjects\p2-beedrill\hamcrest-core-1.3.jar;C:\Users\Jackson Atkins\IdeaProjects\p2-beedrill\junit-4.12.jar;C:\Users\Jackson Atkins\IdeaProjects\p2-beedrill\javafx-sdk-11.0.2\lib\src.zip;C:\Users\Jackson Atkins\IdeaProjects\p2-beedrill\javafx-sdk-11.0.2\lib\javafx-swt.jar;C:\Users\Jackson Atkins\IdeaProjects\p2-beedrill\javafx-sdk-11.0.2\lib\javafx.web.jar;C:\Users\Jackson Atkins\IdeaProjects\p2-beedrill\javafx-sdk-11.0.2\lib\javafx.base.jar;C:\Users\Jackson Atkins\IdeaProjects\p2-beedrill\javafx-sdk-11.0.2\lib\javafx.fxml.jar;C:\Users\Jackson Atkins\IdeaProjects\p2-beedrill\javafx-sdk-11.0.2\lib\javafx.media.jar;C:\Users\Jackson Atkins\IdeaProjects\p2-beedrill\javafx-sdk-11.0.2\lib\javafx.swing.jar;C:\Users\Jackson Atkins\IdeaProjects\p2-beedrill\javafx-sdk-11.0.2\lib\javafx.controls.jar;C:\Users\Jackson Atkins\IdeaProjects\p2-beedrill\javafx-sdk-11.0.2\lib\javafx.graphics.jar;A:\IntelliJ IDEA 2020.3.3\lib\idea_rt.jar
Launcher Type: SUN_STANDARD

[Global flags]
     intx CICompilerCount                          = 4                                         {product} {ergonomic}
     uint ConcGCThreads                            = 2                                         {product} {ergonomic}
     uint G1ConcRefinementThreads                  = 8                                         {product} {ergonomic}
   size_t G1HeapRegionSize                         = 4194304                                   {product} {ergonomic}
    uintx GCDrainStackTargetSize                   = 64                                        {product} {ergonomic}
   size_t InitialHeapSize                          = 536870912                                 {product} {ergonomic}
   size_t MarkStackSize                            = 4194304                                   {product} {ergonomic}
   size_t MaxHeapSize                              = 8564768768                                {product} {ergonomic}
   size_t MaxNewSize                               = 5138022400                                {product} {ergonomic}
   size_t MinHeapDeltaBytes                        = 4194304                                   {product} {ergonomic}
   size_t MinHeapSize                              = 8388608                                   {product} {ergonomic}
    uintx NonNMethodCodeHeapSize                   = 5839372                                {pd product} {ergonomic}
    uintx NonProfiledCodeHeapSize                  = 122909434                              {pd product} {ergonomic}
    uintx ProfiledCodeHeapSize                     = 122909434                              {pd product} {ergonomic}
    uintx ReservedCodeCacheSize                    = 251658240                              {pd product} {ergonomic}
     bool SegmentedCodeCache                       = true                                      {product} {ergonomic}
   size_t SoftMaxHeapSize                          = 8564768768                             {manageable} {ergonomic}
     bool UseCompressedClassPointers               = true                           {product lp64_product} {ergonomic}
     bool UseCompressedOops                        = true                           {product lp64_product} {ergonomic}
     bool UseG1GC                                  = true                                      {product} {ergonomic}
     bool UseLargePagesIndividualAllocation        = false                                  {pd product} {ergonomic}

Logging:
Log output configuration:
 #0: stdout all=warning uptime,level,tags
 #1: stderr all=off uptime,level,tags

Environment Variables:
JAVA_HOME=C:\Program Files\Java\jdk-9.0.4
PATH=C:\Program Files\Common Files\Oracle\Java\javapath;A:\VMWARE\bin\;C:\Program Files (x86)\Common Files\Intel\Shared Libraries\redist\intel64\compiler;C:\Program Files\AdoptOpenJDK\jdk-13.0.2.8-hotspot\bin;C:\Program Files (x86)\Common Files\Oracle\Java\javapath;C:\ProgramData\Oracle\Java\javapath;C:\Program Files (x86)\Intel\iCLS Client\;C:\Program Files\Intel\iCLS Client\;C:\Windows\System32;C:\Windows;C:\Windows\System32\wbem;C:\Windows\System32\WindowsPowerShell\v1.0\;C:\Program Files (x86)\Intel\Intel(R) Management Engine Components\DAL;C:\Program Files\Intel\Intel(R) Management Engine Components\DAL;C:\Program Files (x86)\Intel\Intel(R) Management Engine Components\IPT;C:\Program Files\Intel\Intel(R) Management Engine Components\IPT;C:\Program Files (x86)\NVIDIA Corporation\PhysX\Common;C:\Windows\System32;C:\Windows;C:\Windows\System32\wbem;C:\Windows\System32\WindowsPowerShell\v1.0\;C:\Windows\System32\OpenSSH\;d:\iracing;C:\Program Files\NVIDIA Corporation\NVIDIA NvDLISR;C:\Windows\System32;C:\Windows;C:\Windows\System32\wbem;C:\Windows\System32\WindowsPowerShell\v1.0\;C:\Windows\System32\OpenSSH\;C:\Program Files\Intel\WiFi\bin\;C:\Program Files\Common Files\Intel\WirelessCommon\;C:\Program Files (x86)\GnuPG\bin;C:\Program Files (x86)\QuickTime\QTSystem\;C:\ProgramData\chocolatey\bin;C:\Program Files\nodejs\;C:\Program Files (x86)\Yarn\bin\;C:\Program Files\Git\cmd;C:\Program Files\Cryptowatch Desktop\;C:\Users\Jackson Atkins\AppData\Local\Programs\Python\Python36-32\Scripts\;C:\Users\Jackson Atkins\AppData\Local\Programs\Python\Python36-32\;%USERPROFILE%\AppData\Local\Microsoft\WindowsApps;;C:\Users\Jackson Atkins\AppData\Local\Programs\Microsoft VS Code\bin;C:\Users\Jackson Atkins\AppData\Roaming\npm;C:\Users\Jackson Atkins\AppData\Local\Yarn\bin;C:\Users\Jackson Atkins\AppData\Local\hyper\app-3.0.2\resources\bin
USERNAME=Jackson Atkins
OS=Windows_NT
PROCESSOR_IDENTIFIER=Intel64 Family 6 Model 94 Stepping 3, GenuineIntel



---------------  S Y S T E M  ---------------

OS:
 Windows 10 , 64 bit Build 19041 (10.0.19041.928)
OS uptime: 0 days 5:40 hours
Hyper-V role detected

CPU: total 8 (initial active 8) (4 cores per cpu, 2 threads per core) family 6 model 94 stepping 3 microcode 0xcc, cx8, cmov, fxsr, ht, mmx, 3dnowpref, sse, sse2, sse3, ssse3, sse4.1, sse4.2, popcnt, lzcnt, tsc, tscinvbit, avx, avx2, aes, erms, clmul, bmi1, bmi2, rtm, adx, fma, vzeroupper, clflush, clflushopt, hv

Memory: 4k page, system-wide physical 32670M (20921M free)
TotalPageFile size 34718M (AvailPageFile size 17346M)
current process WorkingSet (physical memory assigned to process): 244M, peak: 244M
current process commit charge ("private bytes"): 701M, peak: 718M

vm_info: Java HotSpot(TM) 64-Bit Server VM (16+36-2231) for windows-amd64 JRE (16+36-2231), built on Feb  8 2021 11:43:10 by "mach5one" with MS VC++ 16.7 (VS2019)

END.
