#
# A fatal error has been detected by the Java Runtime Environment:
#
#  EXCEPTION_ACCESS_VIOLATION (0xc0000005) at pc=0x00007ff9055aff1d, pid=23968, tid=18448
#
# JRE version: Java(TM) SE Runtime Environment (16.0+36) (build 16+36-2231)
# Java VM: Java HotSpot(TM) 64-Bit Server VM (16+36-2231, mixed mode, sharing, tiered, compressed oops, g1 gc, windows-amd64)
# Problematic frame:
# C  0x00007ff9055aff1d
#
# No core dump will be written. Minidumps are not enabled by default on client versions of Windows
#
# If you would like to submit a bug report, please visit:
#   https://bugreport.java.com/bugreport/crash.jsp
# The crash happened outside the Java Virtual Machine in native code.
# See problematic frame for where to report the bug.
#

---------------  S U M M A R Y ------------

Command Line: -agentlib:jdwp=transport=dt_socket,address=127.0.0.1:65392,suspend=y,server=n -Dfile.encoding=UTF-8 chat.uMessage

Host: Intel(R) Core(TM) i7-6700K CPU @ 4.00GHz, 8 cores, 31G,  Windows 10 , 64 bit Build 19041 (10.0.19041.928)
Time: Tue May  4 14:02:09 2021 Pacific Daylight Time elapsed time: 50.547315 seconds (0d 0h 0m 50s)

---------------  T H R E A D  ---------------

Current thread (0x0000024aa0ffd0c0):  JavaThread "JavaFX Application Thread" [_thread_in_native, id=18448, stack(0x000000e7d0990000,0x000000e7d0a90000)]

Stack: [0x000000e7d0990000,0x000000e7d0a90000],  sp=0x000000e7d0a8c6b0,  free space=1009k
Native frames: (J=compiled Java code, j=interpreted, Vv=VM code, C=native code)
C  0x00007ff9055aff1d

Java frames: (J=compiled Java code, j=interpreted, Vv=VM code)
j  com.sun.webkit.WebPage.twkInit(JZF)V+0
j  com.sun.webkit.WebPage.<init>(Lcom/sun/webkit/WebPageClient;Lcom/sun/webkit/UIClient;Lcom/sun/webkit/PolicyClient;Lcom/sun/webkit/InspectorClient;Lcom/sun/webkit/ThemeClient;Z)V+196
j  javafx.scene.web.WebEngine.<init>(Ljava/lang/String;Z)V+275
j  javafx.scene.web.WebEngine.<init>()V+3
j  javafx.scene.web.WebView.<init>()V+60
j  chat.ChatWindow$5.lambda$run$0()V+8
j  chat.ChatWindow$5$$Lambda$219+0x0000000800d9c740.run()V+4
j  com.sun.javafx.application.PlatformImpl.lambda$runLater$10(Ljava/lang/Runnable;)Ljava/lang/Void;+1
j  com.sun.javafx.application.PlatformImpl$$Lambda$220+0x0000000800d9cb90.run()Ljava/lang/Object;+4
J 562 c1 java.security.AccessController.executePrivileged(Ljava/security/PrivilegedAction;Ljava/security/AccessControlContext;Ljava/lang/Class;)Ljava/lang/Object; java.base@16 (65 bytes) @ 0x0000024a806825d4 [0x0000024a80682460+0x0000000000000174]
j  java.security.AccessController.doPrivileged(Ljava/security/PrivilegedAction;Ljava/security/AccessControlContext;)Ljava/lang/Object;+13 java.base@16
j  com.sun.javafx.application.PlatformImpl.lambda$runLater$11(Ljava/lang/Runnable;Ljava/security/AccessControlContext;)V+7
j  com.sun.javafx.application.PlatformImpl$$Lambda$218+0x0000000800d9c520.run()V+8
j  com.sun.glass.ui.InvokeLaterDispatcher$Future.run()V+4
v  ~StubRoutines::call_stub
j  com.sun.glass.ui.win.WinApplication._runLoop(Ljava/lang/Runnable;)V+0
j  com.sun.glass.ui.win.WinApplication.lambda$runLoop$3(ILjava/lang/Runnable;)V+8
j  com.sun.glass.ui.win.WinApplication$$Lambda$78+0x0000000800c91b48.run()V+12
j  java.lang.Thread.run()V+11 java.base@16
v  ~StubRoutines::call_stub

siginfo: EXCEPTION_ACCESS_VIOLATION (0xc0000005), writing address 0x0000000000000000


Register to memory mapping:

RIP=0x00007ff9055aff1d points into unknown readable memory: ff 01 48
RAX=0x000000e7d0a8c728 is pointing into the stack for thread: 0x0000024aa0ffd0c0
RBX=0x0000024aa8e02b88 points into unknown readable memory: 0x0000000000000000 | 00 00 00 00 00 00 00 00
RCX=0x0 is NULL
RDX=0x00007ff906549538 points into unknown readable memory: 0x00000073656d6974 | 74 69 6d 65 73 00 00 00
RSP=0x000000e7d0a8c6b0 is pointing into the stack for thread: 0x0000024aa0ffd0c0
RBP=0x0000024affc82040 points into unknown readable memory: 0x005c003f00000002 | 02 00 00 00 3f 00 5c 00
RSI=0x00007ff90842b0e0 points into unknown readable memory: 0x00007ff9063d5190 | 90 51 3d 06 f9 7f 00 00
RDI=0x000000e7d0a8c748 is pointing into the stack for thread: 0x0000024aa0ffd0c0
R8 =0x0 is NULL
R9 =0xffff8251a2454df0 is an unknown value
R10=0x0000000000000005 is an unknown value
R11=0x000000e7d0a8c6a0 is pointing into the stack for thread: 0x0000024aa0ffd0c0
R12=0x000000e7d0a8c758 is pointing into the stack for thread: 0x0000024aa0ffd0c0
R13=0x0000024aa8e02b88 points into unknown readable memory: 0x0000000000000000 | 00 00 00 00 00 00 00 00
R14=0x000000e7d0a8c780 is pointing into the stack for thread: 0x0000024aa0ffd0c0
R15=0x000000e7d0a8c780 is pointing into the stack for thread: 0x0000024aa0ffd0c0


Registers:
RAX=0x000000e7d0a8c728, RBX=0x0000024aa8e02b88, RCX=0x0000000000000000, RDX=0x00007ff906549538
RSP=0x000000e7d0a8c6b0, RBP=0x0000024affc82040, RSI=0x00007ff90842b0e0, RDI=0x000000e7d0a8c748
R8 =0x0000000000000000, R9 =0xffff8251a2454df0, R10=0x0000000000000005, R11=0x000000e7d0a8c6a0
R12=0x000000e7d0a8c758, R13=0x0000024aa8e02b88, R14=0x000000e7d0a8c780, R15=0x000000e7d0a8c780
RIP=0x00007ff9055aff1d, EFLAGS=0x0000000000010246

Top of Stack: (sp=0x000000e7d0a8c6b0)
0x000000e7d0a8c6b0:   0000024aa8e02b88 0000024affc82040
0x000000e7d0a8c6c0:   00007ff90842b0e0 000000e7d0a8c748
0x000000e7d0a8c6d0:   0000000000000000 0000000000000000
0x000000e7d0a8c6e0:   000000e7d0a8c6f0 000000e7d0a8c700
0x000000e7d0a8c6f0:   0000024aff002000 00000200ffc82000
0x000000e7d0a8c700:   000000e7d0a8c758 000000e7d0a8c758
0x000000e7d0a8c710:   000000e7d0a8c778 00007ff9055b4e38
0x000000e7d0a8c720:   0000024affc82060 0000000000000000
0x000000e7d0a8c730:   0000024affc82078 0000024aa10a8b30
0x000000e7d0a8c740:   000000e7d0a8c75c 0000000000000000
0x000000e7d0a8c750:   000000e7d0a8c768 0000000000000001
0x000000e7d0a8c760:   0000000000000000 00007ff900000007
0x000000e7d0a8c770:   0190064000000010 000000e7d0a8c790
0x000000e7d0a8c780:   0000000000000001 0000000000000000
0x000000e7d0a8c790:   0000000000000000 0000000000000000
0x000000e7d0a8c7a0:   0000024a00000000 000000e7d0a8c7c0 

Instructions: (pc=0x00007ff9055aff1d)
0x00007ff9055afe1d:   cc cc cc cc cc cc cc cc cc cc cc cc cc cc cc cc
0x00007ff9055afe2d:   cc cc cc 33 c0 48 89 02 48 89 42 08 89 42 10 48
0x00007ff9055afe3d:   8b c2 c3 cc cc cc cc cc cc cc cc cc cc cc cc cc
0x00007ff9055afe4d:   cc cc cc c2 00 00 cc cc cc cc cc cc cc cc cc cc
0x00007ff9055afe5d:   cc cc cc 33 c0 48 89 02 48 89 42 08 89 42 10 48
0x00007ff9055afe6d:   8b c2 c3 cc cc cc cc cc cc cc cc cc cc cc cc cc
0x00007ff9055afe7d:   cc cc cc 48 89 5c 24 08 48 89 74 24 18 57 48 83
0x00007ff9055afe8d:   ec 60 65 48 8b 04 25 58 00 00 00 48 8b f1 44 8b
0x00007ff9055afe9d:   0d 5e 0c e9 02 49 8b d8 b9 1c 00 00 00 48 8b fa
0x00007ff9055afead:   4e 8b 0c c8 42 8b 04 09 39 05 7d b0 e7 02 0f 8f
0x00007ff9055afebd:   a2 00 00 00 c6 44 24 38 00 48 8d 44 24 40 48 89
0x00007ff9055afecd:   44 24 30 4c 8d 0d 59 b0 e7 02 48 c7 44 24 28 00
0x00007ff9055afedd:   00 00 00 48 8d 54 24 78 4c 8b c3 48 c7 44 24 20
0x00007ff9055afeed:   00 00 00 00 48 8b ce c6 44 24 40 00 c6 44 24 42
0x00007ff9055afefd:   00 c6 44 24 46 00 c6 44 24 48 00 c6 44 24 4c 00
0x00007ff9055aff0d:   c6 44 24 4e 00 e8 d9 2c 00 00 48 8b 08 48 89 0f
0x00007ff9055aff1d:   ff 01 48 8b 5c 24 78 48 c7 44 24 78 00 00 00 00
0x00007ff9055aff2d:   48 85 db 74 1b 8b 03 83 e8 01 74 04 89 03 eb 10
0x00007ff9055aff3d:   48 8b cb e8 2b 0d 00 00 48 8b cb e8 53 35 b9 00
0x00007ff9055aff4d:   48 8b 5c 24 70 48 8b c7 48 8b b4 24 80 00 00 00
0x00007ff9055aff5d:   48 83 c4 60 5f c3 48 8d 0d ce af e7 02 e8 fd 99
0x00007ff9055aff6d:   e1 00 83 3d c2 af e7 02 ff 0f 85 45 ff ff ff 48
0x00007ff9055aff7d:   8d 15 39 92 f9 00 48 8d 4c 24 78 e8 43 a8 ba 00
0x00007ff9055aff8d:   48 8b 44 24 78 48 8d 0d d7 d6 e1 00 48 89 05 90
0x00007ff9055aff9d:   af e7 02 e8 7f 9f e1 00 48 8d 0d 8c af e7 02 e8
0x00007ff9055affad:   5b 99 e1 00 e9 0b ff ff ff cc cc cc cc cc cc cc
0x00007ff9055affbd:   cc cc cc 40 53 48 83 ec 20 49 8b c0 48 8b da 48
0x00007ff9055affcd:   8b d0 48 8b cb 4d 8b c1 e8 a6 69 dd ff 48 8b c3
0x00007ff9055affdd:   48 83 c4 20 5b c3 cc cc cc cc cc cc cc cc cc cc
0x00007ff9055affed:   cc cc cc 48 8d 05 59 cb e8 02 c3 cc cc cc cc cc
0x00007ff9055afffd:   cc cc cc 48 89 5c 24 18 57 48 83 ec 30 48 8b 05
0x00007ff9055b000d:   0f 5c e6 02 48 33 c4 48 89 44 24 28 48 8b 3a 48 


Stack slot to memory mapping:
stack at sp + 0 slots: 0x0000024aa8e02b88 points into unknown readable memory: 0x0000000000000000 | 00 00 00 00 00 00 00 00
stack at sp + 1 slots: 0x0000024affc82040 points into unknown readable memory: 0x005c003f00000002 | 02 00 00 00 3f 00 5c 00
stack at sp + 2 slots: 0x00007ff90842b0e0 points into unknown readable memory: 0x00007ff9063d5190 | 90 51 3d 06 f9 7f 00 00
stack at sp + 3 slots: 0x000000e7d0a8c748 is pointing into the stack for thread: 0x0000024aa0ffd0c0
stack at sp + 4 slots: 0x0 is NULL
stack at sp + 5 slots: 0x0 is NULL
stack at sp + 6 slots: 0x000000e7d0a8c6f0 is pointing into the stack for thread: 0x0000024aa0ffd0c0
stack at sp + 7 slots: 0x000000e7d0a8c700 is pointing into the stack for thread: 0x0000024aa0ffd0c0


---------------  P R O C E S S  ---------------

Threads class SMR info:
_java_thread_list=0x0000024aa9546260, length=26, elements={
0x0000024aff0f65d0, 0x0000024aff0f7490, 0x0000024aff101fa0, 0x0000024aff1049c0,
0x0000024aff1053c0, 0x0000024aff10ddd0, 0x0000024aff1128c0, 0x0000024aff1133b0,
0x0000024affc10060, 0x0000024affd4a630, 0x0000024affd554a0, 0x0000024affd7a250,
0x0000024aa0f9b190, 0x0000024aa0fc5710, 0x0000024aa8476fa0, 0x0000024aa0ffd0c0,
0x0000024aa0ffb0e0, 0x0000024aa0ffb630, 0x0000024aa0ffc0d0, 0x0000024aa0ffcb70,
0x0000024aa89d1550, 0x0000024aa89d6fa0, 0x0000024aa89d1aa0, 0x0000024affe2a3b0,
0x0000024aa100d860, 0x0000024aa89d4a70
}

Java Threads: ( => current thread )
  0x0000024aff0f65d0 JavaThread "Reference Handler" daemon [_thread_blocked, id=6240, stack(0x000000e7cf200000,0x000000e7cf300000)]
  0x0000024aff0f7490 JavaThread "Finalizer" daemon [_thread_blocked, id=20652, stack(0x000000e7cf300000,0x000000e7cf400000)]
  0x0000024aff101fa0 JavaThread "Signal Dispatcher" daemon [_thread_blocked, id=15324, stack(0x000000e7cf400000,0x000000e7cf500000)]
  0x0000024aff1049c0 JavaThread "Attach Listener" daemon [_thread_blocked, id=22596, stack(0x000000e7cf500000,0x000000e7cf600000)]
  0x0000024aff1053c0 JavaThread "Service Thread" daemon [_thread_blocked, id=2932, stack(0x000000e7cf600000,0x000000e7cf700000)]
  0x0000024aff10ddd0 JavaThread "Monitor Deflation Thread" daemon [_thread_blocked, id=24476, stack(0x000000e7cf700000,0x000000e7cf800000)]
  0x0000024aff1128c0 JavaThread "C2 CompilerThread0" daemon [_thread_in_native, id=26096, stack(0x000000e7cf800000,0x000000e7cf900000)]
  0x0000024aff1133b0 JavaThread "C1 CompilerThread0" daemon [_thread_blocked, id=17032, stack(0x000000e7cf900000,0x000000e7cfa00000)]
  0x0000024affc10060 JavaThread "Sweeper thread" daemon [_thread_blocked, id=25024, stack(0x000000e7cfa00000,0x000000e7cfb00000)]
  0x0000024affd4a630 JavaThread "JDWP Event Helper Thread" daemon [_thread_blocked, id=24448, stack(0x000000e7cfc00000,0x000000e7cfd00000)]
  0x0000024affd554a0 JavaThread "Notification Thread" daemon [_thread_blocked, id=7384, stack(0x000000e7cfe00000,0x000000e7cff00000)]
  0x0000024affd7a250 JavaThread "Common-Cleaner" daemon [_thread_blocked, id=24360, stack(0x000000e7d0000000,0x000000e7d0100000)]
  0x0000024aa0f9b190 JavaThread "Java2D Disposer" daemon [_thread_blocked, id=10512, stack(0x000000e7d0200000,0x000000e7d0300000)]
  0x0000024aa0fc5710 JavaThread "AWT-Shutdown" [_thread_blocked, id=21092, stack(0x000000e7d0300000,0x000000e7d0400000)]
  0x0000024aa8476fa0 JavaThread "InvokeLaterDispatcher" daemon [_thread_blocked, id=17352, stack(0x000000e7d0890000,0x000000e7d0990000)]
=>0x0000024aa0ffd0c0 JavaThread "JavaFX Application Thread" [_thread_in_native, id=18448, stack(0x000000e7d0990000,0x000000e7d0a90000)]
  0x0000024aa0ffb0e0 JavaThread "Thread-2" daemon [_thread_in_native, id=14672, stack(0x000000e7d0100000,0x000000e7d0200000)]
  0x0000024aa0ffb630 JavaThread "AWT-EventQueue-0" [_thread_blocked, id=2336, stack(0x000000e7d0af0000,0x000000e7d0bf0000)]
  0x0000024aa0ffc0d0 JavaThread "SwingWorker-pool-2-thread-1" daemon [_thread_blocked, id=25908, stack(0x000000e7d0bf0000,0x000000e7d0cf0000)]
  0x0000024aa0ffcb70 JavaThread "TimerQueue" daemon [_thread_blocked, id=22320, stack(0x000000e7d0cf0000,0x000000e7d0df0000)]
  0x0000024aa89d1550 JavaThread "DestroyJavaVM" [_thread_blocked, id=24748, stack(0x000000e7ceb00000,0x000000e7cec00000)]
  0x0000024aa89d6fa0 JavaThread "Thread-16" [_thread_in_native, id=24968, stack(0x000000e7d1a40000,0x000000e7d1b40000)]
  0x0000024aa89d1aa0 JavaThread "Thread-18" [_thread_in_Java, id=25676, stack(0x000000e7d1240000,0x000000e7d1340000)]
  0x0000024affe2a3b0 JavaThread "C2 CompilerThread1" daemon [_thread_in_native, id=21872, stack(0x000000e7cfb00000,0x000000e7cfc00000)]
  0x0000024aa100d860 JavaThread "C2 CompilerThread2" daemon [_thread_in_native, id=152, stack(0x000000e7d0500000,0x000000e7d0600000)]
  0x0000024aa89d4a70 JavaThread "SIGINT handler" daemon [_thread_blocked, id=23768, stack(0x000000e7d1b40000,0x000000e7d1c40000)]

Other Threads:
  0x0000024aff0f1580 VMThread "VM Thread" [stack: 0x000000e7cf100000,0x000000e7cf200000] [id=23708]
  0x0000024affd565d0 WatcherThread [stack: 0x000000e7cff00000,0x000000e7d0000000] [id=26164]
  0x0000024af1ca4360 GCTaskThread "GC Thread#0" [stack: 0x000000e7cec00000,0x000000e7ced00000] [id=26620]
  0x0000024aa8a57c40 GCTaskThread "GC Thread#1" [stack: 0x000000e7d1340000,0x000000e7d1440000] [id=8332]
  0x0000024aa8a58b90 GCTaskThread "GC Thread#2" [stack: 0x000000e7d1440000,0x000000e7d1540000] [id=11956]
  0x0000024aa8a535d0 GCTaskThread "GC Thread#3" [stack: 0x000000e7d1540000,0x000000e7d1640000] [id=6220]
  0x0000024aa8a5ad40 GCTaskThread "GC Thread#4" [stack: 0x000000e7d1640000,0x000000e7d1740000] [id=1884]
  0x0000024aa8a563c0 GCTaskThread "GC Thread#5" [stack: 0x000000e7d1740000,0x000000e7d1840000] [id=23376]
  0x0000024aa8a5b050 GCTaskThread "GC Thread#6" [stack: 0x000000e7d1840000,0x000000e7d1940000] [id=26156]
  0x0000024aa8a58880 GCTaskThread "GC Thread#7" [stack: 0x000000e7d1940000,0x000000e7d1a40000] [id=6756]
  0x0000024af1cb6b90 ConcurrentGCThread "G1 Main Marker" [stack: 0x000000e7ced00000,0x000000e7cee00000] [id=10988]
  0x0000024af1cb7680 ConcurrentGCThread "G1 Conc#0" [stack: 0x000000e7cee00000,0x000000e7cef00000] [id=26504]
  0x0000024afefa24d0 ConcurrentGCThread "G1 Refine#0" [stack: 0x000000e7cef00000,0x000000e7cf000000] [id=8380]
  0x0000024aa851acd0 ConcurrentGCThread "G1 Refine#1" [stack: 0x000000e7d1d40000,0x000000e7d1e40000] [id=10216]
  0x0000024aa851b350 ConcurrentGCThread "G1 Refine#2" [stack: 0x000000e7d1e40000,0x000000e7d1f40000] [id=15176]
  0x0000024aa851b690 ConcurrentGCThread "G1 Refine#3" [stack: 0x000000e7d1f40000,0x000000e7d2040000] [id=20520]
  0x0000024aa8519c90 ConcurrentGCThread "G1 Refine#4" [stack: 0x000000e7d2040000,0x000000e7d2140000] [id=24152]
  0x0000024aa851a310 ConcurrentGCThread "G1 Refine#5" [stack: 0x000000e7d2140000,0x000000e7d2240000] [id=4924]
  0x0000024afefa2fd0 ConcurrentGCThread "G1 Service" [stack: 0x000000e7cf000000,0x000000e7cf100000] [id=21636]

Threads with active compile tasks:
C2 CompilerThread0    50865 2470       4       org.alicebot.ab.NodemapperOperator::get (37 bytes)
C2 CompilerThread1    50865 2472       4       org.alicebot.ab.Graphmaster::addCategory (44 bytes)
C2 CompilerThread2    50865 2461       4       org.alicebot.ab.Graphmaster::addPath (299 bytes)

VM state: not at safepoint (normal execution)

VM Mutex/Monitor currently owned by a thread: None

Heap address: 0x0000000601800000, size: 8168 MB, Compressed Oops mode: Zero based, Oop shift amount: 3
CDS archive(s) mapped at: [0x0000000800000000-0x0000000800bb0000-0x0000000800bb0000), size 12255232, SharedBaseAddress: 0x0000000800000000, ArchiveRelocationMode: 0.
Compressed class space mapped at: 0x0000000800c00000-0x0000000840c00000, reserved size: 1073741824
Narrow klass base: 0x0000000800000000, Narrow klass shift: 3, Narrow klass range: 0x100000000

GC Precious Log:
 CPUs: 8 total, 8 available
 Memory: 32670M
 Large Page Support: Disabled
 NUMA Support: Disabled
 Compressed Oops: Enabled (Zero based)
 Heap Region Size: 4M
 Heap Min Capacity: 8M
 Heap Initial Capacity: 512M
 Heap Max Capacity: 8168M
 Pre-touch: Disabled
 Parallel Workers: 8
 Concurrent Workers: 2
 Concurrent Refinement Workers: 8
 Periodic GC: Disabled

Heap:
 garbage-first heap   total 524288K, used 67964K [0x0000000601800000, 0x0000000800000000)
  region size 4096K, 11 young (45056K), 3 survivors (12288K)
 Metaspace       used 17078K, committed 17344K, reserved 1064960K
  class space    used 1938K, committed 2048K, reserved 1048576K

Heap Regions: E=young(eden), S=young(survivor), O=old, HS=humongous(starts), HC=humongous(continues), CS=collection set, F=free, OA=open archive, CA=closed archive, TAMS=top-at-mark-start (previous, next)
|   0|0x0000000601800000, 0x0000000601c00000, 0x0000000601c00000|100%| O|  |TAMS 0x0000000601800000, 0x0000000601800000| Untracked 
|   1|0x0000000601c00000, 0x0000000602000000, 0x0000000602000000|100%| O|  |TAMS 0x0000000601c00000, 0x0000000601c00000| Untracked 
|   2|0x0000000602000000, 0x0000000602400000, 0x0000000602400000|100%| O|  |TAMS 0x0000000602000000, 0x0000000602000000| Untracked 
|   3|0x0000000602400000, 0x0000000602800000, 0x0000000602800000|100%| O|  |TAMS 0x0000000602400000, 0x0000000602400000| Untracked 
|   4|0x0000000602800000, 0x0000000602c00000, 0x0000000602c00000|100%| O|  |TAMS 0x0000000602800000, 0x0000000602800000| Untracked 
|   5|0x0000000602c00000, 0x0000000603000000, 0x0000000603000000|100%| O|  |TAMS 0x0000000602c00000, 0x0000000602c00000| Untracked 
|   6|0x0000000603000000, 0x000000060325f000, 0x0000000603400000| 59%| O|  |TAMS 0x0000000603000000, 0x0000000603000000| Untracked 
|   7|0x0000000603400000, 0x0000000603400000, 0x0000000603800000|  0%| F|  |TAMS 0x0000000603400000, 0x0000000603400000| Untracked 
|   8|0x0000000603800000, 0x0000000603800000, 0x0000000603c00000|  0%| F|  |TAMS 0x0000000603800000, 0x0000000603800000| Untracked 
|   9|0x0000000603c00000, 0x0000000603c00000, 0x0000000604000000|  0%| F|  |TAMS 0x0000000603c00000, 0x0000000603c00000| Untracked 
|  10|0x0000000604000000, 0x0000000604000000, 0x0000000604400000|  0%| F|  |TAMS 0x0000000604000000, 0x0000000604000000| Untracked 
|  11|0x0000000604400000, 0x0000000604400000, 0x0000000604800000|  0%| F|  |TAMS 0x0000000604400000, 0x0000000604400000| Untracked 
|  12|0x0000000604800000, 0x0000000604800000, 0x0000000604c00000|  0%| F|  |TAMS 0x0000000604800000, 0x0000000604800000| Untracked 
|  13|0x0000000604c00000, 0x0000000604c00000, 0x0000000605000000|  0%| F|  |TAMS 0x0000000604c00000, 0x0000000604c00000| Untracked 
|  14|0x0000000605000000, 0x0000000605000000, 0x0000000605400000|  0%| F|  |TAMS 0x0000000605000000, 0x0000000605000000| Untracked 
|  15|0x0000000605400000, 0x0000000605400000, 0x0000000605800000|  0%| F|  |TAMS 0x0000000605400000, 0x0000000605400000| Untracked 
|  16|0x0000000605800000, 0x0000000605800000, 0x0000000605c00000|  0%| F|  |TAMS 0x0000000605800000, 0x0000000605800000| Untracked 
|  17|0x0000000605c00000, 0x0000000605c00000, 0x0000000606000000|  0%| F|  |TAMS 0x0000000605c00000, 0x0000000605c00000| Untracked 
|  18|0x0000000606000000, 0x0000000606000000, 0x0000000606400000|  0%| F|  |TAMS 0x0000000606000000, 0x0000000606000000| Untracked 
|  19|0x0000000606400000, 0x0000000606400000, 0x0000000606800000|  0%| F|  |TAMS 0x0000000606400000, 0x0000000606400000| Untracked 
|  20|0x0000000606800000, 0x0000000606800000, 0x0000000606c00000|  0%| F|  |TAMS 0x0000000606800000, 0x0000000606800000| Untracked 
|  21|0x0000000606c00000, 0x0000000606c00000, 0x0000000607000000|  0%| F|  |TAMS 0x0000000606c00000, 0x0000000606c00000| Untracked 
|  22|0x0000000607000000, 0x0000000607000000, 0x0000000607400000|  0%| F|  |TAMS 0x0000000607000000, 0x0000000607000000| Untracked 
|  23|0x0000000607400000, 0x0000000607400000, 0x0000000607800000|  0%| F|  |TAMS 0x0000000607400000, 0x0000000607400000| Untracked 
|  24|0x0000000607800000, 0x0000000607800000, 0x0000000607c00000|  0%| F|  |TAMS 0x0000000607800000, 0x0000000607800000| Untracked 
|  25|0x0000000607c00000, 0x0000000607c00000, 0x0000000608000000|  0%| F|  |TAMS 0x0000000607c00000, 0x0000000607c00000| Untracked 
|  26|0x0000000608000000, 0x0000000608000000, 0x0000000608400000|  0%| F|  |TAMS 0x0000000608000000, 0x0000000608000000| Untracked 
|  27|0x0000000608400000, 0x0000000608400000, 0x0000000608800000|  0%| F|  |TAMS 0x0000000608400000, 0x0000000608400000| Untracked 
|  28|0x0000000608800000, 0x0000000608800000, 0x0000000608c00000|  0%| F|  |TAMS 0x0000000608800000, 0x0000000608800000| Untracked 
|  29|0x0000000608c00000, 0x0000000608c00000, 0x0000000609000000|  0%| F|  |TAMS 0x0000000608c00000, 0x0000000608c00000| Untracked 
|  30|0x0000000609000000, 0x0000000609000000, 0x0000000609400000|  0%| F|  |TAMS 0x0000000609000000, 0x0000000609000000| Untracked 
|  31|0x0000000609400000, 0x0000000609400000, 0x0000000609800000|  0%| F|  |TAMS 0x0000000609400000, 0x0000000609400000| Untracked 
|  32|0x0000000609800000, 0x0000000609800000, 0x0000000609c00000|  0%| F|  |TAMS 0x0000000609800000, 0x0000000609800000| Untracked 
|  33|0x0000000609c00000, 0x0000000609c00000, 0x000000060a000000|  0%| F|  |TAMS 0x0000000609c00000, 0x0000000609c00000| Untracked 
|  34|0x000000060a000000, 0x000000060a000000, 0x000000060a400000|  0%| F|  |TAMS 0x000000060a000000, 0x000000060a000000| Untracked 
|  35|0x000000060a400000, 0x000000060a400000, 0x000000060a800000|  0%| F|  |TAMS 0x000000060a400000, 0x000000060a400000| Untracked 
|  36|0x000000060a800000, 0x000000060a800000, 0x000000060ac00000|  0%| F|  |TAMS 0x000000060a800000, 0x000000060a800000| Untracked 
|  37|0x000000060ac00000, 0x000000060ac00000, 0x000000060b000000|  0%| F|  |TAMS 0x000000060ac00000, 0x000000060ac00000| Untracked 
|  38|0x000000060b000000, 0x000000060b000000, 0x000000060b400000|  0%| F|  |TAMS 0x000000060b000000, 0x000000060b000000| Untracked 
|  39|0x000000060b400000, 0x000000060b400000, 0x000000060b800000|  0%| F|  |TAMS 0x000000060b400000, 0x000000060b400000| Untracked 
|  40|0x000000060b800000, 0x000000060b800000, 0x000000060bc00000|  0%| F|  |TAMS 0x000000060b800000, 0x000000060b800000| Untracked 
|  41|0x000000060bc00000, 0x000000060bc00000, 0x000000060c000000|  0%| F|  |TAMS 0x000000060bc00000, 0x000000060bc00000| Untracked 
|  42|0x000000060c000000, 0x000000060c000000, 0x000000060c400000|  0%| F|  |TAMS 0x000000060c000000, 0x000000060c000000| Untracked 
|  43|0x000000060c400000, 0x000000060c400000, 0x000000060c800000|  0%| F|  |TAMS 0x000000060c400000, 0x000000060c400000| Untracked 
|  44|0x000000060c800000, 0x000000060c800000, 0x000000060cc00000|  0%| F|  |TAMS 0x000000060c800000, 0x000000060c800000| Untracked 
|  45|0x000000060cc00000, 0x000000060cc00000, 0x000000060d000000|  0%| F|  |TAMS 0x000000060cc00000, 0x000000060cc00000| Untracked 
|  46|0x000000060d000000, 0x000000060d000000, 0x000000060d400000|  0%| F|  |TAMS 0x000000060d000000, 0x000000060d000000| Untracked 
|  47|0x000000060d400000, 0x000000060d400000, 0x000000060d800000|  0%| F|  |TAMS 0x000000060d400000, 0x000000060d400000| Untracked 
|  48|0x000000060d800000, 0x000000060d800000, 0x000000060dc00000|  0%| F|  |TAMS 0x000000060d800000, 0x000000060d800000| Untracked 
|  49|0x000000060dc00000, 0x000000060dc00000, 0x000000060e000000|  0%| F|  |TAMS 0x000000060dc00000, 0x000000060dc00000| Untracked 
|  50|0x000000060e000000, 0x000000060e000000, 0x000000060e400000|  0%| F|  |TAMS 0x000000060e000000, 0x000000060e000000| Untracked 
|  51|0x000000060e400000, 0x000000060e400000, 0x000000060e800000|  0%| F|  |TAMS 0x000000060e400000, 0x000000060e400000| Untracked 
|  52|0x000000060e800000, 0x000000060e800000, 0x000000060ec00000|  0%| F|  |TAMS 0x000000060e800000, 0x000000060e800000| Untracked 
|  53|0x000000060ec00000, 0x000000060ec00000, 0x000000060f000000|  0%| F|  |TAMS 0x000000060ec00000, 0x000000060ec00000| Untracked 
|  54|0x000000060f000000, 0x000000060f000000, 0x000000060f400000|  0%| F|  |TAMS 0x000000060f000000, 0x000000060f000000| Untracked 
|  55|0x000000060f400000, 0x000000060f400000, 0x000000060f800000|  0%| F|  |TAMS 0x000000060f400000, 0x000000060f400000| Untracked 
|  56|0x000000060f800000, 0x000000060f800000, 0x000000060fc00000|  0%| F|  |TAMS 0x000000060f800000, 0x000000060f800000| Untracked 
|  57|0x000000060fc00000, 0x000000060fc00000, 0x0000000610000000|  0%| F|  |TAMS 0x000000060fc00000, 0x000000060fc00000| Untracked 
|  58|0x0000000610000000, 0x0000000610000000, 0x0000000610400000|  0%| F|  |TAMS 0x0000000610000000, 0x0000000610000000| Untracked 
|  59|0x0000000610400000, 0x0000000610400000, 0x0000000610800000|  0%| F|  |TAMS 0x0000000610400000, 0x0000000610400000| Untracked 
|  60|0x0000000610800000, 0x0000000610800000, 0x0000000610c00000|  0%| F|  |TAMS 0x0000000610800000, 0x0000000610800000| Untracked 
|  61|0x0000000610c00000, 0x0000000610c00000, 0x0000000611000000|  0%| F|  |TAMS 0x0000000610c00000, 0x0000000610c00000| Untracked 
|  62|0x0000000611000000, 0x0000000611000000, 0x0000000611400000|  0%| F|  |TAMS 0x0000000611000000, 0x0000000611000000| Untracked 
|  63|0x0000000611400000, 0x0000000611400000, 0x0000000611800000|  0%| F|  |TAMS 0x0000000611400000, 0x0000000611400000| Untracked 
|  64|0x0000000611800000, 0x0000000611800000, 0x0000000611c00000|  0%| F|  |TAMS 0x0000000611800000, 0x0000000611800000| Untracked 
|  65|0x0000000611c00000, 0x0000000611c00000, 0x0000000612000000|  0%| F|  |TAMS 0x0000000611c00000, 0x0000000611c00000| Untracked 
|  66|0x0000000612000000, 0x0000000612000000, 0x0000000612400000|  0%| F|  |TAMS 0x0000000612000000, 0x0000000612000000| Untracked 
|  67|0x0000000612400000, 0x0000000612400000, 0x0000000612800000|  0%| F|  |TAMS 0x0000000612400000, 0x0000000612400000| Untracked 
|  68|0x0000000612800000, 0x0000000612800000, 0x0000000612c00000|  0%| F|  |TAMS 0x0000000612800000, 0x0000000612800000| Untracked 
|  69|0x0000000612c00000, 0x0000000612c00000, 0x0000000613000000|  0%| F|  |TAMS 0x0000000612c00000, 0x0000000612c00000| Untracked 
|  70|0x0000000613000000, 0x0000000613000000, 0x0000000613400000|  0%| F|  |TAMS 0x0000000613000000, 0x0000000613000000| Untracked 
|  71|0x0000000613400000, 0x0000000613400000, 0x0000000613800000|  0%| F|  |TAMS 0x0000000613400000, 0x0000000613400000| Untracked 
|  72|0x0000000613800000, 0x0000000613800000, 0x0000000613c00000|  0%| F|  |TAMS 0x0000000613800000, 0x0000000613800000| Untracked 
|  73|0x0000000613c00000, 0x0000000613c00000, 0x0000000614000000|  0%| F|  |TAMS 0x0000000613c00000, 0x0000000613c00000| Untracked 
|  74|0x0000000614000000, 0x0000000614000000, 0x0000000614400000|  0%| F|  |TAMS 0x0000000614000000, 0x0000000614000000| Untracked 
|  75|0x0000000614400000, 0x0000000614400000, 0x0000000614800000|  0%| F|  |TAMS 0x0000000614400000, 0x0000000614400000| Untracked 
|  76|0x0000000614800000, 0x0000000614800000, 0x0000000614c00000|  0%| F|  |TAMS 0x0000000614800000, 0x0000000614800000| Untracked 
|  77|0x0000000614c00000, 0x0000000614c00000, 0x0000000615000000|  0%| F|  |TAMS 0x0000000614c00000, 0x0000000614c00000| Untracked 
|  78|0x0000000615000000, 0x0000000615000000, 0x0000000615400000|  0%| F|  |TAMS 0x0000000615000000, 0x0000000615000000| Untracked 
|  79|0x0000000615400000, 0x0000000615400000, 0x0000000615800000|  0%| F|  |TAMS 0x0000000615400000, 0x0000000615400000| Untracked 
|  80|0x0000000615800000, 0x0000000615800000, 0x0000000615c00000|  0%| F|  |TAMS 0x0000000615800000, 0x0000000615800000| Untracked 
|  81|0x0000000615c00000, 0x0000000615c00000, 0x0000000616000000|  0%| F|  |TAMS 0x0000000615c00000, 0x0000000615c00000| Untracked 
|  82|0x0000000616000000, 0x0000000616000000, 0x0000000616400000|  0%| F|  |TAMS 0x0000000616000000, 0x0000000616000000| Untracked 
|  83|0x0000000616400000, 0x0000000616400000, 0x0000000616800000|  0%| F|  |TAMS 0x0000000616400000, 0x0000000616400000| Untracked 
|  84|0x0000000616800000, 0x0000000616800000, 0x0000000616c00000|  0%| F|  |TAMS 0x0000000616800000, 0x0000000616800000| Untracked 
|  85|0x0000000616c00000, 0x0000000616c00000, 0x0000000617000000|  0%| F|  |TAMS 0x0000000616c00000, 0x0000000616c00000| Untracked 
|  86|0x0000000617000000, 0x0000000617000000, 0x0000000617400000|  0%| F|  |TAMS 0x0000000617000000, 0x0000000617000000| Untracked 
|  87|0x0000000617400000, 0x0000000617400000, 0x0000000617800000|  0%| F|  |TAMS 0x0000000617400000, 0x0000000617400000| Untracked 
|  88|0x0000000617800000, 0x0000000617800000, 0x0000000617c00000|  0%| F|  |TAMS 0x0000000617800000, 0x0000000617800000| Untracked 
|  89|0x0000000617c00000, 0x0000000617c00000, 0x0000000618000000|  0%| F|  |TAMS 0x0000000617c00000, 0x0000000617c00000| Untracked 
|  90|0x0000000618000000, 0x0000000618000000, 0x0000000618400000|  0%| F|  |TAMS 0x0000000618000000, 0x0000000618000000| Untracked 
|  91|0x0000000618400000, 0x0000000618400000, 0x0000000618800000|  0%| F|  |TAMS 0x0000000618400000, 0x0000000618400000| Untracked 
|  92|0x0000000618800000, 0x0000000618800000, 0x0000000618c00000|  0%| F|  |TAMS 0x0000000618800000, 0x0000000618800000| Untracked 
|  93|0x0000000618c00000, 0x0000000618c00000, 0x0000000619000000|  0%| F|  |TAMS 0x0000000618c00000, 0x0000000618c00000| Untracked 
|  94|0x0000000619000000, 0x0000000619000000, 0x0000000619400000|  0%| F|  |TAMS 0x0000000619000000, 0x0000000619000000| Untracked 
|  95|0x0000000619400000, 0x0000000619400000, 0x0000000619800000|  0%| F|  |TAMS 0x0000000619400000, 0x0000000619400000| Untracked 
|  96|0x0000000619800000, 0x0000000619800000, 0x0000000619c00000|  0%| F|  |TAMS 0x0000000619800000, 0x0000000619800000| Untracked 
|  97|0x0000000619c00000, 0x0000000619c00000, 0x000000061a000000|  0%| F|  |TAMS 0x0000000619c00000, 0x0000000619c00000| Untracked 
|  98|0x000000061a000000, 0x000000061a000000, 0x000000061a400000|  0%| F|  |TAMS 0x000000061a000000, 0x000000061a000000| Untracked 
|  99|0x000000061a400000, 0x000000061a400000, 0x000000061a800000|  0%| F|  |TAMS 0x000000061a400000, 0x000000061a400000| Untracked 
| 100|0x000000061a800000, 0x000000061a800000, 0x000000061ac00000|  0%| F|  |TAMS 0x000000061a800000, 0x000000061a800000| Untracked 
| 101|0x000000061ac00000, 0x000000061ac00000, 0x000000061b000000|  0%| F|  |TAMS 0x000000061ac00000, 0x000000061ac00000| Untracked 
| 102|0x000000061b000000, 0x000000061b000000, 0x000000061b400000|  0%| F|  |TAMS 0x000000061b000000, 0x000000061b000000| Untracked 
| 103|0x000000061b400000, 0x000000061b800000, 0x000000061b800000|100%| S|CS|TAMS 0x000000061b400000, 0x000000061b400000| Complete 
| 104|0x000000061b800000, 0x000000061bc00000, 0x000000061bc00000|100%| S|CS|TAMS 0x000000061b800000, 0x000000061b800000| Complete 
| 105|0x000000061bc00000, 0x000000061c000000, 0x000000061c000000|100%| S|CS|TAMS 0x000000061bc00000, 0x000000061bc00000| Complete 
| 106|0x000000061c000000, 0x000000061c000000, 0x000000061c400000|  0%| F|  |TAMS 0x000000061c000000, 0x000000061c000000| Untracked 
| 107|0x000000061c400000, 0x000000061c400000, 0x000000061c800000|  0%| F|  |TAMS 0x000000061c400000, 0x000000061c400000| Untracked 
| 108|0x000000061c800000, 0x000000061c800000, 0x000000061cc00000|  0%| F|  |TAMS 0x000000061c800000, 0x000000061c800000| Untracked 
| 109|0x000000061cc00000, 0x000000061cc00000, 0x000000061d000000|  0%| F|  |TAMS 0x000000061cc00000, 0x000000061cc00000| Untracked 
| 110|0x000000061d000000, 0x000000061d000000, 0x000000061d400000|  0%| F|  |TAMS 0x000000061d000000, 0x000000061d000000| Untracked 
| 111|0x000000061d400000, 0x000000061d400000, 0x000000061d800000|  0%| F|  |TAMS 0x000000061d400000, 0x000000061d400000| Untracked 
| 112|0x000000061d800000, 0x000000061d800000, 0x000000061dc00000|  0%| F|  |TAMS 0x000000061d800000, 0x000000061d800000| Untracked 
| 113|0x000000061dc00000, 0x000000061dc00000, 0x000000061e000000|  0%| F|  |TAMS 0x000000061dc00000, 0x000000061dc00000| Untracked 
| 114|0x000000061e000000, 0x000000061e000000, 0x000000061e400000|  0%| F|  |TAMS 0x000000061e000000, 0x000000061e000000| Untracked 
| 115|0x000000061e400000, 0x000000061e400000, 0x000000061e800000|  0%| F|  |TAMS 0x000000061e400000, 0x000000061e400000| Untracked 
| 116|0x000000061e800000, 0x000000061e800000, 0x000000061ec00000|  0%| F|  |TAMS 0x000000061e800000, 0x000000061e800000| Untracked 
| 117|0x000000061ec00000, 0x000000061ec00000, 0x000000061f000000|  0%| F|  |TAMS 0x000000061ec00000, 0x000000061ec00000| Untracked 
| 118|0x000000061f000000, 0x000000061f1bc168, 0x000000061f400000| 43%| E|  |TAMS 0x000000061f000000, 0x000000061f000000| Complete 
| 119|0x000000061f400000, 0x000000061f800000, 0x000000061f800000|100%| E|CS|TAMS 0x000000061f400000, 0x000000061f400000| Complete 
| 120|0x000000061f800000, 0x000000061fc00000, 0x000000061fc00000|100%| E|CS|TAMS 0x000000061f800000, 0x000000061f800000| Complete 
| 121|0x000000061fc00000, 0x0000000620000000, 0x0000000620000000|100%| E|CS|TAMS 0x000000061fc00000, 0x000000061fc00000| Complete 
| 122|0x0000000620000000, 0x0000000620400000, 0x0000000620400000|100%| E|CS|TAMS 0x0000000620000000, 0x0000000620000000| Complete 
| 123|0x0000000620400000, 0x0000000620800000, 0x0000000620800000|100%| E|CS|TAMS 0x0000000620400000, 0x0000000620400000| Complete 
| 124|0x0000000620800000, 0x0000000620c00000, 0x0000000620c00000|100%| E|CS|TAMS 0x0000000620800000, 0x0000000620800000| Complete 
| 125|0x0000000620c00000, 0x0000000621000000, 0x0000000621000000|100%| E|CS|TAMS 0x0000000620c00000, 0x0000000620c00000| Complete 
| 126|0x0000000621000000, 0x0000000621400000, 0x0000000621400000|100%| E|CS|TAMS 0x0000000621000000, 0x0000000621000000| Complete 
| 127|0x0000000621400000, 0x0000000621800000, 0x0000000621800000|100%| E|CS|TAMS 0x0000000621400000, 0x0000000621400000| Complete 

Card table byte_map: [0x0000024afc600000,0x0000024afd600000] _byte_map_base: 0x0000024af95f4000

Marking Bits (Prev, Next): (CMBitMap*) 0x0000024af1ca4a50, (CMBitMap*) 0x0000024af1ca4a90
 Prev Bits: [0x0000024a8f000000, 0x0000024a96fa0000)
 Next Bits: [0x0000024a96fa0000, 0x0000024a9ef40000)

Polling page: 0x0000024af1d10000

Metaspace:

Usage:
  Non-class:     14.92 MB used.
      Class:      1.91 MB used.
       Both:     16.83 MB used.

Virtual space:
  Non-class space:       16.00 MB reserved,      15.06 MB ( 94%) committed,  2 nodes.
      Class space:        1.00 GB reserved,       2.06 MB ( <1%) committed,  1 nodes.
              Both:        1.02 GB reserved,      17.12 MB (  2%) committed. 

Chunk freelists:
   Non-Class:  784.00 KB
       Class:  1.81 MB
        Both:  2.58 MB

MaxMetaspaceSize: 17179869184.00 GB
CompressedClassSpaceSize: 1.00 GB
 - commit_granule_bytes: 65536.
 - commit_granule_words: 8192.
 - virtual_space_node_default_size: 1048576.
 - enlarge_chunks_in_place: 1.
 - new_chunks_are_fully_committed: 0.
 - uncommit_free_chunks: 1.
 - use_allocation_guard: 0.
 - handle_deallocations: 1.


Internal statistics:

num_allocs_failed_limit: 0.
num_arena_births: 394.
num_arena_deaths: 0.
num_vsnodes_births: 3.
num_vsnodes_deaths: 0.
num_space_committed: 274.
num_space_uncommitted: 0.
num_chunks_returned_to_freelist: 0.
num_chunks_taken_from_freelist: 710.
num_chunk_merges: 0.
num_chunk_splits: 457.
num_chunks_enlarged: 278.
num_purges: 0.

CodeHeap 'non-profiled nmethods': size=120000Kb used=1228Kb max_used=1228Kb free=118771Kb
 bounds [0x0000024a87ad0000, 0x0000024a87d40000, 0x0000024a8f000000]
CodeHeap 'profiled nmethods': size=120000Kb used=4730Kb max_used=4730Kb free=115269Kb
 bounds [0x0000024a805a0000, 0x0000024a80a40000, 0x0000024a87ad0000]
CodeHeap 'non-nmethods': size=5760Kb used=1535Kb max_used=1599Kb free=4224Kb
 bounds [0x0000024a80000000, 0x0000024a80270000, 0x0000024a805a0000]
 total_blobs=3292 nmethods=2457 adapters=747
 compilation: enabled
              stopped_count=0, restarted_count=0
 full_count=0

Compilation events (20 events):
Event: 50.452 Thread 0x0000024affe2a3b0 2314       4       java.util.HashMap::resize (356 bytes)
Event: 50.454 Thread 0x0000024aff1133b0 2325       3       java.util.Arrays::hashCode (56 bytes)
Event: 50.455 Thread 0x0000024aff1133b0 nmethod 2325 0x0000024a809ed590 code [0x0000024a809ed760, 0x0000024a809edae8]
Event: 50.458 Thread 0x0000024aff1133b0 2326       3       java.io.FileInputStream::read (8 bytes)
Event: 50.458 Thread 0x0000024aff1133b0 nmethod 2326 0x0000024a809edc90 code [0x0000024a809ede40, 0x0000024a809edfa8]
Event: 50.463 Thread 0x0000024aff1133b0 2329       3       java.lang.invoke.LambdaFormEditor$TransformKey::<init> (15 bytes)
Event: 50.463 Thread 0x0000024aff1133b0 nmethod 2329 0x0000024a809ee090 code [0x0000024a809ee240, 0x0000024a809ee418]
Event: 50.473 Thread 0x0000024affe2a3b0 nmethod 2314 0x0000024a87bbc410 code [0x0000024a87bbc5e0, 0x0000024a87bbd2b8]
Event: 50.473 Thread 0x0000024affe2a3b0 2328       4       java.lang.String::substring (58 bytes)
Event: 50.473 Thread 0x0000024aff1133b0 2330       3       java.lang.AbstractStringBuilder::append (33 bytes)
Event: 50.474 Thread 0x0000024aff1133b0 nmethod 2330 0x0000024a809ee510 code [0x0000024a809ee6e0, 0x0000024a809ee8c8]
Event: 50.474 Thread 0x0000024aff1133b0 2331       3       com.sun.javafx.font.FontFileReader$Buffer::getShort (52 bytes)
Event: 50.474 Thread 0x0000024aff1133b0 nmethod 2331 0x0000024a809eea10 code [0x0000024a809eebc0, 0x0000024a809eed58]
Event: 50.476 Thread 0x0000024aff1133b0 2333       3       com.sun.javafx.font.FontFileReader$Buffer::getInt (107 bytes)
Event: 50.477 Thread 0x0000024aff1133b0 nmethod 2333 0x0000024a809eee90 code [0x0000024a809ef040, 0x0000024a809ef238]
Event: 50.479 Thread 0x0000024affe2a3b0 nmethod 2328 0x0000024a87bbd590 code [0x0000024a87bbd740, 0x0000024a87bbdcc8]
Event: 50.479 Thread 0x0000024affe2a3b0 2332       4       sun.nio.cs.UnicodeDecoder::decode (24 bytes)
Event: 50.480 Thread 0x0000024affe2a3b0 nmethod 2332 0x0000024a87bbe010 code [0x0000024a87bbe1a0, 0x0000024a87bbe258]
Event: 50.480 Thread 0x0000024affe2a3b0 2302       4       java.lang.String::startsWith (7 bytes)
Event: 50.482 Thread 0x0000024aff1133b0 2336       2       java.lang.String::valueOf (15 bytes)

GC Heap History (6 events):
Event: 3.785 GC heap before
{Heap before GC invocations=0 (full 0):
 garbage-first heap   total 524288K, used 24576K [0x0000000601800000, 0x0000000800000000)
  region size 4096K, 6 young (24576K), 0 survivors (0K)
 Metaspace       used 12371K, committed 12608K, reserved 1064960K
  class space    used 1409K, committed 1536K, reserved 1048576K
}
Event: 3.789 GC heap after
{Heap after GC invocations=1 (full 0):
 garbage-first heap   total 524288K, used 4446K [0x0000000601800000, 0x0000000800000000)
  region size 4096K, 1 young (4096K), 1 survivors (4096K)
 Metaspace       used 12371K, committed 12608K, reserved 1064960K
  class space    used 1409K, committed 1536K, reserved 1048576K
}
Event: 5.509 GC heap before
{Heap before GC invocations=1 (full 0):
 garbage-first heap   total 524288K, used 24926K [0x0000000601800000, 0x0000000800000000)
  region size 4096K, 6 young (24576K), 1 survivors (4096K)
 Metaspace       used 13349K, committed 13504K, reserved 1064960K
  class space    used 1474K, committed 1536K, reserved 1048576K
}
Event: 5.514 GC heap after
{Heap after GC invocations=2 (full 0):
 garbage-first heap   total 524288K, used 9290K [0x0000000601800000, 0x0000000800000000)
  region size 4096K, 1 young (4096K), 1 survivors (4096K)
 Metaspace       used 13349K, committed 13504K, reserved 1064960K
  class space    used 1474K, committed 1536K, reserved 1048576K
}
Event: 5.579 GC heap before
{Heap before GC invocations=2 (full 0):
 garbage-first heap   total 524288K, used 50250K [0x0000000601800000, 0x0000000800000000)
  region size 4096K, 11 young (45056K), 1 survivors (4096K)
 Metaspace       used 13365K, committed 13504K, reserved 1064960K
  class space    used 1474K, committed 1536K, reserved 1048576K
}
Event: 5.586 GC heap after
{Heap after GC invocations=3 (full 0):
 garbage-first heap   total 524288K, used 22173K [0x0000000601800000, 0x0000000800000000)
  region size 4096K, 2 young (8192K), 2 survivors (8192K)
 Metaspace       used 13365K, committed 13504K, reserved 1064960K
  class space    used 1474K, committed 1536K, reserved 1048576K
}

Deoptimization events (20 events):
Event: 50.409 Thread 0x0000024aa89d1aa0 DEOPT PACKING pc=0x0000024a87bb1870 sp=0x000000e7d133ed90
Event: 50.409 Thread 0x0000024aa89d1aa0 DEOPT UNPACKING pc=0x0000024a8004d72e sp=0x000000e7d133ed18 mode 2
Event: 50.409 Thread 0x0000024aa89d1aa0 Uncommon trap: trap_request=0xffffff45 fr.pc=0x0000024a87af9134 relative=0x0000000000000294
Event: 50.409 Thread 0x0000024aa89d1aa0 Uncommon trap: reason=unstable_if action=reinterpret pc=0x0000024a87af9134 method=java.lang.String.startsWith(Ljava/lang/String;I)Z @ 50 c2
Event: 50.409 Thread 0x0000024aa89d1aa0 DEOPT PACKING pc=0x0000024a87af9134 sp=0x000000e7d133eeb0
Event: 50.409 Thread 0x0000024aa89d1aa0 DEOPT UNPACKING pc=0x0000024a8004d72e sp=0x000000e7d133ee20 mode 2
Event: 50.409 Thread 0x0000024aa89d1aa0 Uncommon trap: trap_request=0xffffff45 fr.pc=0x0000024a87b31d80 relative=0x00000000000001e0
Event: 50.409 Thread 0x0000024aa89d1aa0 Uncommon trap: reason=unstable_if action=reinterpret pc=0x0000024a87b31d80 method=java.lang.String.indexOf(II)I @ 4 c2
Event: 50.409 Thread 0x0000024aa89d1aa0 DEOPT PACKING pc=0x0000024a87b31d80 sp=0x000000e7d133edf0
Event: 50.409 Thread 0x0000024aa89d1aa0 DEOPT UNPACKING pc=0x0000024a8004d72e sp=0x000000e7d133edb0 mode 2
Event: 50.409 Thread 0x0000024aa89d1aa0 Uncommon trap: trap_request=0xffffff45 fr.pc=0x0000024a87b0bee0 relative=0x00000000000004a0
Event: 50.409 Thread 0x0000024aa89d1aa0 Uncommon trap: reason=unstable_if action=reinterpret pc=0x0000024a87b0bee0 method=java.lang.String.substring(II)Ljava/lang/String; @ 31 c2
Event: 50.409 Thread 0x0000024aa89d1aa0 DEOPT PACKING pc=0x0000024a87b0bee0 sp=0x000000e7d133ed90
Event: 50.409 Thread 0x0000024aa89d1aa0 DEOPT UNPACKING pc=0x0000024a8004d72e sp=0x000000e7d133ed90 mode 2
Event: 50.455 Thread 0x0000024aa89d4520 DEOPT PACKING pc=0x0000024a806855d4 sp=0x000000e7d233eee0
Event: 50.455 Thread 0x0000024aa89d4520 DEOPT UNPACKING pc=0x0000024a8004dece sp=0x000000e7d233e340 mode 1
Event: 50.480 Thread 0x0000024aa0ffd0c0 DEOPT PACKING pc=0x0000024a807ef58f sp=0x000000e7d0a8b800
Event: 50.480 Thread 0x0000024aa0ffd0c0 DEOPT UNPACKING pc=0x0000024a8004dece sp=0x000000e7d0a8ac98 mode 0
Event: 50.480 Thread 0x0000024aa0ffd0c0 DEOPT PACKING pc=0x0000024a807ef58f sp=0x000000e7d0a8b800
Event: 50.480 Thread 0x0000024aa0ffd0c0 DEOPT UNPACKING pc=0x0000024a8004dece sp=0x000000e7d0a8ac98 mode 0

Classes unloaded (0 events):
No events

Classes redefined (0 events):
No events

Internal exceptions (20 events):
Event: 0.638 Thread 0x0000024af1c2eda0 Exception <a 'java/lang/NoSuchMethodError'{0x0000000620f1c6b8}: 'java.lang.Object java.lang.invoke.DirectMethodHandle$Holder.invokeStatic(java.lang.Object, int, java.lang.Object, java.lang.Object, java.lang.Object, java.lang.Object)'> (0x0000000620f1c6b8) 
thrown [t:\workspace\open\src\hotspot\share\interpreter\linkResolver.cpp, line 790]
Event: 0.644 Thread 0x0000024af1c2eda0 Exception <a 'java/lang/NoSuchMethodError'{0x0000000620f427c0}: 'java.lang.Object java.lang.invoke.DirectMethodHandle$Holder.invokeStatic(java.lang.Object, int, java.lang.Object)'> (0x0000000620f427c0) 
thrown [t:\workspace\open\src\hotspot\share\interpreter\linkResolver.cpp, line 790]
Event: 0.680 Thread 0x0000024af1c2eda0 Exception <a 'java/lang/ClassNotFoundException'{0x0000000620817458}: com/sun/swing/internal/plaf/metal/resources/spi/metalProvider> (0x0000000620817458) 
thrown [t:\workspace\open\src\hotspot\share\classfile\systemDictionary.cpp, line 256]
Event: 0.681 Thread 0x0000024af1c2eda0 Exception <a 'java/lang/ClassNotFoundException'{0x000000062081b4c0}: com/sun/swing/internal/plaf/basic/resources/spi/basicProvider> (0x000000062081b4c0) 
thrown [t:\workspace\open\src\hotspot\share\classfile\systemDictionary.cpp, line 256]
Event: 0.707 Thread 0x0000024aa0ffd0c0 Exception <a 'java/lang/NoSuchMethodError'{0x00000006209f5620}: 'void java.lang.invoke.DirectMethodHandle$Holder.invokeStaticInit(java.lang.Object)'> (0x00000006209f5620) 
thrown [t:\workspace\open\src\hotspot\share\interpreter\linkResolver.cpp, line 790]
Event: 0.865 Thread 0x0000024aa0fcf090 Exception <a 'java/lang/NoSuchMethodError'{0x00000006211c9db0}: 'void java.lang.invoke.DirectMethodHandle$Holder.invokeVirtual(java.lang.Object, java.lang.Object)'> (0x00000006211c9db0) 
thrown [t:\workspace\open\src\hotspot\share\interpreter\linkResolver.cpp, line 790]
Event: 0.930 Thread 0x0000024af1c2eda0 Exception <a 'java/lang/NoSuchMethodError'{0x0000000620466940}: 'int java.lang.invoke.DirectMethodHandle$Holder.invokeStatic(java.lang.Object)'> (0x0000000620466940) 
thrown [t:\workspace\open\src\hotspot\share\interpreter\linkResolver.cpp, line 790]
Event: 5.459 Thread 0x0000024aa89d1aa0 Implicit null exception at 0x0000024a87b3d520 to 0x0000024a87b3d5f0
Event: 5.459 Thread 0x0000024aa89d1aa0 Implicit null exception at 0x0000024a87b3c507 to 0x0000024a87b3c5d8
Event: 5.680 Thread 0x0000024aa89d5510 Exception <a 'java/lang/NoSuchMethodError'{0x0000000621019650}: 'java.lang.Object java.lang.invoke.DirectMethodHandle$Holder.invokeStaticInit(java.lang.Object, java.lang.Object, java.lang.Object, java.lang.Object)'> (0x0000000621019650) 
thrown [t:\workspace\open\src\hotspot\share\interpreter\linkResolver.cpp, line 790]
Event: 8.630 Thread 0x0000024aa0ffd0c0 Exception <a 'java/lang/NullPointerException'{0x0000000621112178}> (0x0000000621112178) 
thrown [t:\workspace\open\src\hotspot\share\interpreter\linkResolver.cpp, line 1385]
Event: 11.489 Thread 0x0000024aa0ffd0c0 Exception <a 'java/lang/NoSuchMethodError'{0x000000062115dea8}: 'void java.lang.invoke.DirectMethodHandle$Holder.invokeSpecial(java.lang.Object, java.lang.Object, java.lang.Object, java.lang.Object, java.lang.Object)'> (0x000000062115dea8) 
thrown [t:\workspace\open\src\hotspot\share\interpreter\linkResolver.cpp, line 790]
Event: 13.935 Thread 0x0000024aa89d1aa0 Exception <a 'java/lang/NoSuchMethodError'{0x0000000620cd6c70}: 'java.lang.Object java.lang.invoke.DirectMethodHandle$Holder.invokeSpecial(java.lang.Object, java.lang.Object, long, java.lang.Object, int, int, int, int, java.lang.Object, java.lang.Object, java.lang.Object)'> (0x0000000620cd6c70) 
thrown [t:\workspace\open\src\hotspot\share\interpreter\linkResolver.cpp, line 790]
Event: 13.936 Thread 0x0000024aa89d1aa0 Exception <a 'java/lang/NoSuchMethodError'{0x0000000620cdb670}: 'java.lang.Object java.lang.invoke.DelegatingMethodHandle$Holder.reinvoke_L(java.lang.Object, long, java.lang.Object, int, int, int, int, java.lang.Object, java.lang.Object, java.lang.Object)'> (0x0000000620cdb670) 
thrown [t:\workspace\open\src\hotspot\share\interpreter\linkResolver.cpp, line 790]
Event: 13.985 Thread 0x0000024aa89d1aa0 Exception <a 'java/lang/NoSuchMethodError'{0x0000000620d4f650}: 'java.lang.Object java.lang.invoke.DirectMethodHandle$Holder.invokeSpecial(java.lang.Object, java.lang.Object, long, java.lang.Object, java.lang.Object, java.lang.Object, java.lang.Object, int, java.lang.Object, java.lang.Object, java.lang.Object)'> (0x0000000620d4f650) 
thrown [t:\workspace\open\src\hotspot\share\interpreter\linkResolver.cpp, line 790]
Event: 13.986 Thread 0x0000024aa89d1aa0 Exception <a 'java/lang/NoSuchMethodError'{0x0000000620d543b0}: 'java.lang.Object java.lang.invoke.DelegatingMethodHandle$Holder.reinvoke_L(java.lang.Object, long, java.lang.Object, java.lang.Object, java.lang.Object, java.lang.Object, int, java.lang.Object, java.lang.Object, java.lang.Object)'> (0x0000000620d543b0) 
thrown [t:\workspace\open\src\hotspot\share\interpreter\linkResolver.cpp, line 790]
Event: 14.042 Thread 0x0000024aa89d1aa0 Exception <a 'java/lang/NoSuchMethodError'{0x0000000620dddf28}: 'java.lang.Object java.lang.invoke.DirectMethodHandle$Holder.invokeSpecial(java.lang.Object, java.lang.Object, long, java.lang.Object, java.lang.Object, java.lang.Object, java.lang.Object, java.lang.Object, java.lang.Object, java.lang.Object)'> (0x0000000620dddf28) 
thrown [t:\workspace\open\src\hotspot\share\interpreter\linkResolver.cpp, line 790]
Event: 14.043 Thread 0x0000024aa89d1aa0 Exception <a 'java/lang/NoSuchMethodError'{0x0000000620de2c30}: 'java.lang.Object java.lang.invoke.DelegatingMethodHandle$Holder.reinvoke_L(java.lang.Object, long, java.lang.Object, java.lang.Object, java.lang.Object, java.lang.Object, java.lang.Object, java.lang.Object, java.lang.Object)'> (0x0000000620de2c30) 
thrown [t:\workspace\open\src\hotspot\share\interpreter\linkResolver.cpp, line 790]
Event: 14.053 Thread 0x0000024aa89d1aa0 Exception <a 'java/lang/NoSuchMethodError'{0x0000000620dfaf20}: 'java.lang.Object java.lang.invoke.DirectMethodHandle$Holder.invokeSpecial(java.lang.Object, java.lang.Object, java.lang.Object, java.lang.Object, java.lang.Object, java.lang.Object, java.lang.Object, java.lang.Object, java.lang.Object)'> (0x0000000620dfaf20) 
thrown [t:\workspace\open\src\hotspot\share\interpreter\linkResolver.cpp, line 790]
Event: 14.054 Thread 0x0000024aa89d1aa0 Exception <a 'java/lang/NoSuchMethodError'{0x0000000620dffb00}: 'java.lang.Object java.lang.invoke.Invokers$Holder.linkToTargetMethod(java.lang.Object, java.lang.Object, java.lang.Object, java.lang.Object, java.lang.Object, java.lang.Object, java.lang.Object, java.lang.Object)'> (0x0000000620dffb00) 
thrown [t:\workspace\open\src\hotspot\share\interpreter\linkResolver.cpp, line 790]

Events (20 events):
Event: 50.446 Thread 0x0000024aa89d4a70 Thread added: 0x0000024aa89d4a70
Event: 50.447 Thread 0x0000024aa89d2540 Thread added: 0x0000024aa89d2540
Event: 50.447 Thread 0x0000024aa89d4520 Thread added: 0x0000024aa89d4520
Event: 50.447 Thread 0x0000024aa89d74f0 Thread added: 0x0000024aa89d74f0
Event: 50.447 Thread 0x0000024aa89d3530 Thread added: 0x0000024aa89d3530
Event: 50.447 Thread 0x0000024aa89d74f0 Thread exited: 0x0000024aa89d74f0
Event: 50.451 Thread 0x0000024aa89d5fb0 Thread exited: 0x0000024aa89d5fb0
Event: 50.453 Thread 0x0000024aa89d2540 Thread exited: 0x0000024aa89d2540
Event: 50.455 Thread 0x0000024aa89d4520 Thread exited: 0x0000024aa89d4520
Event: 50.468 loading class sun/nio/cs/UTF_16BE$Decoder
Event: 50.468 loading class sun/nio/cs/UTF_16BE$Decoder done
Event: 50.469 Executing  VM operation: HandshakeAllThreads
Event: 50.469 Executing  VM operation: HandshakeAllThreads done
Event: 50.478 Thread 0x0000024aa8056fc0 Thread exited: 0x0000024aa8056fc0
Event: 50.481 loading class java/lang/Throwable$WrappedPrintStream
Event: 50.481 loading class java/lang/Throwable$PrintStreamOrWriter
Event: 50.481 loading class java/lang/Throwable$PrintStreamOrWriter done
Event: 50.481 loading class java/lang/Throwable$WrappedPrintStream done
Event: 50.481 loading class java/lang/StackTraceElement$HashedModules
Event: 50.481 loading class java/lang/StackTraceElement$HashedModules done


Dynamic libraries:
0x00007ff6cd040000 - 0x00007ff6cd050000 	C:\Program Files\Java\jdk-16\bin\java.exe
0x00007ff97c9f0000 - 0x00007ff97cbe5000 	C:\WINDOWS\SYSTEM32\ntdll.dll
0x00007ff97c710000 - 0x00007ff97c7cd000 	C:\WINDOWS\System32\KERNEL32.DLL
0x00007ff97a470000 - 0x00007ff97a738000 	C:\WINDOWS\System32\KERNELBASE.dll
0x00007ff97a740000 - 0x00007ff97a840000 	C:\WINDOWS\System32\ucrtbase.dll
0x00007ff9661e0000 - 0x00007ff9661f9000 	C:\Program Files\Java\jdk-16\bin\VCRUNTIME140.dll
0x00007ff969a80000 - 0x00007ff969a98000 	C:\Program Files\Java\jdk-16\bin\jli.dll
0x00007ff97c250000 - 0x00007ff97c2fc000 	C:\WINDOWS\System32\ADVAPI32.dll
0x00007ff97c140000 - 0x00007ff97c1de000 	C:\WINDOWS\System32\msvcrt.dll
0x00007ff97aef0000 - 0x00007ff97af8b000 	C:\WINDOWS\System32\sechost.dll
0x00007ff97c880000 - 0x00007ff97c9ab000 	C:\WINDOWS\System32\RPCRT4.dll
0x00007ff97ad50000 - 0x00007ff97aef0000 	C:\WINDOWS\System32\USER32.dll
0x00007ff97a390000 - 0x00007ff97a3b2000 	C:\WINDOWS\System32\win32u.dll
0x00007ff961710000 - 0x00007ff9619aa000 	C:\WINDOWS\WinSxS\amd64_microsoft.windows.common-controls_6595b64144ccf1df_6.0.19041.844_none_ca00b6081b84eb1d\COMCTL32.dll
0x00007ff97b4f0000 - 0x00007ff97b51a000 	C:\WINDOWS\System32\GDI32.dll
0x00007ff97a130000 - 0x00007ff97a23b000 	C:\WINDOWS\System32\gdi32full.dll
0x00007ff97a2c0000 - 0x00007ff97a35d000 	C:\WINDOWS\System32\msvcp_win.dll
0x00007ff96fb90000 - 0x00007ff96fb9a000 	C:\WINDOWS\SYSTEM32\VERSION.dll
0x00007ff97b520000 - 0x00007ff97b550000 	C:\WINDOWS\System32\IMM32.DLL
0x00007ff974600000 - 0x00007ff97460c000 	C:\Program Files\Java\jdk-16\bin\vcruntime140_1.dll
0x00007ff966140000 - 0x00007ff9661d1000 	C:\Program Files\Java\jdk-16\bin\msvcp140.dll
0x00007ff908630000 - 0x00007ff9091db000 	C:\Program Files\Java\jdk-16\bin\server\jvm.dll
0x00007ff97b9e0000 - 0x00007ff97b9e8000 	C:\WINDOWS\System32\PSAPI.DLL
0x00007ff96f4d0000 - 0x00007ff96f4d9000 	C:\WINDOWS\SYSTEM32\WSOCK32.dll
0x00007ff96f540000 - 0x00007ff96f567000 	C:\WINDOWS\SYSTEM32\WINMM.dll
0x00007ff97b960000 - 0x00007ff97b9cb000 	C:\WINDOWS\System32\WS2_32.dll
0x00007ff978070000 - 0x00007ff978082000 	C:\WINDOWS\SYSTEM32\kernel.appcore.dll
0x00007ff9744b0000 - 0x00007ff9744ba000 	C:\Program Files\Java\jdk-16\bin\jimage.dll
0x00007ff9778c0000 - 0x00007ff977aa4000 	C:\WINDOWS\SYSTEM32\DBGHELP.DLL
0x00007ff96cb00000 - 0x00007ff96cb2c000 	C:\WINDOWS\SYSTEM32\dbgcore.DLL
0x00007ff97a240000 - 0x00007ff97a2c0000 	C:\WINDOWS\System32\bcryptPrimitives.dll
0x00007ff94a630000 - 0x00007ff94a66b000 	C:\Program Files\Java\jdk-16\bin\jdwp.dll
0x00007ff94fc00000 - 0x00007ff94fc25000 	C:\Program Files\Java\jdk-16\bin\java.dll
0x00007ff97b9f0000 - 0x00007ff97c132000 	C:\WINDOWS\System32\SHELL32.dll
0x00007ff978230000 - 0x00007ff9789c1000 	C:\WINDOWS\SYSTEM32\windows.storage.dll
0x00007ff97b600000 - 0x00007ff97b955000 	C:\WINDOWS\System32\combase.dll
0x00007ff979ad0000 - 0x00007ff979afc000 	C:\WINDOWS\SYSTEM32\Wldp.dll
0x00007ff97c7d0000 - 0x00007ff97c87e000 	C:\WINDOWS\System32\SHCORE.dll
0x00007ff97c1f0000 - 0x00007ff97c245000 	C:\WINDOWS\System32\shlwapi.dll
0x00007ff97a070000 - 0x00007ff97a08f000 	C:\WINDOWS\SYSTEM32\profapi.dll
0x00007ff971c30000 - 0x00007ff971c3c000 	C:\Program Files\Java\jdk-16\bin\dt_socket.dll
0x00007ff979570000 - 0x00007ff9795ab000 	C:\WINDOWS\SYSTEM32\IPHLPAPI.DLL
0x00007ff9798b0000 - 0x00007ff97991a000 	C:\WINDOWS\system32\mswsock.dll
0x00007ff966120000 - 0x00007ff966139000 	C:\Program Files\Java\jdk-16\bin\net.dll
0x00007ff971870000 - 0x00007ff97197b000 	C:\WINDOWS\SYSTEM32\WINHTTP.dll
0x00007ff962a00000 - 0x00007ff962a13000 	C:\Program Files\Java\jdk-16\bin\nio.dll
0x00007ff9526c0000 - 0x00007ff9526d8000 	C:\Program Files\Java\jdk-16\bin\zip.dll
0x00007ff919fe0000 - 0x00007ff91a160000 	C:\Program Files\Java\jdk-16\bin\awt.dll
0x00007ff97ac80000 - 0x00007ff97ad4d000 	C:\WINDOWS\System32\OLEAUT32.dll
0x00007ff977560000 - 0x00007ff9775f0000 	C:\WINDOWS\SYSTEM32\apphelp.dll
0x00007ff977d30000 - 0x00007ff977d5f000 	C:\WINDOWS\system32\DWMAPI.DLL
0x00007ff977700000 - 0x00007ff97779e000 	C:\WINDOWS\system32\uxtheme.dll
0x00007ff961130000 - 0x00007ff961256000 	C:\WINDOWS\system32\opengl32.dll
0x00007ff961100000 - 0x00007ff96112c000 	C:\WINDOWS\SYSTEM32\GLU32.dll
0x00007ff97c360000 - 0x00007ff97c475000 	C:\WINDOWS\System32\MSCTF.dll
0x00007ff97aa70000 - 0x00007ff97ab9a000 	C:\WINDOWS\System32\ole32.dll
0x00007ff9441d0000 - 0x00007ff94439e000 	C:\WINDOWS\system32\d3d9.dll
0x00007ff979d20000 - 0x00007ff979d32000 	C:\WINDOWS\SYSTEM32\msasn1.dll
0x00007ff96fb50000 - 0x00007ff96fb81000 	C:\WINDOWS\SYSTEM32\cryptnet.dll
0x00007ff97a840000 - 0x00007ff97a99f000 	C:\WINDOWS\System32\CRYPT32.dll
0x00007ff979a30000 - 0x00007ff979a3c000 	C:\WINDOWS\SYSTEM32\cryptbase.dll
0x00007ff97a9a0000 - 0x00007ff97aa00000 	C:\WINDOWS\System32\WINTRUST.DLL
0x00007ff97aa50000 - 0x00007ff97aa6d000 	C:\WINDOWS\System32\imagehlp.dll
0x00007ff979b10000 - 0x00007ff979b28000 	C:\WINDOWS\SYSTEM32\CRYPTSP.dll
0x00007ff979200000 - 0x00007ff979234000 	C:\WINDOWS\system32\rsaenh.dll
0x00007ff97a360000 - 0x00007ff97a387000 	C:\WINDOWS\System32\bcrypt.dll
0x0000024aa1cc0000 - 0x0000024aa1cc3000 	C:\Users\Jackson Atkins\IdeaProjects\p2-beedrill\javafx-sdk-11.0.2\bin\api-ms-win-core-console-l1-1-0.dll
0x0000024aa1cf0000 - 0x0000024aa1cf3000 	C:\Users\Jackson Atkins\IdeaProjects\p2-beedrill\javafx-sdk-11.0.2\bin\api-ms-win-core-datetime-l1-1-0.dll
0x0000024aa1d00000 - 0x0000024aa1d03000 	C:\Users\Jackson Atkins\IdeaProjects\p2-beedrill\javafx-sdk-11.0.2\bin\api-ms-win-core-debug-l1-1-0.dll
0x0000024aa1d10000 - 0x0000024aa1d13000 	C:\Users\Jackson Atkins\IdeaProjects\p2-beedrill\javafx-sdk-11.0.2\bin\api-ms-win-core-errorhandling-l1-1-0.dll
0x0000024aa1d20000 - 0x0000024aa1d24000 	C:\Users\Jackson Atkins\IdeaProjects\p2-beedrill\javafx-sdk-11.0.2\bin\api-ms-win-core-file-l1-1-0.dll
0x0000024aa1d30000 - 0x0000024aa1d33000 	C:\Users\Jackson Atkins\IdeaProjects\p2-beedrill\javafx-sdk-11.0.2\bin\api-ms-win-core-file-l1-2-0.dll
0x0000024aa1d50000 - 0x0000024aa1d53000 	C:\Users\Jackson Atkins\IdeaProjects\p2-beedrill\javafx-sdk-11.0.2\bin\api-ms-win-core-file-l2-1-0.dll
0x0000024aa1d60000 - 0x0000024aa1d63000 	C:\Users\Jackson Atkins\IdeaProjects\p2-beedrill\javafx-sdk-11.0.2\bin\api-ms-win-core-handle-l1-1-0.dll
0x0000024aa1d70000 - 0x0000024aa1d73000 	C:\Users\Jackson Atkins\IdeaProjects\p2-beedrill\javafx-sdk-11.0.2\bin\api-ms-win-core-heap-l1-1-0.dll
0x0000024aa5d80000 - 0x0000024aa5d83000 	C:\Users\Jackson Atkins\IdeaProjects\p2-beedrill\javafx-sdk-11.0.2\bin\api-ms-win-core-interlocked-l1-1-0.dll
0x0000024aa5d90000 - 0x0000024aa5d93000 	C:\Users\Jackson Atkins\IdeaProjects\p2-beedrill\javafx-sdk-11.0.2\bin\api-ms-win-core-libraryloader-l1-1-0.dll
0x0000024aa5da0000 - 0x0000024aa5da3000 	C:\Users\Jackson Atkins\IdeaProjects\p2-beedrill\javafx-sdk-11.0.2\bin\api-ms-win-core-localization-l1-2-0.dll
0x0000024aa5db0000 - 0x0000024aa5db3000 	C:\Users\Jackson Atkins\IdeaProjects\p2-beedrill\javafx-sdk-11.0.2\bin\api-ms-win-core-memory-l1-1-0.dll
0x0000024aa5dc0000 - 0x0000024aa5dc3000 	C:\Users\Jackson Atkins\IdeaProjects\p2-beedrill\javafx-sdk-11.0.2\bin\api-ms-win-core-namedpipe-l1-1-0.dll
0x0000024aa5dd0000 - 0x0000024aa5dd3000 	C:\Users\Jackson Atkins\IdeaProjects\p2-beedrill\javafx-sdk-11.0.2\bin\api-ms-win-core-processenvironment-l1-1-0.dll
0x0000024aa5de0000 - 0x0000024aa5de3000 	C:\Users\Jackson Atkins\IdeaProjects\p2-beedrill\javafx-sdk-11.0.2\bin\api-ms-win-core-processthreads-l1-1-0.dll
0x0000024aa5df0000 - 0x0000024aa5df3000 	C:\Users\Jackson Atkins\IdeaProjects\p2-beedrill\javafx-sdk-11.0.2\bin\api-ms-win-core-processthreads-l1-1-1.dll
0x0000024aa5e00000 - 0x0000024aa5e03000 	C:\Users\Jackson Atkins\IdeaProjects\p2-beedrill\javafx-sdk-11.0.2\bin\api-ms-win-core-profile-l1-1-0.dll
0x0000024aa5e10000 - 0x0000024aa5e13000 	C:\Users\Jackson Atkins\IdeaProjects\p2-beedrill\javafx-sdk-11.0.2\bin\api-ms-win-core-rtlsupport-l1-1-0.dll
0x00007ff93af30000 - 0x00007ff93b1e9000 	C:\WINDOWS\system32\nvspcap64.dll
0x0000024aa5e20000 - 0x0000024aa5e23000 	C:\Users\Jackson Atkins\IdeaProjects\p2-beedrill\javafx-sdk-11.0.2\bin\api-ms-win-core-string-l1-1-0.dll
0x00007ff978e10000 - 0x00007ff978e43000 	C:\WINDOWS\SYSTEM32\ntmarta.dll
0x0000024aa5e30000 - 0x0000024aa5e33000 	C:\Users\Jackson Atkins\IdeaProjects\p2-beedrill\javafx-sdk-11.0.2\bin\api-ms-win-core-synch-l1-1-0.dll
0x0000024aa5e40000 - 0x0000024aa5e43000 	C:\Users\Jackson Atkins\IdeaProjects\p2-beedrill\javafx-sdk-11.0.2\bin\api-ms-win-core-synch-l1-2-0.dll
0x0000024aa5e50000 - 0x0000024aa5e53000 	C:\Users\Jackson Atkins\IdeaProjects\p2-beedrill\javafx-sdk-11.0.2\bin\api-ms-win-core-sysinfo-l1-1-0.dll
0x0000024aa7e80000 - 0x0000024aa7e83000 	C:\Users\Jackson Atkins\IdeaProjects\p2-beedrill\javafx-sdk-11.0.2\bin\api-ms-win-core-timezone-l1-1-0.dll
0x0000024aa7e90000 - 0x0000024aa7e93000 	C:\Users\Jackson Atkins\IdeaProjects\p2-beedrill\javafx-sdk-11.0.2\bin\api-ms-win-core-util-l1-1-0.dll
0x0000024aa7ea0000 - 0x0000024aa7ea3000 	C:\Users\Jackson Atkins\IdeaProjects\p2-beedrill\javafx-sdk-11.0.2\bin\api-ms-win-crt-conio-l1-1-0.dll
0x0000024aa7eb0000 - 0x0000024aa7eb4000 	C:\Users\Jackson Atkins\IdeaProjects\p2-beedrill\javafx-sdk-11.0.2\bin\api-ms-win-crt-convert-l1-1-0.dll
0x0000024aa7f70000 - 0x0000024aa7f73000 	C:\Users\Jackson Atkins\IdeaProjects\p2-beedrill\javafx-sdk-11.0.2\bin\api-ms-win-crt-environment-l1-1-0.dll
0x0000024aa7f80000 - 0x0000024aa7f83000 	C:\Users\Jackson Atkins\IdeaProjects\p2-beedrill\javafx-sdk-11.0.2\bin\api-ms-win-crt-filesystem-l1-1-0.dll
0x0000024aa7ec0000 - 0x0000024aa7ec3000 	C:\Users\Jackson Atkins\IdeaProjects\p2-beedrill\javafx-sdk-11.0.2\bin\api-ms-win-crt-heap-l1-1-0.dll
0x0000024aa7ed0000 - 0x0000024aa7ed3000 	C:\Users\Jackson Atkins\IdeaProjects\p2-beedrill\javafx-sdk-11.0.2\bin\api-ms-win-crt-locale-l1-1-0.dll
0x0000024aa7ee0000 - 0x0000024aa7ee5000 	C:\Users\Jackson Atkins\IdeaProjects\p2-beedrill\javafx-sdk-11.0.2\bin\api-ms-win-crt-math-l1-1-0.dll
0x0000024aa7ef0000 - 0x0000024aa7ef5000 	C:\Users\Jackson Atkins\IdeaProjects\p2-beedrill\javafx-sdk-11.0.2\bin\api-ms-win-crt-multibyte-l1-1-0.dll
0x0000024aa7f00000 - 0x0000024aa7f10000 	C:\Users\Jackson Atkins\IdeaProjects\p2-beedrill\javafx-sdk-11.0.2\bin\api-ms-win-crt-private-l1-1-0.dll
0x0000024aa7f10000 - 0x0000024aa7f13000 	C:\Users\Jackson Atkins\IdeaProjects\p2-beedrill\javafx-sdk-11.0.2\bin\api-ms-win-crt-process-l1-1-0.dll
0x0000024aa7f20000 - 0x0000024aa7f24000 	C:\Users\Jackson Atkins\IdeaProjects\p2-beedrill\javafx-sdk-11.0.2\bin\api-ms-win-crt-runtime-l1-1-0.dll
0x0000024aa7f30000 - 0x0000024aa7f34000 	C:\Users\Jackson Atkins\IdeaProjects\p2-beedrill\javafx-sdk-11.0.2\bin\api-ms-win-crt-stdio-l1-1-0.dll
0x0000024aa7f40000 - 0x0000024aa7f44000 	C:\Users\Jackson Atkins\IdeaProjects\p2-beedrill\javafx-sdk-11.0.2\bin\api-ms-win-crt-string-l1-1-0.dll
0x0000024aa7f50000 - 0x0000024aa7f53000 	C:\Users\Jackson Atkins\IdeaProjects\p2-beedrill\javafx-sdk-11.0.2\bin\api-ms-win-crt-time-l1-1-0.dll
0x0000024aa7f60000 - 0x0000024aa7f63000 	C:\Users\Jackson Atkins\IdeaProjects\p2-beedrill\javafx-sdk-11.0.2\bin\api-ms-win-crt-utility-l1-1-0.dll
0x00007ff93a400000 - 0x00007ff93a4fa000 	C:\Users\Jackson Atkins\IdeaProjects\p2-beedrill\javafx-sdk-11.0.2\bin\ucrtbase.dll
0x00007ff9789e0000 - 0x00007ff978a03000 	C:\WINDOWS\SYSTEM32\gpapi.dll
0x00007ff94a510000 - 0x00007ff94a526000 	C:\Users\Jackson Atkins\IdeaProjects\p2-beedrill\javafx-sdk-11.0.2\bin\vcruntime140.dll
0x00007ff9370a0000 - 0x00007ff937146000 	C:\Users\Jackson Atkins\IdeaProjects\p2-beedrill\javafx-sdk-11.0.2\bin\msvcp140.dll
0x00007ff949100000 - 0x00007ff949151000 	C:\Users\Jackson Atkins\IdeaProjects\p2-beedrill\javafx-sdk-11.0.2\bin\concrt140.dll
0x00007ff96fcd0000 - 0x00007ff96fd0b000 	C:\WINDOWS\SYSTEM32\dxcore.dll
0x00007ff97aa00000 - 0x00007ff97aa4e000 	C:\WINDOWS\System32\cfgmgr32.dll
0x00007ff93a3d0000 - 0x00007ff93a3f3000 	C:\Users\Jackson Atkins\IdeaProjects\p2-beedrill\javafx-sdk-11.0.2\bin\prism_d3d.dll
0x00007ff931fd0000 - 0x00007ff932015000 	C:\Users\Jackson Atkins\IdeaProjects\p2-beedrill\javafx-sdk-11.0.2\bin\glass.dll
0x00007ff97aba0000 - 0x00007ff97ac7a000 	C:\WINDOWS\System32\COMDLG32.dll
0x00007ff931ac0000 - 0x00007ff931b49000 	C:\Program Files\Java\jdk-16\bin\freetype.dll
0x00007ff91fe20000 - 0x00007ff91ff16000 	C:\Program Files\Java\jdk-16\bin\harfbuzz.dll
0x00007ff9490e0000 - 0x00007ff9490f2000 	C:\Program Files\Java\jdk-16\bin\fontmanager.dll
0x00007ff961fb0000 - 0x00007ff9620a9000 	C:\WINDOWS\SYSTEM32\textinputframework.dll
0x00007ff977330000 - 0x00007ff977422000 	C:\WINDOWS\System32\CoreMessaging.dll
0x00007ff976c50000 - 0x00007ff976fae000 	C:\WINDOWS\System32\CoreUIComponents.dll
0x00007ff975c70000 - 0x00007ff975dc4000 	C:\WINDOWS\SYSTEM32\wintypes.dll
0x00007ff97b550000 - 0x00007ff97b5f9000 	C:\WINDOWS\System32\clbcatq.dll
0x00007ff971c40000 - 0x00007ff971df4000 	C:\WINDOWS\SYSTEM32\WindowsCodecs.dll
0x00007ff952700000 - 0x00007ff95273e000 	C:\WINDOWS\system32\dataexchange.dll

dbghelp: loaded successfully - version: 4.0.5 - missing functions: none
symbol engine: initialized successfully - sym options: 0x614 - pdb path: .;C:\Program Files\Java\jdk-16\bin;C:\WINDOWS\SYSTEM32;C:\WINDOWS\WinSxS\amd64_microsoft.windows.common-controls_6595b64144ccf1df_6.0.19041.844_none_ca00b6081b84eb1d;C:\Program Files\Java\jdk-16\bin\server;C:\WINDOWS\System32\DriverStore\FileRepository\nvddi.inf_amd64_b94238950d70fdab;C:\Users\Jackson Atkins\IdeaProjects\p2-beedrill\javafx-sdk-11.0.2\bin

VM Arguments:
jvm_args: -agentlib:jdwp=transport=dt_socket,address=127.0.0.1:65392,suspend=y,server=n -Dfile.encoding=UTF-8 
java_command: chat.uMessage
java_class_path (initial): C:\Users\Jackson Atkins\IdeaProjects\p2-beedrill\bin;C:\Users\Jackson Atkins\IdeaProjects\p2-beedrill\Ab.jar;C:\Users\Jackson Atkins\IdeaProjects\p2-beedrill\chatter.jar;C:\Users\Jackson Atkins\IdeaProjects\p2-beedrill\jsoup-1.8.2.jar;C:\Users\Jackson Atkins\IdeaProjects\p2-beedrill\json-simple-1.1.1.jar;C:\Users\Jackson Atkins\IdeaProjects\p2-beedrill\testing.jar;C:\Users\Jackson Atkins\IdeaProjects\p2-beedrill\hamcrest-core-1.3.jar;C:\Users\Jackson Atkins\IdeaProjects\p2-beedrill\junit-4.12.jar;C:\Users\Jackson Atkins\IdeaProjects\p2-beedrill\javafx-sdk-11.0.2\lib\src.zip;C:\Users\Jackson Atkins\IdeaProjects\p2-beedrill\javafx-sdk-11.0.2\lib\javafx-swt.jar;C:\Users\Jackson Atkins\IdeaProjects\p2-beedrill\javafx-sdk-11.0.2\lib\javafx.web.jar;C:\Users\Jackson Atkins\IdeaProjects\p2-beedrill\javafx-sdk-11.0.2\lib\javafx.base.jar;C:\Users\Jackson Atkins\IdeaProjects\p2-beedrill\javafx-sdk-11.0.2\lib\javafx.fxml.jar;C:\Users\Jackson Atkins\IdeaProjects\p2-beedrill\javafx-sdk-11.0.2\lib\javafx.media.jar;C:\Users\Jackson Atkins\IdeaProjects\p2-beedrill\javafx-sdk-11.0.2\lib\javafx.swing.jar;C:\Users\Jackson Atkins\IdeaProjects\p2-beedrill\javafx-sdk-11.0.2\lib\javafx.controls.jar;C:\Users\Jackson Atkins\IdeaProjects\p2-beedrill\javafx-sdk-11.0.2\lib\javafx.graphics.jar;A:\IntelliJ IDEA 2020.3.3\lib\idea_rt.jar
Launcher Type: SUN_STANDARD

[Global flags]
     intx CICompilerCount                          = 4                                         {product} {ergonomic}
     uint ConcGCThreads                            = 2                                         {product} {ergonomic}
     uint G1ConcRefinementThreads                  = 8                                         {product} {ergonomic}
   size_t G1HeapRegionSize                         = 4194304                                   {product} {ergonomic}
    uintx GCDrainStackTargetSize                   = 64                                        {product} {ergonomic}
   size_t InitialHeapSize                          = 536870912                                 {product} {ergonomic}
   size_t MarkStackSize                            = 4194304                                   {product} {ergonomic}
   size_t MaxHeapSize                              = 8564768768                                {product} {ergonomic}
   size_t MaxNewSize                               = 5138022400                                {product} {ergonomic}
   size_t MinHeapDeltaBytes                        = 4194304                                   {product} {ergonomic}
   size_t MinHeapSize                              = 8388608                                   {product} {ergonomic}
    uintx NonNMethodCodeHeapSize                   = 5839372                                {pd product} {ergonomic}
    uintx NonProfiledCodeHeapSize                  = 122909434                              {pd product} {ergonomic}
    uintx ProfiledCodeHeapSize                     = 122909434                              {pd product} {ergonomic}
    uintx ReservedCodeCacheSize                    = 251658240                              {pd product} {ergonomic}
     bool SegmentedCodeCache                       = true                                      {product} {ergonomic}
   size_t SoftMaxHeapSize                          = 8564768768                             {manageable} {ergonomic}
     bool UseCompressedClassPointers               = true                           {product lp64_product} {ergonomic}
     bool UseCompressedOops                        = true                           {product lp64_product} {ergonomic}
     bool UseG1GC                                  = true                                      {product} {ergonomic}
     bool UseLargePagesIndividualAllocation        = false                                  {pd product} {ergonomic}

Logging:
Log output configuration:
 #0: stdout all=warning uptime,level,tags
 #1: stderr all=off uptime,level,tags

Environment Variables:
JAVA_HOME=C:\Program Files\Java\jdk-9.0.4
PATH=C:\Program Files\Common Files\Oracle\Java\javapath;A:\VMWARE\bin\;C:\Program Files (x86)\Common Files\Intel\Shared Libraries\redist\intel64\compiler;C:\Program Files\AdoptOpenJDK\jdk-13.0.2.8-hotspot\bin;C:\Program Files (x86)\Common Files\Oracle\Java\javapath;C:\ProgramData\Oracle\Java\javapath;C:\Program Files (x86)\Intel\iCLS Client\;C:\Program Files\Intel\iCLS Client\;C:\Windows\System32;C:\Windows;C:\Windows\System32\wbem;C:\Windows\System32\WindowsPowerShell\v1.0\;C:\Program Files (x86)\Intel\Intel(R) Management Engine Components\DAL;C:\Program Files\Intel\Intel(R) Management Engine Components\DAL;C:\Program Files (x86)\Intel\Intel(R) Management Engine Components\IPT;C:\Program Files\Intel\Intel(R) Management Engine Components\IPT;C:\Program Files (x86)\NVIDIA Corporation\PhysX\Common;C:\Windows\System32;C:\Windows;C:\Windows\System32\wbem;C:\Windows\System32\WindowsPowerShell\v1.0\;C:\Windows\System32\OpenSSH\;d:\iracing;C:\Program Files\NVIDIA Corporation\NVIDIA NvDLISR;C:\Windows\System32;C:\Windows;C:\Windows\System32\wbem;C:\Windows\System32\WindowsPowerShell\v1.0\;C:\Windows\System32\OpenSSH\;C:\Program Files\Intel\WiFi\bin\;C:\Program Files\Common Files\Intel\WirelessCommon\;C:\Program Files (x86)\GnuPG\bin;C:\Program Files (x86)\QuickTime\QTSystem\;C:\ProgramData\chocolatey\bin;C:\Program Files\nodejs\;C:\Program Files (x86)\Yarn\bin\;C:\Program Files\Git\cmd;C:\Program Files\Cryptowatch Desktop\;C:\Users\Jackson Atkins\AppData\Local\Programs\Python\Python36-32\Scripts\;C:\Users\Jackson Atkins\AppData\Local\Programs\Python\Python36-32\;%USERPROFILE%\AppData\Local\Microsoft\WindowsApps;;C:\Users\Jackson Atkins\AppData\Local\Programs\Microsoft VS Code\bin;C:\Users\Jackson Atkins\AppData\Roaming\npm;C:\Users\Jackson Atkins\AppData\Local\Yarn\bin;C:\Users\Jackson Atkins\AppData\Local\hyper\app-3.0.2\resources\bin
USERNAME=Jackson Atkins
OS=Windows_NT
PROCESSOR_IDENTIFIER=Intel64 Family 6 Model 94 Stepping 3, GenuineIntel



---------------  S Y S T E M  ---------------

OS:
 Windows 10 , 64 bit Build 19041 (10.0.19041.928)
OS uptime: 0 days 5:10 hours
Hyper-V role detected

CPU: total 8 (initial active 8) (4 cores per cpu, 2 threads per core) family 6 model 94 stepping 3 microcode 0xcc, cx8, cmov, fxsr, ht, mmx, 3dnowpref, sse, sse2, sse3, ssse3, sse4.1, sse4.2, popcnt, lzcnt, tsc, tscinvbit, avx, avx2, aes, erms, clmul, bmi1, bmi2, rtm, adx, fma, vzeroupper, clflush, clflushopt, hv

Memory: 4k page, system-wide physical 32670M (21329M free)
TotalPageFile size 34718M (AvailPageFile size 17922M)
current process WorkingSet (physical memory assigned to process): 245M, peak: 245M
current process commit charge ("private bytes"): 699M, peak: 699M

vm_info: Java HotSpot(TM) 64-Bit Server VM (16+36-2231) for windows-amd64 JRE (16+36-2231), built on Feb  8 2021 11:43:10 by "mach5one" with MS VC++ 16.7 (VS2019)

END.
